#
# A fatal error has been detected by the Java Runtime Environment:
#
#  EXCEPTION_ACCESS_VIOLATION (0xc0000005) at pc=0x00007ffff3bdbba6, pid=14104, tid=11164
#
# JRE version: Java(TM) SE Runtime Environment (12.0.1+12) (build 12.0.1+12)
# Java VM: Java HotSpot(TM) 64-Bit Server VM (12.0.1+12, mixed mode, sharing, tiered, compressed oops, g1 gc, windows-amd64)
# Problematic frame:
# V  [jvm.dll+0x6cbba6]
#
# No core dump will be written. Minidumps are not enabled by default on client versions of Windows
#
# If you would like to submit a bug report, please visit:
#   http://bugreport.java.com/bugreport/crash.jsp
#

---------------  S U M M A R Y ------------

Command Line: -Dcom.sun.management.jmxremote -Dcom.sun.management.jmxremote.port=54244 -Dcom.sun.management.jmxremote.authenticate=false -Dcom.sun.management.jmxremote.ssl=false -Djava.rmi.server.hostname=localhost -Dspring.jmx.enabled=true -Dspring.application.admin.enabled=true -Xverify:none -XX:TieredStopAtLevel=1 -Dspring.boot.project.name=Father_Son_Daughter -Dfile.encoding=UTF-8 com.example.demo.FatherSonDaughterApplication --spring.output.ansi.enabled=always

Host: Intel(R) Core(TM) i5-5200U CPU @ 2.20GHz, 4 cores, 5G,  Windows 10 , 64 bit Build 18362 (10.0.18362.329)
Time: Tue Dec 31 11:40:45 2019 India Standard Time elapsed time: 1 seconds (0d 0h 0m 1s)

---------------  T H R E A D  ---------------

Current thread (0x000002cb4f8eb800):  WatcherThread [stack: 0x000000dda9a00000,0x000000dda9b00000] [id=11164]

Stack: [0x000000dda9a00000,0x000000dda9b00000],  sp=0x000000dda9affbf0,  free space=1022k
Native frames: (J=compiled Java code, j=interpreted, Vv=VM code, C=native code)
V  [jvm.dll+0x6cbba6]
V  [jvm.dll+0x71b0dd]
V  [jvm.dll+0x74f809]
V  [jvm.dll+0x748648]
V  [jvm.dll+0x638566]
C  [ucrtbase.dll+0x20e72]
C  [KERNEL32.DLL+0x17bd4]
C  [ntdll.dll+0x6ced1]


siginfo: EXCEPTION_ACCESS_VIOLATION (0xc0000005), reading address 0x0000000c0000000b


Register to memory mapping:

RIP=0x00007ffff3bdbba6 jvm.dll
RAX=0x0000000c0000000b is an unknown value
RBX=0x0 is NULL
RCX=0x000002cb4f8e73e0 points into unknown readable memory: 28 d1 df f3 ff 7f 00 00
RDX=0x0000000000000032 is an unknown value
RSP=0x000000dda9affbf0 points into unknown readable memory: 00 b8 8e 4f cb 02 00 00
RBP=0x0000000000000002 is an unknown value
RSI=0x000002cb4f8b6a00 points into unknown readable memory: 0b 00 00 00 0c 00 00 00
RDI=0x0000000000000001 is an unknown value
R8 =0x0 is NULL
R9 =0x000002cb38ae0b80 is at begin+0 in a stub
StubRoutines::atomic_cmpxchg_long [0x000002cb38ae0b80, 0x000002cb38ae0b89[ (9 bytes)
R10=0x00000000546c6148 is an unknown value
R11=0x000003b277984c50 is an unknown value
R12=0x0 is NULL
R13=0x000002cb4f8eb800 points into unknown readable memory: 40 19 e0 f3 ff 7f 00 00
R14=0x0000000000000032 is an unknown value
R15=0x000002cb4f8f3410 points into unknown readable memory: 00 00 00 00 00 00 00 00


Registers:
RAX=0x0000000c0000000b, RBX=0x0000000000000000, RCX=0x000002cb4f8e73e0, RDX=0x0000000000000032
RSP=0x000000dda9affbf0, RBP=0x0000000000000002, RSI=0x000002cb4f8b6a00, RDI=0x0000000000000001
R8 =0x0000000000000000, R9 =0x000002cb38ae0b80, R10=0x00000000546c6148, R11=0x000003b277984c50
R12=0x0000000000000000, R13=0x000002cb4f8eb800, R14=0x0000000000000032, R15=0x000002cb4f8f3410
RIP=0x00007ffff3bdbba6, EFLAGS=0x0000000000010246

Top of Stack: (sp=0x000000dda9affbf0)
0x000000dda9affbf0:   000002cb4f8eb800 000002cb4f8eb800
0x000000dda9affc00:   0001c9333e47c9a8 00007ffff3b1dd79
0x000000dda9affc10:   00007ffff3fceae8 00007ffff3c2b0dd
0x000000dda9affc20:   000002cb2ef22ab0 000002cb2ef22ab0
0x000000dda9affc30:   000002cb2ef22ab0 431bde82d7b634db
0x000000dda9affc40:   000002cb4f8f3410 0001c9333e47c9a8
0x000000dda9affc50:   000002cb2ef22ab0 00007ffff3c5f809
0x000000dda9affc60:   0000000000000001 0000000000000032
0x000000dda9affc70:   0000000000000032 0000000000000002
0x000000dda9affc80:   0000000000000000 0000000000000000
0x000000dda9affc90:   0000000000000000 00007ffff38df47e
0x000000dda9affca0:   0000000000000000 0000000000000000
0x000000dda9affcb0:   0000000000000000 0000000000000000
0x000000dda9affcc0:   000002cb4f8eb800 0000000000000000
0x000000dda9affcd0:   0000000000100000 000000dda9affea0
0x000000dda9affce0:   000000dda9a00000 00007ffff3c58648 

Instructions: (pc=0x00007ffff3bdbba6)
0x00007ffff3bdbb86:   cc cc cc cc cc cc cc cc cc cc 48 89 5c 24 10 56
0x00007ffff3bdbb96:   48 83 ec 20 48 8b 35 df 0c 3e 00 33 db 48 8b 06
0x00007ffff3bdbba6:   39 18 7e 27 48 89 7c 24 30 8b fb 48 8b 40 18 48
0x00007ffff3bdbbb6:   8b 0c 07 48 8b 01 ff 50 08 48 8b 06 48 8d 7f 08 


Stack slot to memory mapping:
stack at sp + 0 slots: 0x000002cb4f8eb800 points into unknown readable memory: 40 19 e0 f3 ff 7f 00 00
stack at sp + 1 slots: 0x000002cb4f8eb800 points into unknown readable memory: 40 19 e0 f3 ff 7f 00 00
stack at sp + 2 slots: 0x0001c9333e47c9a8 is an unknown value
stack at sp + 3 slots: 0x00007ffff3b1dd79 jvm.dll
stack at sp + 4 slots: 0x00007ffff3fceae8 jvm.dll
stack at sp + 5 slots: 0x00007ffff3c2b0dd jvm.dll
stack at sp + 6 slots: 0x000002cb2ef22ab0 points into unknown readable memory: 01 00 00 00 00 00 00 00
stack at sp + 7 slots: 0x000002cb2ef22ab0 points into unknown readable memory: 01 00 00 00 00 00 00 00


---------------  P R O C E S S  ---------------

Threads class SMR info:
_java_thread_list=0x000002cb4f864470, length=12, elements={
0x000002cb2ef26800, 0x000002cb4df95000, 0x000002cb4df98800, 0x000002cb4dfb1800,
0x000002cb4dfb2800, 0x000002cb4dfb4800, 0x000002cb4dfe4800, 0x000002cb2efd7000,
0x000002cb4eaa5000, 0x000002cb4f870800, 0x000002cb4f3eb000, 0x000002cb4f8e8000
}

Java Threads: ( => current thread )
  0x000002cb2ef26800 JavaThread "main" [_thread_blocked, id=14064, stack(0x000000dda8600000,0x000000dda8700000)]
  0x000002cb4df95000 JavaThread "Reference Handler" daemon [_thread_blocked, id=5728, stack(0x000000dda8e00000,0x000000dda8f00000)]
  0x000002cb4df98800 JavaThread "Finalizer" daemon [_thread_blocked, id=14276, stack(0x000000dda8f00000,0x000000dda9000000)]
  0x000002cb4dfb1800 JavaThread "Signal Dispatcher" daemon [_thread_blocked, id=13328, stack(0x000000dda9000000,0x000000dda9100000)]
  0x000002cb4dfb2800 JavaThread "Attach Listener" daemon [_thread_blocked, id=3856, stack(0x000000dda9100000,0x000000dda9200000)]
  0x000002cb4dfb4800 JavaThread "C1 CompilerThread0" daemon [_thread_in_vm, id=3296, stack(0x000000dda9200000,0x000000dda9300000)]
  0x000002cb4dfe4800 JavaThread "Sweeper thread" daemon [_thread_blocked, id=14472, stack(0x000000dda9300000,0x000000dda9400000)]
  0x000002cb2efd7000 JavaThread "Common-Cleaner" daemon [_thread_blocked, id=192, stack(0x000000dda9400000,0x000000dda9500000)]
  0x000002cb4eaa5000 JavaThread "Service Thread" daemon [_thread_blocked, id=1368, stack(0x000000dda9500000,0x000000dda9600000)]
  0x000002cb4f870800 JavaThread "RMI TCP Accept-0" daemon [_thread_in_native, id=6984, stack(0x000000dda9700000,0x000000dda9800000)]
  0x000002cb4f3eb000 JavaThread "RMI TCP Accept-54244" daemon [_thread_blocked, id=14872, stack(0x000000dda9800000,0x000000dda9900000)]
  0x000002cb4f8e8000 JavaThread "RMI TCP Accept-0" daemon [_thread_in_native, id=13576, stack(0x000000dda9900000,0x000000dda9a00000)]

Other Threads:
  0x000002cb4df92000 VMThread "VM Thread" [stack: 0x000000dda8d00000,0x000000dda8e00000] [id=104]
=>0x000002cb4f8eb800 WatcherThread [stack: 0x000000dda9a00000,0x000000dda9b00000] [id=11164]
  0x000002cb2ef5c800 GCTaskThread "GC Thread#0" [stack: 0x000000dda8800000,0x000000dda8900000] [id=1148]
  0x000002cb4f3e8800 GCTaskThread "GC Thread#1" [stack: 0x000000dda9600000,0x000000dda9700000] [id=10168]
  0x000002cb2ef68000 ConcurrentGCThread "G1 Main Marker" [stack: 0x000000dda8900000,0x000000dda8a00000] [id=9248]
  0x000002cb2ef69800 ConcurrentGCThread "G1 Conc#0" [stack: 0x000000dda8a00000,0x000000dda8b00000] [id=9476]
  0x000002cb4de20800 ConcurrentGCThread "G1 Refine#0" [stack: 0x000000dda8b00000,0x000000dda8c00000] [id=3780]
  0x000002cb4de21800 ConcurrentGCThread "G1 Young RemSet Sampling" [stack: 0x000000dda8c00000,0x000000dda8d00000] [id=14624]

Threads with active compile tasks:
C1 CompilerThread0   968       1       java.util.WeakHashMap::put (162 bytes)

VM state:synchronizing (normal execution)

VM Mutex/Monitor currently owned by a thread:  ([mutex/lock_event])
[0x000002cb2ef23710] Threads_lock - owner thread: 0x000002cb4df92000
[0x000002cb2ef23f80] Compile_lock - owner thread: 0x000002cb2ef26800
[0x000002cb2ef22ab0] PeriodicTask_lock - owner thread: 0x000002cb4f8eb800

Heap address: 0x00000000a1200000, size: 1518 MB, Compressed Oops mode: 32-bit
Narrow klass base: 0x0000000800000000, Narrow klass shift: 3
Compressed class space size: 1073741824 Address: 0x00000008011a0000

Heap:
 garbage-first heap   total 98304K, used 21964K [0x00000000a1200000, 0x0000000100000000)
  region size 1024K, 6 young (6144K), 2 survivors (2048K)
 Metaspace       used 4592K, capacity 5435K, committed 5632K, reserved 1056768K
  class space    used 575K, capacity 654K, committed 768K, reserved 1048576K
Heap Regions: E=young(eden), S=young(survivor), O=old, HS=humongous(starts), HC=humongous(continues), CS=collection set, F=free, A=archive, TAMS=top-at-mark-start (previous, next)
|   0|0x00000000a1200000, 0x00000000a1300000, 0x00000000a1300000|100%|HS|  |TAMS 0x00000000a1200000, 0x00000000a1200000| Complete 
|   1|0x00000000a1300000, 0x00000000a1400000, 0x00000000a1400000|100%| O|  |TAMS 0x00000000a1300000, 0x00000000a1300000| Untracked 
|   2|0x00000000a1400000, 0x00000000a1500000, 0x00000000a1500000|100%| O|  |TAMS 0x00000000a1400000, 0x00000000a1400000| Untracked 
|   3|0x00000000a1500000, 0x00000000a1600000, 0x00000000a1600000|100%| O|  |TAMS 0x00000000a1500000, 0x00000000a1500000| Untracked 
|   4|0x00000000a1600000, 0x00000000a1700000, 0x00000000a1700000|100%| O|  |TAMS 0x00000000a1600000, 0x00000000a1600000| Untracked 
|   5|0x00000000a1700000, 0x00000000a1800000, 0x00000000a1800000|100%| O|  |TAMS 0x00000000a1700000, 0x00000000a1700000| Untracked 
|   6|0x00000000a1800000, 0x00000000a1900000, 0x00000000a1900000|100%| O|  |TAMS 0x00000000a1800000, 0x00000000a1800000| Untracked 
|   7|0x00000000a1900000, 0x00000000a1a00000, 0x00000000a1a00000|100%| O|  |TAMS 0x00000000a1900000, 0x00000000a1900000| Untracked 
|   8|0x00000000a1a00000, 0x00000000a1b00000, 0x00000000a1b00000|100%| O|  |TAMS 0x00000000a1a00000, 0x00000000a1a00000| Untracked 
|   9|0x00000000a1b00000, 0x00000000a1c00000, 0x00000000a1c00000|100%|HS|  |TAMS 0x00000000a1b00000, 0x00000000a1b00000| Complete 
|  10|0x00000000a1c00000, 0x00000000a1d00000, 0x00000000a1d00000|100%| O|  |TAMS 0x00000000a1c00000, 0x00000000a1c00000| Untracked 
|  11|0x00000000a1d00000, 0x00000000a1e00000, 0x00000000a1e00000|100%| O|  |TAMS 0x00000000a1d00000, 0x00000000a1d00000| Untracked 
|  12|0x00000000a1e00000, 0x00000000a1f00000, 0x00000000a1f00000|100%| O|  |TAMS 0x00000000a1e00000, 0x00000000a1e00000| Untracked 
|  13|0x00000000a1f00000, 0x00000000a2000000, 0x00000000a2000000|100%| O|  |TAMS 0x00000000a1f00000, 0x00000000a1f00000| Untracked 
|  14|0x00000000a2000000, 0x00000000a2100000, 0x00000000a2100000|100%| O|  |TAMS 0x00000000a2000000, 0x00000000a2000000| Untracked 
|  15|0x00000000a2100000, 0x00000000a2200000, 0x00000000a2200000|100%| O|  |TAMS 0x00000000a2100000, 0x00000000a2100000| Untracked 
|  16|0x00000000a2200000, 0x00000000a2273200, 0x00000000a2300000| 44%| O|  |TAMS 0x00000000a2200000, 0x00000000a2200000| Untracked 
|  17|0x00000000a2300000, 0x00000000a2300000, 0x00000000a2400000|  0%| F|  |TAMS 0x00000000a2300000, 0x00000000a2300000| Untracked 
|  18|0x00000000a2400000, 0x00000000a2400000, 0x00000000a2500000|  0%| F|  |TAMS 0x00000000a2400000, 0x00000000a2400000| Untracked 
|  19|0x00000000a2500000, 0x00000000a2500000, 0x00000000a2600000|  0%| F|  |TAMS 0x00000000a2500000, 0x00000000a2500000| Untracked 
|  20|0x00000000a2600000, 0x00000000a2600000, 0x00000000a2700000|  0%| F|  |TAMS 0x00000000a2600000, 0x00000000a2600000| Untracked 
|  21|0x00000000a2700000, 0x00000000a2700000, 0x00000000a2800000|  0%| F|  |TAMS 0x00000000a2700000, 0x00000000a2700000| Untracked 
|  22|0x00000000a2800000, 0x00000000a2800000, 0x00000000a2900000|  0%| F|  |TAMS 0x00000000a2800000, 0x00000000a2800000| Untracked 
|  23|0x00000000a2900000, 0x00000000a2900000, 0x00000000a2a00000|  0%| F|  |TAMS 0x00000000a2900000, 0x00000000a2900000| Untracked 
|  24|0x00000000a2a00000, 0x00000000a2a00000, 0x00000000a2b00000|  0%| F|  |TAMS 0x00000000a2a00000, 0x00000000a2a00000| Untracked 
|  25|0x00000000a2b00000, 0x00000000a2b00000, 0x00000000a2c00000|  0%| F|  |TAMS 0x00000000a2b00000, 0x00000000a2b00000| Untracked 
|  26|0x00000000a2c00000, 0x00000000a2c00000, 0x00000000a2d00000|  0%| F|  |TAMS 0x00000000a2c00000, 0x00000000a2c00000| Untracked 
|  27|0x00000000a2d00000, 0x00000000a2d00000, 0x00000000a2e00000|  0%| F|  |TAMS 0x00000000a2d00000, 0x00000000a2d00000| Untracked 
|  28|0x00000000a2e00000, 0x00000000a2e00000, 0x00000000a2f00000|  0%| F|  |TAMS 0x00000000a2e00000, 0x00000000a2e00000| Untracked 
|  29|0x00000000a2f00000, 0x00000000a2f00000, 0x00000000a3000000|  0%| F|  |TAMS 0x00000000a2f00000, 0x00000000a2f00000| Untracked 
|  30|0x00000000a3000000, 0x00000000a3000000, 0x00000000a3100000|  0%| F|  |TAMS 0x00000000a3000000, 0x00000000a3000000| Untracked 
|  31|0x00000000a3100000, 0x00000000a3100000, 0x00000000a3200000|  0%| F|  |TAMS 0x00000000a3100000, 0x00000000a3100000| Untracked 
|  32|0x00000000a3200000, 0x00000000a3200000, 0x00000000a3300000|  0%| F|  |TAMS 0x00000000a3200000, 0x00000000a3200000| Untracked 
|  33|0x00000000a3300000, 0x00000000a3300000, 0x00000000a3400000|  0%| F|  |TAMS 0x00000000a3300000, 0x00000000a3300000| Untracked 
|  34|0x00000000a3400000, 0x00000000a3400000, 0x00000000a3500000|  0%| F|  |TAMS 0x00000000a3400000, 0x00000000a3400000| Untracked 
|  35|0x00000000a3500000, 0x00000000a3500000, 0x00000000a3600000|  0%| F|  |TAMS 0x00000000a3500000, 0x00000000a3500000| Untracked 
|  36|0x00000000a3600000, 0x00000000a3600000, 0x00000000a3700000|  0%| F|  |TAMS 0x00000000a3600000, 0x00000000a3600000| Untracked 
|  37|0x00000000a3700000, 0x00000000a3700000, 0x00000000a3800000|  0%| F|  |TAMS 0x00000000a3700000, 0x00000000a3700000| Untracked 
|  38|0x00000000a3800000, 0x00000000a3800000, 0x00000000a3900000|  0%| F|  |TAMS 0x00000000a3800000, 0x00000000a3800000| Untracked 
|  39|0x00000000a3900000, 0x00000000a3900000, 0x00000000a3a00000|  0%| F|  |TAMS 0x00000000a3900000, 0x00000000a3900000| Untracked 
|  40|0x00000000a3a00000, 0x00000000a3a00000, 0x00000000a3b00000|  0%| F|  |TAMS 0x00000000a3a00000, 0x00000000a3a00000| Untracked 
|  41|0x00000000a3b00000, 0x00000000a3b00000, 0x00000000a3c00000|  0%| F|  |TAMS 0x00000000a3b00000, 0x00000000a3b00000| Untracked 
|  42|0x00000000a3c00000, 0x00000000a3c00000, 0x00000000a3d00000|  0%| F|  |TAMS 0x00000000a3c00000, 0x00000000a3c00000| Untracked 
|  43|0x00000000a3d00000, 0x00000000a3d00000, 0x00000000a3e00000|  0%| F|  |TAMS 0x00000000a3d00000, 0x00000000a3d00000| Untracked 
|  44|0x00000000a3e00000, 0x00000000a3e00000, 0x00000000a3f00000|  0%| F|  |TAMS 0x00000000a3e00000, 0x00000000a3e00000| Untracked 
|  45|0x00000000a3f00000, 0x00000000a3f00000, 0x00000000a4000000|  0%| F|  |TAMS 0x00000000a3f00000, 0x00000000a3f00000| Untracked 
|  46|0x00000000a4000000, 0x00000000a4000000, 0x00000000a4100000|  0%| F|  |TAMS 0x00000000a4000000, 0x00000000a4000000| Untracked 
|  47|0x00000000a4100000, 0x00000000a4100000, 0x00000000a4200000|  0%| F|  |TAMS 0x00000000a4100000, 0x00000000a4100000| Untracked 
|  48|0x00000000a4200000, 0x00000000a4200000, 0x00000000a4300000|  0%| F|  |TAMS 0x00000000a4200000, 0x00000000a4200000| Untracked 
|  49|0x00000000a4300000, 0x00000000a4300000, 0x00000000a4400000|  0%| F|  |TAMS 0x00000000a4300000, 0x00000000a4300000| Untracked 
|  50|0x00000000a4400000, 0x00000000a4400000, 0x00000000a4500000|  0%| F|  |TAMS 0x00000000a4400000, 0x00000000a4400000| Untracked 
|  51|0x00000000a4500000, 0x00000000a4500000, 0x00000000a4600000|  0%| F|  |TAMS 0x00000000a4500000, 0x00000000a4500000| Untracked 
|  52|0x00000000a4600000, 0x00000000a4600000, 0x00000000a4700000|  0%| F|  |TAMS 0x00000000a4600000, 0x00000000a4600000| Untracked 
|  53|0x00000000a4700000, 0x00000000a4700000, 0x00000000a4800000|  0%| F|  |TAMS 0x00000000a4700000, 0x00000000a4700000| Untracked 
|  54|0x00000000a4800000, 0x00000000a4800000, 0x00000000a4900000|  0%| F|  |TAMS 0x00000000a4800000, 0x00000000a4800000| Untracked 
|  55|0x00000000a4900000, 0x00000000a4900000, 0x00000000a4a00000|  0%| F|  |TAMS 0x00000000a4900000, 0x00000000a4900000| Untracked 
|  56|0x00000000a4a00000, 0x00000000a4a00000, 0x00000000a4b00000|  0%| F|  |TAMS 0x00000000a4a00000, 0x00000000a4a00000| Untracked 
|  57|0x00000000a4b00000, 0x00000000a4b00000, 0x00000000a4c00000|  0%| F|  |TAMS 0x00000000a4b00000, 0x00000000a4b00000| Untracked 
|  58|0x00000000a4c00000, 0x00000000a4c00000, 0x00000000a4d00000|  0%| F|  |TAMS 0x00000000a4c00000, 0x00000000a4c00000| Untracked 
|  59|0x00000000a4d00000, 0x00000000a4d00000, 0x00000000a4e00000|  0%| F|  |TAMS 0x00000000a4d00000, 0x00000000a4d00000| Untracked 
|  60|0x00000000a4e00000, 0x00000000a4e00000, 0x00000000a4f00000|  0%| F|  |TAMS 0x00000000a4e00000, 0x00000000a4e00000| Untracked 
|  61|0x00000000a4f00000, 0x00000000a4f00000, 0x00000000a5000000|  0%| F|  |TAMS 0x00000000a4f00000, 0x00000000a4f00000| Untracked 
|  62|0x00000000a5000000, 0x00000000a5000000, 0x00000000a5100000|  0%| F|  |TAMS 0x00000000a5000000, 0x00000000a5000000| Untracked 
|  63|0x00000000a5100000, 0x00000000a5100000, 0x00000000a5200000|  0%| F|  |TAMS 0x00000000a5100000, 0x00000000a5100000| Untracked 
|  64|0x00000000a5200000, 0x00000000a5200000, 0x00000000a5300000|  0%| F|  |TAMS 0x00000000a5200000, 0x00000000a5200000| Untracked 
|  65|0x00000000a5300000, 0x00000000a5300000, 0x00000000a5400000|  0%| F|  |TAMS 0x00000000a5300000, 0x00000000a5300000| Untracked 
|  66|0x00000000a5400000, 0x00000000a5400000, 0x00000000a5500000|  0%| F|  |TAMS 0x00000000a5400000, 0x00000000a5400000| Untracked 
|  67|0x00000000a5500000, 0x00000000a5500000, 0x00000000a5600000|  0%| F|  |TAMS 0x00000000a5500000, 0x00000000a5500000| Untracked 
|  68|0x00000000a5600000, 0x00000000a5600000, 0x00000000a5700000|  0%| F|  |TAMS 0x00000000a5600000, 0x00000000a5600000| Untracked 
|  69|0x00000000a5700000, 0x00000000a5700000, 0x00000000a5800000|  0%| F|  |TAMS 0x00000000a5700000, 0x00000000a5700000| Untracked 
|  70|0x00000000a5800000, 0x00000000a5800000, 0x00000000a5900000|  0%| F|  |TAMS 0x00000000a5800000, 0x00000000a5800000| Untracked 
|  71|0x00000000a5900000, 0x00000000a5900000, 0x00000000a5a00000|  0%| F|  |TAMS 0x00000000a5900000, 0x00000000a5900000| Untracked 
|  72|0x00000000a5a00000, 0x00000000a5a00000, 0x00000000a5b00000|  0%| F|  |TAMS 0x00000000a5a00000, 0x00000000a5a00000| Untracked 
|  73|0x00000000a5b00000, 0x00000000a5b00000, 0x00000000a5c00000|  0%| F|  |TAMS 0x00000000a5b00000, 0x00000000a5b00000| Untracked 
|  74|0x00000000a5c00000, 0x00000000a5c00000, 0x00000000a5d00000|  0%| F|  |TAMS 0x00000000a5c00000, 0x00000000a5c00000| Untracked 
|  75|0x00000000a5d00000, 0x00000000a5d00000, 0x00000000a5e00000|  0%| F|  |TAMS 0x00000000a5d00000, 0x00000000a5d00000| Untracked 
|  76|0x00000000a5e00000, 0x00000000a5e00000, 0x00000000a5f00000|  0%| F|  |TAMS 0x00000000a5e00000, 0x00000000a5e00000| Untracked 
|  77|0x00000000a5f00000, 0x00000000a5f00000, 0x00000000a6000000|  0%| F|  |TAMS 0x00000000a5f00000, 0x00000000a5f00000| Untracked 
|  78|0x00000000a6000000, 0x00000000a6000000, 0x00000000a6100000|  0%| F|  |TAMS 0x00000000a6000000, 0x00000000a6000000| Untracked 
|  79|0x00000000a6100000, 0x00000000a6100000, 0x00000000a6200000|  0%| F|  |TAMS 0x00000000a6100000, 0x00000000a6100000| Untracked 
|  80|0x00000000a6200000, 0x00000000a6200000, 0x00000000a6300000|  0%| F|  |TAMS 0x00000000a6200000, 0x00000000a6200000| Untracked 
|  81|0x00000000a6300000, 0x00000000a6300000, 0x00000000a6400000|  0%| F|  |TAMS 0x00000000a6300000, 0x00000000a6300000| Untracked 
|  82|0x00000000a6400000, 0x00000000a6400000, 0x00000000a6500000|  0%| F|  |TAMS 0x00000000a6400000, 0x00000000a6400000| Untracked 
|  83|0x00000000a6500000, 0x00000000a6500000, 0x00000000a6600000|  0%| F|  |TAMS 0x00000000a6500000, 0x00000000a6500000| Untracked 
|  84|0x00000000a6600000, 0x00000000a6600000, 0x00000000a6700000|  0%| F|  |TAMS 0x00000000a6600000, 0x00000000a6600000| Untracked 
|  85|0x00000000a6700000, 0x00000000a6800000, 0x00000000a6800000|100%| S|CS|TAMS 0x00000000a6700000, 0x00000000a6700000| Complete 
|  86|0x00000000a6800000, 0x00000000a6900000, 0x00000000a6900000|100%| S|CS|TAMS 0x00000000a6800000, 0x00000000a6800000| Complete 
|  87|0x00000000a6900000, 0x00000000a6900000, 0x00000000a6a00000|  0%| F|  |TAMS 0x00000000a6900000, 0x00000000a6900000| Untracked 
|  88|0x00000000a6a00000, 0x00000000a6a00000, 0x00000000a6b00000|  0%| F|  |TAMS 0x00000000a6a00000, 0x00000000a6a00000| Untracked 
|  89|0x00000000a6b00000, 0x00000000a6b00000, 0x00000000a6c00000|  0%| F|  |TAMS 0x00000000a6b00000, 0x00000000a6b00000| Untracked 
|  90|0x00000000a6c00000, 0x00000000a6c00000, 0x00000000a6d00000|  0%| F|  |TAMS 0x00000000a6c00000, 0x00000000a6c00000| Untracked 
|  91|0x00000000a6d00000, 0x00000000a6d00000, 0x00000000a6e00000|  0%| F|  |TAMS 0x00000000a6d00000, 0x00000000a6d00000| Untracked 
|  92|0x00000000a6e00000, 0x00000000a6e59058, 0x00000000a6f00000| 34%| E|  |TAMS 0x00000000a6e00000, 0x00000000a6e00000| Complete 
|  93|0x00000000a6f00000, 0x00000000a7000000, 0x00000000a7000000|100%| E|CS|TAMS 0x00000000a6f00000, 0x00000000a6f00000| Complete 
|  94|0x00000000a7000000, 0x00000000a7100000, 0x00000000a7100000|100%| E|CS|TAMS 0x00000000a7000000, 0x00000000a7000000| Complete 
|  95|0x00000000a7100000, 0x00000000a7200000, 0x00000000a7200000|100%| E|CS|TAMS 0x00000000a7100000, 0x00000000a7100000| Complete 

Card table byte_map: [0x000002cb48410000,0x000002cb48710000] _byte_map_base: 0x000002cb47f07000

Marking Bits (Prev, Next): (CMBitMap*) 0x000002cb2ef5e3c8, (CMBitMap*) 0x000002cb2ef5e408
 Prev Bits: [0x000002cb48a10000, 0x000002cb4a1c8000)
 Next Bits: [0x000002cb4a1d0000, 0x000002cb4b988000)

Polling page: 0x000002cb2efe0000

Metaspace:

Usage:
  Non-class:      4.67 MB capacity,     3.92 MB ( 84%) used,   745.98 KB ( 16%) free+waste,    18.31 KB ( <1%) overhead. 
      Class:    654.00 KB capacity,   575.73 KB ( 88%) used,    67.65 KB ( 10%) free+waste,    10.63 KB (  2%) overhead. 
       Both:      5.31 MB capacity,     4.48 MB ( 84%) used,   813.63 KB ( 15%) free+waste,    28.94 KB ( <1%) overhead. 

Virtual space:
  Non-class space:        8.00 MB reserved,       4.75 MB ( 59%) committed 
      Class space:        1.00 GB reserved,     768.00 KB ( <1%) committed 
             Both:        1.01 GB reserved,       5.50 MB ( <1%) committed 

Chunk freelists:
   Non-Class:  2.38 KB
       Class:  2.25 KB
        Both:  4.63 KB

CodeHeap 'non-profiled nmethods': size=238912Kb used=1340Kb max_used=1340Kb free=237571Kb
 bounds [0x000002cb39190000, 0x000002cb39400000, 0x000002cb47ae0000]
CodeHeap 'non-nmethods': size=6848Kb used=1119Kb max_used=1119Kb free=5728Kb
 bounds [0x000002cb38ae0000, 0x000002cb38d50000, 0x000002cb39190000]
 total_blobs=1405 nmethods=967 adapters=349
 compilation: enabled
              stopped_count=0, restarted_count=0
 full_count=0

Compilation events (10 events):
Event: 1.498 Thread 0x000002cb4dfb4800  956       1       java.lang.invoke.MemberName::isField (7 bytes)
Event: 1.498 Thread 0x000002cb4dfb4800 nmethod 956 0x000002cb392ddb90 code [0x000002cb392ddd40, 0x000002cb392dde98]
Event: 1.500 Thread 0x000002cb4dfb4800  964       1       java.lang.Module::allows (60 bytes)
Event: 1.501 Thread 0x000002cb4dfb4800 nmethod 964 0x000002cb392ddf10 code [0x000002cb392de100, 0x000002cb392de390]
Event: 1.506 Thread 0x000002cb4dfb4800  965       1       java.nio.charset.Charset::lookup (44 bytes)
Event: 1.507 Thread 0x000002cb4dfb4800 nmethod 965 0x000002cb392de490 code [0x000002cb392de680, 0x000002cb392de970]
Event: 1.509 Thread 0x000002cb4dfb4800  966       1       java.util.jar.Attributes$Name::hashCode (5 bytes)
Event: 1.509 Thread 0x000002cb4dfb4800 nmethod 966 0x000002cb392deb10 code [0x000002cb392decc0, 0x000002cb392dedf8]
Event: 1.511 Thread 0x000002cb4dfb4800  967       1       java.lang.ThreadLocal::get (38 bytes)
Event: 1.512 Thread 0x000002cb4dfb4800 nmethod 967 0x000002cb392dee90 code [0x000002cb392df060, 0x000002cb392df250]

GC Heap History (4 events):
Event: 0.719 GC heap before
{Heap before GC invocations=0 (full 0):
 garbage-first heap   total 98304K, used 14336K [0x00000000a1200000, 0x0000000100000000)
  region size 1024K, 14 young (14336K), 0 survivors (0K)
 Metaspace       used 461K, capacity 4518K, committed 4864K, reserved 1056768K
  class space    used 42K, capacity 399K, committed 512K, reserved 1048576K
}
Event: 0.729 GC heap after
{Heap after GC invocations=1 (full 0):
 garbage-first heap   total 98304K, used 11241K [0x00000000a1200000, 0x0000000100000000)
  region size 1024K, 2 young (2048K), 2 survivors (2048K)
 Metaspace       used 461K, capacity 4518K, committed 4864K, reserved 1056768K
  class space    used 42K, capacity 399K, committed 512K, reserved 1048576K
}
Event: 1.420 GC heap before
{Heap before GC invocations=1 (full 0):
 garbage-first heap   total 98304K, used 20457K [0x00000000a1200000, 0x0000000100000000)
  region size 1024K, 11 young (11264K), 2 survivors (2048K)
 Metaspace       used 3262K, capacity 4801K, committed 4864K, reserved 1056768K
  class space    used 417K, capacity 499K, committed 512K, reserved 1048576K
}
Event: 1.429 GC heap after
{Heap after GC invocations=2 (full 0):
 garbage-first heap   total 98304K, used 18892K [0x00000000a1200000, 0x0000000100000000)
  region size 1024K, 2 young (2048K), 2 survivors (2048K)
 Metaspace       used 3262K, capacity 4801K, committed 4864K, reserved 1056768K
  class space    used 417K, capacity 499K, committed 512K, reserved 1048576K
}

Deoptimization events (0 events):
No events

Classes redefined (0 events):
No events

Internal exceptions (8 events):
Event: 0.814 Thread 0x000002cb2ef26800 Exception <a 'java/lang/NoSuchMethodError'{0x00000000a6b38a30}: java.lang.invoke.DirectMethodHandle$Holder.invokeStaticInit(Ljava/lang/Object;Ljava/lang/Object;Ljava/lang/Object;)Ljava/lang/Object;> (0x00000000a6b38a30) thrown at [t:/workspace/open/src/ho
Event: 0.820 Thread 0x000002cb2ef26800 Exception <a 'java/lang/NoSuchMethodError'{0x00000000a6b52368}: java.lang.invoke.DirectMethodHandle$Holder.invokeInterface(Ljava/lang/Object;Ljava/lang/Object;)I> (0x00000000a6b52368) thrown at [t:/workspace/open/src/hotspot/share/interpreter/linkResolver
Event: 0.820 Thread 0x000002cb2ef26800 Exception <a 'java/lang/IncompatibleClassChangeError'{0x00000000a6b54e68}: Found class java.lang.Object, but interface was expected> (0x00000000a6b54e68) thrown at [t:/workspace/open/src/hotspot/share/interpreter/linkResolver.cpp, line 843]
Event: 1.017 Thread 0x000002cb2ef26800 Exception <a 'java/lang/NoSuchMethodError'{0x00000000a697bc28}: java.lang.invoke.DirectMethodHandle$Holder.invokeSpecialIFC(Ljava/lang/Object;Ljava/lang/Object;Ljava/lang/Object;)I> (0x00000000a697bc28) thrown at [t:/workspace/open/src/hotspot/share/inter
Event: 1.046 Thread 0x000002cb2ef26800 Exception <a 'java/lang/NoSuchMethodError'{0x00000000a69e1fe0}: java.lang.invoke.DirectMethodHandle$Holder.invokeStaticInit(Ljava/lang/Object;IIII)Ljava/lang/Object;> (0x00000000a69e1fe0) thrown at [t:/workspace/open/src/hotspot/share/interpreter/linkReso
Event: 1.434 Thread 0x000002cb2ef26800 Exception <a 'java/lang/NoSuchMethodError'{0x00000000a7120060}: java.lang.invoke.DirectMethodHandle$Holder.invokeStaticInit(Ljava/lang/Object;Ljava/lang/Object;IIII)Ljava/lang/Object;> (0x00000000a7120060) thrown at [t:/workspace/open/src/hotspot/share/in
Event: 1.448 Thread 0x000002cb2ef26800 Exception <a 'java/lang/ClassNotFoundException'{0x00000000a713b5e8}: javax/management/remote/rmi/RMIServerImpl_Skel> (0x00000000a713b5e8) thrown at [t:/workspace/open/src/hotspot/share/classfile/systemDictionary.cpp, line 235]
Event: 1.482 Thread 0x000002cb2ef26800 Exception <a 'java/lang/ClassNotFoundException'{0x00000000a71d3668}: jdk/internal/agent/resources/spi/agentProvider> (0x00000000a71d3668) thrown at [t:/workspace/open/src/hotspot/share/classfile/systemDictionary.cpp, line 235]

Events (10 events):
Event: 1.542 loading class org/apache/logging/log4j/util/PropertiesPropertySource
Event: 1.542 loading class org/apache/logging/log4j/util/PropertiesPropertySource done
Event: 1.543 loading class org/apache/logging/log4j/util/PropertySource
Event: 1.543 loading class org/apache/logging/log4j/util/PropertySource done
Event: 1.544 loading class org/apache/logging/log4j/util/LoaderUtil
Event: 1.544 loading class org/apache/logging/log4j/util/LoaderUtil done
Event: 1.545 loading class org/apache/logging/log4j/util/LoaderUtil$ThreadContextClassLoaderGetter
Event: 1.545 loading class org/apache/logging/log4j/util/LoaderUtil$ThreadContextClassLoaderGetter done
Event: 1.551 loading class org/apache/logging/log4j/util/PropertySource$Comparator
Event: 1.551 loading class org/apache/logging/log4j/util/PropertySource$Comparator done


Dynamic libraries:
0x00007ff71ff20000 - 0x00007ff71ff2f000 	C:\Program Files\Java\jdk-12.0.1\bin\javaw.exe
0x00007ff8454e0000 - 0x00007ff8456d0000 	C:\WINDOWS\SYSTEM32\ntdll.dll
0x00007ff844a60000 - 0x00007ff844b12000 	C:\WINDOWS\System32\KERNEL32.DLL
0x00007ff842dc0000 - 0x00007ff843063000 	C:\WINDOWS\System32\KERNELBASE.dll
0x00007ff843070000 - 0x00007ff84316a000 	C:\WINDOWS\System32\ucrtbase.dll
0x00007ff838190000 - 0x00007ff8381a8000 	C:\Program Files\Java\jdk-12.0.1\bin\jli.dll
0x00007ff844720000 - 0x00007ff8447c3000 	C:\WINDOWS\System32\ADVAPI32.dll
0x00007ff8436d0000 - 0x00007ff84376e000 	C:\WINDOWS\System32\msvcrt.dll
0x00007ff845400000 - 0x00007ff845497000 	C:\WINDOWS\System32\sechost.dll
0x00007ff8452e0000 - 0x00007ff845400000 	C:\WINDOWS\System32\RPCRT4.dll
0x00007ff838170000 - 0x00007ff838186000 	C:\Program Files\Java\jdk-12.0.1\bin\VCRUNTIME140.dll
0x00007ff844d60000 - 0x00007ff844ef4000 	C:\WINDOWS\System32\USER32.dll
0x00007ff843560000 - 0x00007ff843581000 	C:\WINDOWS\System32\win32u.dll
0x00007ff844bf0000 - 0x00007ff844c16000 	C:\WINDOWS\System32\GDI32.dll
0x00007ff8432a0000 - 0x00007ff843434000 	C:\WINDOWS\System32\gdi32full.dll
0x00007ff8431d0000 - 0x00007ff84326e000 	C:\WINDOWS\System32\msvcp_win.dll
0x00007ff839430000 - 0x00007ff8396b5000 	C:\WINDOWS\WinSxS\amd64_microsoft.windows.common-controls_6595b64144ccf1df_6.0.18362.535_none_e6c3b34713100821\COMCTL32.dll
0x00007ff844f00000 - 0x00007ff845236000 	C:\WINDOWS\System32\combase.dll
0x00007ff842470000 - 0x00007ff8424f0000 	C:\WINDOWS\System32\bcryptPrimitives.dll
0x00007ff8399b0000 - 0x00007ff8399ba000 	C:\WINDOWS\SYSTEM32\VERSION.dll
0x00007ff8452b0000 - 0x00007ff8452de000 	C:\WINDOWS\System32\IMM32.DLL
0x00007ff82a2c0000 - 0x00007ff82a36a000 	C:\Program Files\Java\jdk-12.0.1\bin\msvcp140.dll
0x00007ffff3510000 - 0x00007ffff4084000 	C:\Program Files\Java\jdk-12.0.1\bin\server\jvm.dll
0x00007ff843f50000 - 0x00007ff843f58000 	C:\WINDOWS\System32\PSAPI.DLL
0x00007ff840f10000 - 0x00007ff840f19000 	C:\WINDOWS\SYSTEM32\WSOCK32.dll
0x00007ff845240000 - 0x00007ff8452af000 	C:\WINDOWS\System32\WS2_32.dll
0x00007ff838e60000 - 0x00007ff838e84000 	C:\WINDOWS\SYSTEM32\WINMM.dll
0x00007ff838d20000 - 0x00007ff838d4d000 	C:\WINDOWS\SYSTEM32\winmmbase.dll
0x00007ff8434f0000 - 0x00007ff84353a000 	C:\WINDOWS\System32\cfgmgr32.dll
0x00007ff842430000 - 0x00007ff842441000 	C:\WINDOWS\System32\kernel.appcore.dll
0x00007ff82c860000 - 0x00007ff82c871000 	C:\Program Files\Java\jdk-12.0.1\bin\verify.dll
0x00007ff840c90000 - 0x00007ff840e84000 	C:\WINDOWS\SYSTEM32\DBGHELP.DLL
0x00007ff83a280000 - 0x00007ff83a2aa000 	C:\WINDOWS\SYSTEM32\dbgcore.DLL
0x00007ff82c830000 - 0x00007ff82c856000 	C:\Program Files\Java\jdk-12.0.1\bin\java.dll
0x00007ff82c810000 - 0x00007ff82c827000 	C:\Program Files\Java\jdk-12.0.1\bin\zip.dll
0x00007ff83d970000 - 0x00007ff83d97a000 	C:\Program Files\Java\jdk-12.0.1\bin\jimage.dll
0x00007ff844030000 - 0x00007ff844715000 	C:\WINDOWS\System32\SHELL32.dll
0x00007ff843e40000 - 0x00007ff843ee9000 	C:\WINDOWS\System32\shcore.dll
0x00007ff8424f0000 - 0x00007ff842c6f000 	C:\WINDOWS\System32\windows.storage.dll
0x00007ff842450000 - 0x00007ff84246f000 	C:\WINDOWS\System32\profapi.dll
0x00007ff8423e0000 - 0x00007ff84242a000 	C:\WINDOWS\System32\powrprof.dll
0x00007ff8423b0000 - 0x00007ff8423c0000 	C:\WINDOWS\System32\UMPDC.dll
0x00007ff843ef0000 - 0x00007ff843f42000 	C:\WINDOWS\System32\shlwapi.dll
0x00007ff843540000 - 0x00007ff843557000 	C:\WINDOWS\System32\cryptsp.dll
0x00007ff82c660000 - 0x00007ff82c679000 	C:\Program Files\Java\jdk-12.0.1\bin\net.dll
0x00007ff83ccf0000 - 0x00007ff83cde0000 	C:\WINDOWS\SYSTEM32\WINHTTP.dll
0x00007ff83a9f0000 - 0x00007ff83abc6000 	C:\WINDOWS\SYSTEM32\urlmon.dll
0x00007ff834100000 - 0x00007ff8343a6000 	C:\WINDOWS\SYSTEM32\iertutil.dll
0x00007ff841d90000 - 0x00007ff841d9c000 	C:\WINDOWS\SYSTEM32\CRYPTBASE.DLL
0x00007ff841bc0000 - 0x00007ff841c27000 	C:\WINDOWS\system32\mswsock.dll
0x00007ff82c370000 - 0x00007ff82c383000 	C:\Program Files\Java\jdk-12.0.1\bin\nio.dll
0x00007ff83d060000 - 0x00007ff83d069000 	C:\Program Files\Java\jdk-12.0.1\bin\management.dll
0x00007ff83b0f0000 - 0x00007ff83b0fc000 	C:\Program Files\Java\jdk-12.0.1\bin\management_ext.dll
0x00007ff83d0b0000 - 0x00007ff83d0c6000 	C:\WINDOWS\system32\napinsp.dll
0x00007ff837ee0000 - 0x00007ff837efa000 	C:\WINDOWS\system32\pnrpnsp.dll
0x00007ff841910000 - 0x00007ff8419da000 	C:\WINDOWS\SYSTEM32\DNSAPI.dll
0x00007ff844980000 - 0x00007ff844988000 	C:\WINDOWS\System32\NSI.dll
0x00007ff8418d0000 - 0x00007ff84190a000 	C:\WINDOWS\SYSTEM32\IPHLPAPI.DLL
0x00007ff83ba30000 - 0x00007ff83ba3e000 	C:\WINDOWS\System32\winrnr.dll
0x00007ff83ca60000 - 0x00007ff83ca7c000 	C:\WINDOWS\system32\NLAapi.dll
