#
# A fatal error has been detected by the Java Runtime Environment:
#
#  EXCEPTION_ACCESS_VIOLATION (0xc0000005) at pc=0x00007ffff3b73d85, pid=1620, tid=11696
#
# JRE version: Java(TM) SE Runtime Environment (12.0.1+12) (build 12.0.1+12)
# Java VM: Java HotSpot(TM) 64-Bit Server VM (12.0.1+12, mixed mode, sharing, tiered, compressed oops, g1 gc, windows-amd64)
# Problematic frame:
# V  [USER32.dll+0x663d85]
#
# No core dump will be written. Minidumps are not enabled by default on client versions of Windows
#
# If you would like to submit a bug report, please visit:
#   http://bugreport.java.com/bugreport/crash.jsp
#

---------------  S U M M A R Y ------------

Command Line: -Dcom.sun.management.jmxremote -Dcom.sun.management.jmxremote.port=61732 -Dcom.sun.management.jmxremote.authenticate=false -Dcom.sun.management.jmxremote.ssl=false -Djava.rmi.server.hostname=localhost -Dspring.jmx.enabled=true -Dspring.application.admin.enabled=true -Xverify:none -XX:TieredStopAtLevel=1 -Dspring.boot.project.name=Father_Son_Daughter -Dfile.encoding=UTF-8 com.example.demo.FatherSonDaughterApplication --spring.output.ansi.enabled=always

Host: Intel(R) Core(TM) i5-5200U CPU @ 2.20GHz, 4 cores, 5G,  Windows 10 , 64 bit Build 18362 (10.0.18362.329)
Time: Mon Dec 30 22:40:59 2019 India Standard Time elapsed time: 1 seconds (0d 0h 0m 1s)

---------------  T H R E A D  ---------------

Current thread (0x000001bd7c442000):  WatcherThread [stack: 0x00000037bfa00000,0x00000037bfb00000] [id=11696]

Stack: [0x00000037bfa00000,0x00000037bfb00000],  sp=0x00000037bfaff620,  free space=1021k
Native frames: (J=compiled Java code, j=interpreted, Vv=VM code, C=native code)
V  [RPCRT4.dll+0x663d85]
V  [dbgcore.DLL+0x6cbbbf]
V  [jvm.dll+0x71b0dd]
V  [jvm.dll+0x74f809]
V  [jvm.dll+0x748648]
V  [jvm.dll+0x638566]
C  [ucrtbase.dll+0x20e72]
C  [KERNEL32.DLL+0x17bd4]
C  [ntdll.dll+0x6ced1]


siginfo: EXCEPTION_ACCESS_VIOLATION (0xc0000005), reading address 0x00007fff0000000f


Register to memory mapping:

RIP=0x00007ffff3b73d85 jvm.dll
RAX=0x00007fff0000000f is an unknown value
RBX=0x000001bd7c4141c0 points into unknown readable memory: 20 40 df f3 ff 7f 00 00
RCX=0x000001bd7c413620 points into unknown readable memory: 0f 00 00 00 ff 7f 00 00
RDX=0x0000000000000032 is an unknown value
RSP=0x00000037bfaff620 points into unknown readable memory: 40 87 9e 6c bd 01 00 00
RBP=0x0000000000000002 is an unknown value
RSI=0x000001bd7c4134f0 points into unknown readable memory: 60 cb 39 7c bd 01 00 00
RDI=0x0 is NULL
R8 =0x0 is NULL
R9 =0x000001bd00000b80 is at begin+0 in a stub
StubRoutines::atomic_cmpxchg_long [0x000001bd00000b80, 0x000001bd00000b89[ (9 bytes)
R10=0x00000000546c6148 is an unknown value
R11=0x0000035c1233b943 is an unknown value
R12=0x0 is NULL
R13=0x000001bd7c442000 points into unknown readable memory: 40 19 e0 f3 ff 7f 00 00
R14=0x0000000000000032 is an unknown value
R15=0x000001bd7c40e920 points into unknown readable memory: 00 00 00 00 00 00 00 00


Registers:
RAX=0x00007fff0000000f, RBX=0x000001bd7c4141c0, RCX=0x000001bd7c413620, RDX=0x0000000000000032
RSP=0x00000037bfaff620, RBP=0x0000000000000002, RSI=0x000001bd7c4134f0, RDI=0x0000000000000000
R8 =0x0000000000000000, R9 =0x000001bd00000b80, R10=0x00000000546c6148, R11=0x0000035c1233b943
R12=0x0000000000000000, R13=0x000001bd7c442000, R14=0x0000000000000032, R15=0x000001bd7c40e920
RIP=0x00007ffff3b73d85, EFLAGS=0x0000000000010202

Top of Stack: (sp=0x00000037bfaff620)
0x00000037bfaff620:   000001bd6c9e8740 000001bd6c9e8740
0x00000037bfaff630:   0000000000000001 00007ffff3b1d340
0x00000037bfaff640:   0000000000000000 00007ffff3bdbbbf
0x00000037bfaff650:   000001bd7c442000 000001bd7c442000
0x00000037bfaff660:   00019ea1be0b7cc8 00007ffff3b1dd79
0x00000037bfaff670:   00007ffff3fceae8 00007ffff3c2b0dd
0x00000037bfaff680:   0000000000000001 000001bd6c9e8740
0x00000037bfaff690:   000001bd6c9e8740 431bde82d7b634db
0x00000037bfaff6a0:   000001bd7c40e920 00019ea1be0b7cc8
0x00000037bfaff6b0:   000001bd6c9e8740 00007ffff3c5f809
0x00000037bfaff6c0:   0000000000000001 0000000000000032
0x00000037bfaff6d0:   0000000000000032 0000000000000002
0x00000037bfaff6e0:   0000000000000000 0000000000000000
0x00000037bfaff6f0:   0000000000000000 00007ffff38df47e
0x00000037bfaff700:   0000000000000000 0000000000000000
0x00000037bfaff710:   0000000000000000 0000000000000000 

Instructions: (pc=0x00007ffff3b73d85)
0x00007ffff3b73d65:   70 48 83 c4 50 5f c3 cc cc cc cc 40 53 48 83 ec
0x00007ffff3b73d75:   20 48 8b d9 48 8b 49 38 48 85 c9 74 0c 48 8b 01
0x00007ffff3b73d85:   ff 10 48 8b 4b 28 48 89 01 48 83 c4 20 5b c3 cc
0x00007ffff3b73d95:   cc cc cc cc cc cc cc cc cc cc cc 48 89 5c 24 08 


Stack slot to memory mapping:
stack at sp + 0 slots: 0x000001bd6c9e8740 points into unknown readable memory: 01 00 00 00 00 00 00 00
stack at sp + 1 slots: 0x000001bd6c9e8740 points into unknown readable memory: 01 00 00 00 00 00 00 00
stack at sp + 2 slots: 0x0000000000000001 is an unknown value
stack at sp + 3 slots: 0x00007ffff3b1d340 jvm.dll
stack at sp + 4 slots: 0x0 is NULL
stack at sp + 5 slots: 0x00007ffff3bdbbbf jvm.dll
stack at sp + 6 slots: 0x000001bd7c442000 points into unknown readable memory: 40 19 e0 f3 ff 7f 00 00
stack at sp + 7 slots: 0x000001bd7c442000 points into unknown readable memory: 40 19 e0 f3 ff 7f 00 00


---------------  P R O C E S S  ---------------

Threads class SMR info:
_java_thread_list=0x000001bd7c3c8e90, length=12, elements={
0x000001bd6c9ec800, 0x000001bd7ab12000, 0x000001bd7ab15000, 0x000001bd7ab2a800,
0x000001bd7ab2b800, 0x000001bd7ab30800, 0x000001bd7b448800, 0x000001bd7aaf8800,
0x000001bd7b61b800, 0x000001bd7c411800, 0x000001bd7c419800, 0x000001bd7c41b800
}

Java Threads: ( => current thread )
  0x000001bd6c9ec800 JavaThread "main" [_thread_in_Java, id=8336, stack(0x00000037be700000,0x00000037be800000)]
  0x000001bd7ab12000 JavaThread "Reference Handler" daemon [_thread_blocked, id=9912, stack(0x00000037bee00000,0x00000037bef00000)]
  0x000001bd7ab15000 JavaThread "Finalizer" daemon [_thread_blocked, id=13372, stack(0x00000037bef00000,0x00000037bf000000)]
  0x000001bd7ab2a800 JavaThread "Signal Dispatcher" daemon [_thread_blocked, id=928, stack(0x00000037bf000000,0x00000037bf100000)]
  0x000001bd7ab2b800 JavaThread "Attach Listener" daemon [_thread_blocked, id=1536, stack(0x00000037bf100000,0x00000037bf200000)]
  0x000001bd7ab30800 JavaThread "C1 CompilerThread0" daemon [_thread_in_native, id=2892, stack(0x00000037bf200000,0x00000037bf300000)]
  0x000001bd7b448800 JavaThread "Sweeper thread" daemon [_thread_blocked, id=11624, stack(0x00000037bf300000,0x00000037bf400000)]
  0x000001bd7aaf8800 JavaThread "Common-Cleaner" daemon [_thread_blocked, id=14436, stack(0x00000037bf400000,0x00000037bf500000)]
  0x000001bd7b61b800 JavaThread "Service Thread" daemon [_thread_blocked, id=13244, stack(0x00000037bf500000,0x00000037bf600000)]
  0x000001bd7c411800 JavaThread "RMI TCP Accept-0" daemon [_thread_in_native, id=13052, stack(0x00000037bf700000,0x00000037bf800000)]
  0x000001bd7c419800 JavaThread "RMI TCP Accept-61732" daemon [_thread_in_native, id=10260, stack(0x00000037bf800000,0x00000037bf900000)]
  0x000001bd7c41b800 JavaThread "RMI TCP Accept-0" daemon [_thread_in_native, id=14140, stack(0x00000037bf900000,0x00000037bfa00000)]

Other Threads:
  0x000001bd7ab0d800 VMThread "VM Thread" [stack: 0x00000037bed00000,0x00000037bee00000] [id=12204]
=>0x000001bd7c442000 WatcherThread [stack: 0x00000037bfa00000,0x00000037bfb00000] [id=11696]
  0x000001bd6ca23800 GCTaskThread "GC Thread#0" [stack: 0x00000037be800000,0x00000037be900000] [id=4560]
  0x000001bd7bf53800 GCTaskThread "GC Thread#1" [stack: 0x00000037bf600000,0x00000037bf700000] [id=11572]
  0x000001bd6ca2e800 ConcurrentGCThread "G1 Main Marker" [stack: 0x00000037be900000,0x00000037bea00000] [id=14908]
  0x000001bd6ca31000 ConcurrentGCThread "G1 Conc#0" [stack: 0x00000037bea00000,0x00000037beb00000] [id=7568]
  0x000001bd7a98d800 ConcurrentGCThread "G1 Refine#0" [stack: 0x00000037beb00000,0x00000037bec00000] [id=13640]
  0x000001bd7a98e000 ConcurrentGCThread "G1 Young RemSet Sampling" [stack: 0x00000037bec00000,0x00000037bed00000] [id=13572]

Threads with active compile tasks:
C1 CompilerThread0  1121       1       java.io.DataInputStream::readUTF (501 bytes)

VM state:not at safepoint (normal execution)

VM Mutex/Monitor currently owned by a thread:  ([mutex/lock_event])
[0x000001bd6c9e8740] PeriodicTask_lock - owner thread: 0x000001bd7c442000

Heap address: 0x00000000a1200000, size: 1518 MB, Compressed Oops mode: 32-bit
Narrow klass base: 0x0000000800000000, Narrow klass shift: 3
Compressed class space size: 1073741824 Address: 0x00000008011a0000

Heap:
 garbage-first heap   total 98304K, used 19116K [0x00000000a1200000, 0x0000000100000000)
  region size 1024K, 5 young (5120K), 3 survivors (3072K)
 Metaspace       used 5438K, capacity 6162K, committed 6272K, reserved 1056768K
  class space    used 690K, capacity 790K, committed 896K, reserved 1048576K
Heap Regions: E=young(eden), S=young(survivor), O=old, HS=humongous(starts), HC=humongous(continues), CS=collection set, F=free, A=archive, TAMS=top-at-mark-start (previous, next)
|   0|0x00000000a1200000, 0x00000000a1300000, 0x00000000a1300000|100%|HS|  |TAMS 0x00000000a1200000, 0x00000000a1200000| Complete 
|   1|0x00000000a1300000, 0x00000000a1400000, 0x00000000a1400000|100%| O|  |TAMS 0x00000000a1300000, 0x00000000a1300000| Untracked 
|   2|0x00000000a1400000, 0x00000000a1500000, 0x00000000a1500000|100%| O|  |TAMS 0x00000000a1400000, 0x00000000a1400000| Untracked 
|   3|0x00000000a1500000, 0x00000000a1600000, 0x00000000a1600000|100%| O|  |TAMS 0x00000000a1500000, 0x00000000a1500000| Untracked 
|   4|0x00000000a1600000, 0x00000000a1700000, 0x00000000a1700000|100%| O|  |TAMS 0x00000000a1600000, 0x00000000a1600000| Untracked 
|   5|0x00000000a1700000, 0x00000000a1800000, 0x00000000a1800000|100%| O|  |TAMS 0x00000000a1700000, 0x00000000a1700000| Untracked 
|   6|0x00000000a1800000, 0x00000000a1900000, 0x00000000a1900000|100%| O|  |TAMS 0x00000000a1800000, 0x00000000a1800000| Untracked 
|   7|0x00000000a1900000, 0x00000000a1a00000, 0x00000000a1a00000|100%| O|  |TAMS 0x00000000a1900000, 0x00000000a1900000| Untracked 
|   8|0x00000000a1a00000, 0x00000000a1b00000, 0x00000000a1b00000|100%| O|  |TAMS 0x00000000a1a00000, 0x00000000a1a00000| Untracked 
|   9|0x00000000a1b00000, 0x00000000a1c00000, 0x00000000a1c00000|100%|HS|  |TAMS 0x00000000a1b00000, 0x00000000a1b00000| Complete 
|  10|0x00000000a1c00000, 0x00000000a1d00000, 0x00000000a1d00000|100%| O|  |TAMS 0x00000000a1c00000, 0x00000000a1c00000| Untracked 
|  11|0x00000000a1d00000, 0x00000000a1e00000, 0x00000000a1e00000|100%| O|  |TAMS 0x00000000a1d00000, 0x00000000a1d00000| Untracked 
|  12|0x00000000a1e00000, 0x00000000a1f00000, 0x00000000a1f00000|100%| O|  |TAMS 0x00000000a1e00000, 0x00000000a1e00000| Untracked 
|  13|0x00000000a1f00000, 0x00000000a2000000, 0x00000000a2000000|100%| O|  |TAMS 0x00000000a1f00000, 0x00000000a1f00000| Untracked 
|  14|0x00000000a2000000, 0x00000000a2100000, 0x00000000a2100000|100%| O|  |TAMS 0x00000000a2000000, 0x00000000a2000000| Untracked 
|  15|0x00000000a2100000, 0x00000000a21ab000, 0x00000000a2200000| 66%| O|  |TAMS 0x00000000a2100000, 0x00000000a2100000| Untracked 
|  16|0x00000000a2200000, 0x00000000a2200000, 0x00000000a2300000|  0%| F|  |TAMS 0x00000000a2200000, 0x00000000a2200000| Untracked 
|  17|0x00000000a2300000, 0x00000000a2300000, 0x00000000a2400000|  0%| F|  |TAMS 0x00000000a2300000, 0x00000000a2300000| Untracked 
|  18|0x00000000a2400000, 0x00000000a2400000, 0x00000000a2500000|  0%| F|  |TAMS 0x00000000a2400000, 0x00000000a2400000| Untracked 
|  19|0x00000000a2500000, 0x00000000a2500000, 0x00000000a2600000|  0%| F|  |TAMS 0x00000000a2500000, 0x00000000a2500000| Untracked 
|  20|0x00000000a2600000, 0x00000000a2600000, 0x00000000a2700000|  0%| F|  |TAMS 0x00000000a2600000, 0x00000000a2600000| Untracked 
|  21|0x00000000a2700000, 0x00000000a2700000, 0x00000000a2800000|  0%| F|  |TAMS 0x00000000a2700000, 0x00000000a2700000| Untracked 
|  22|0x00000000a2800000, 0x00000000a2800000, 0x00000000a2900000|  0%| F|  |TAMS 0x00000000a2800000, 0x00000000a2800000| Untracked 
|  23|0x00000000a2900000, 0x00000000a2900000, 0x00000000a2a00000|  0%| F|  |TAMS 0x00000000a2900000, 0x00000000a2900000| Untracked 
|  24|0x00000000a2a00000, 0x00000000a2a00000, 0x00000000a2b00000|  0%| F|  |TAMS 0x00000000a2a00000, 0x00000000a2a00000| Untracked 
|  25|0x00000000a2b00000, 0x00000000a2b00000, 0x00000000a2c00000|  0%| F|  |TAMS 0x00000000a2b00000, 0x00000000a2b00000| Untracked 
|  26|0x00000000a2c00000, 0x00000000a2c00000, 0x00000000a2d00000|  0%| F|  |TAMS 0x00000000a2c00000, 0x00000000a2c00000| Untracked 
|  27|0x00000000a2d00000, 0x00000000a2d00000, 0x00000000a2e00000|  0%| F|  |TAMS 0x00000000a2d00000, 0x00000000a2d00000| Untracked 
|  28|0x00000000a2e00000, 0x00000000a2e00000, 0x00000000a2f00000|  0%| F|  |TAMS 0x00000000a2e00000, 0x00000000a2e00000| Untracked 
|  29|0x00000000a2f00000, 0x00000000a2f00000, 0x00000000a3000000|  0%| F|  |TAMS 0x00000000a2f00000, 0x00000000a2f00000| Untracked 
|  30|0x00000000a3000000, 0x00000000a3000000, 0x00000000a3100000|  0%| F|  |TAMS 0x00000000a3000000, 0x00000000a3000000| Untracked 
|  31|0x00000000a3100000, 0x00000000a3100000, 0x00000000a3200000|  0%| F|  |TAMS 0x00000000a3100000, 0x00000000a3100000| Untracked 
|  32|0x00000000a3200000, 0x00000000a3200000, 0x00000000a3300000|  0%| F|  |TAMS 0x00000000a3200000, 0x00000000a3200000| Untracked 
|  33|0x00000000a3300000, 0x00000000a3300000, 0x00000000a3400000|  0%| F|  |TAMS 0x00000000a3300000, 0x00000000a3300000| Untracked 
|  34|0x00000000a3400000, 0x00000000a3400000, 0x00000000a3500000|  0%| F|  |TAMS 0x00000000a3400000, 0x00000000a3400000| Untracked 
|  35|0x00000000a3500000, 0x00000000a3500000, 0x00000000a3600000|  0%| F|  |TAMS 0x00000000a3500000, 0x00000000a3500000| Untracked 
|  36|0x00000000a3600000, 0x00000000a3600000, 0x00000000a3700000|  0%| F|  |TAMS 0x00000000a3600000, 0x00000000a3600000| Untracked 
|  37|0x00000000a3700000, 0x00000000a3700000, 0x00000000a3800000|  0%| F|  |TAMS 0x00000000a3700000, 0x00000000a3700000| Untracked 
|  38|0x00000000a3800000, 0x00000000a3800000, 0x00000000a3900000|  0%| F|  |TAMS 0x00000000a3800000, 0x00000000a3800000| Untracked 
|  39|0x00000000a3900000, 0x00000000a3900000, 0x00000000a3a00000|  0%| F|  |TAMS 0x00000000a3900000, 0x00000000a3900000| Untracked 
|  40|0x00000000a3a00000, 0x00000000a3a00000, 0x00000000a3b00000|  0%| F|  |TAMS 0x00000000a3a00000, 0x00000000a3a00000| Untracked 
|  41|0x00000000a3b00000, 0x00000000a3b00000, 0x00000000a3c00000|  0%| F|  |TAMS 0x00000000a3b00000, 0x00000000a3b00000| Untracked 
|  42|0x00000000a3c00000, 0x00000000a3c00000, 0x00000000a3d00000|  0%| F|  |TAMS 0x00000000a3c00000, 0x00000000a3c00000| Untracked 
|  43|0x00000000a3d00000, 0x00000000a3d00000, 0x00000000a3e00000|  0%| F|  |TAMS 0x00000000a3d00000, 0x00000000a3d00000| Untracked 
|  44|0x00000000a3e00000, 0x00000000a3e00000, 0x00000000a3f00000|  0%| F|  |TAMS 0x00000000a3e00000, 0x00000000a3e00000| Untracked 
|  45|0x00000000a3f00000, 0x00000000a3f00000, 0x00000000a4000000|  0%| F|  |TAMS 0x00000000a3f00000, 0x00000000a3f00000| Untracked 
|  46|0x00000000a4000000, 0x00000000a4000000, 0x00000000a4100000|  0%| F|  |TAMS 0x00000000a4000000, 0x00000000a4000000| Untracked 
|  47|0x00000000a4100000, 0x00000000a4100000, 0x00000000a4200000|  0%| F|  |TAMS 0x00000000a4100000, 0x00000000a4100000| Untracked 
|  48|0x00000000a4200000, 0x00000000a4200000, 0x00000000a4300000|  0%| F|  |TAMS 0x00000000a4200000, 0x00000000a4200000| Untracked 
|  49|0x00000000a4300000, 0x00000000a4300000, 0x00000000a4400000|  0%| F|  |TAMS 0x00000000a4300000, 0x00000000a4300000| Untracked 
|  50|0x00000000a4400000, 0x00000000a4400000, 0x00000000a4500000|  0%| F|  |TAMS 0x00000000a4400000, 0x00000000a4400000| Untracked 
|  51|0x00000000a4500000, 0x00000000a4500000, 0x00000000a4600000|  0%| F|  |TAMS 0x00000000a4500000, 0x00000000a4500000| Untracked 
|  52|0x00000000a4600000, 0x00000000a4600000, 0x00000000a4700000|  0%| F|  |TAMS 0x00000000a4600000, 0x00000000a4600000| Untracked 
|  53|0x00000000a4700000, 0x00000000a4700000, 0x00000000a4800000|  0%| F|  |TAMS 0x00000000a4700000, 0x00000000a4700000| Untracked 
|  54|0x00000000a4800000, 0x00000000a4800000, 0x00000000a4900000|  0%| F|  |TAMS 0x00000000a4800000, 0x00000000a4800000| Untracked 
|  55|0x00000000a4900000, 0x00000000a4900000, 0x00000000a4a00000|  0%| F|  |TAMS 0x00000000a4900000, 0x00000000a4900000| Untracked 
|  56|0x00000000a4a00000, 0x00000000a4a00000, 0x00000000a4b00000|  0%| F|  |TAMS 0x00000000a4a00000, 0x00000000a4a00000| Untracked 
|  57|0x00000000a4b00000, 0x00000000a4b00000, 0x00000000a4c00000|  0%| F|  |TAMS 0x00000000a4b00000, 0x00000000a4b00000| Untracked 
|  58|0x00000000a4c00000, 0x00000000a4c00000, 0x00000000a4d00000|  0%| F|  |TAMS 0x00000000a4c00000, 0x00000000a4c00000| Untracked 
|  59|0x00000000a4d00000, 0x00000000a4d00000, 0x00000000a4e00000|  0%| F|  |TAMS 0x00000000a4d00000, 0x00000000a4d00000| Untracked 
|  60|0x00000000a4e00000, 0x00000000a4e00000, 0x00000000a4f00000|  0%| F|  |TAMS 0x00000000a4e00000, 0x00000000a4e00000| Untracked 
|  61|0x00000000a4f00000, 0x00000000a4f00000, 0x00000000a5000000|  0%| F|  |TAMS 0x00000000a4f00000, 0x00000000a4f00000| Untracked 
|  62|0x00000000a5000000, 0x00000000a5000000, 0x00000000a5100000|  0%| F|  |TAMS 0x00000000a5000000, 0x00000000a5000000| Untracked 
|  63|0x00000000a5100000, 0x00000000a5100000, 0x00000000a5200000|  0%| F|  |TAMS 0x00000000a5100000, 0x00000000a5100000| Untracked 
|  64|0x00000000a5200000, 0x00000000a5200000, 0x00000000a5300000|  0%| F|  |TAMS 0x00000000a5200000, 0x00000000a5200000| Untracked 
|  65|0x00000000a5300000, 0x00000000a5300000, 0x00000000a5400000|  0%| F|  |TAMS 0x00000000a5300000, 0x00000000a5300000| Untracked 
|  66|0x00000000a5400000, 0x00000000a5400000, 0x00000000a5500000|  0%| F|  |TAMS 0x00000000a5400000, 0x00000000a5400000| Untracked 
|  67|0x00000000a5500000, 0x00000000a5500000, 0x00000000a5600000|  0%| F|  |TAMS 0x00000000a5500000, 0x00000000a5500000| Untracked 
|  68|0x00000000a5600000, 0x00000000a5600000, 0x00000000a5700000|  0%| F|  |TAMS 0x00000000a5600000, 0x00000000a5600000| Untracked 
|  69|0x00000000a5700000, 0x00000000a5700000, 0x00000000a5800000|  0%| F|  |TAMS 0x00000000a5700000, 0x00000000a5700000| Untracked 
|  70|0x00000000a5800000, 0x00000000a5800000, 0x00000000a5900000|  0%| F|  |TAMS 0x00000000a5800000, 0x00000000a5800000| Untracked 
|  71|0x00000000a5900000, 0x00000000a5900000, 0x00000000a5a00000|  0%| F|  |TAMS 0x00000000a5900000, 0x00000000a5900000| Untracked 
|  72|0x00000000a5a00000, 0x00000000a5a00000, 0x00000000a5b00000|  0%| F|  |TAMS 0x00000000a5a00000, 0x00000000a5a00000| Untracked 
|  73|0x00000000a5b00000, 0x00000000a5b00000, 0x00000000a5c00000|  0%| F|  |TAMS 0x00000000a5b00000, 0x00000000a5b00000| Untracked 
|  74|0x00000000a5c00000, 0x00000000a5c00000, 0x00000000a5d00000|  0%| F|  |TAMS 0x00000000a5c00000, 0x00000000a5c00000| Untracked 
|  75|0x00000000a5d00000, 0x00000000a5e00000, 0x00000000a5e00000|100%| S|CS|TAMS 0x00000000a5d00000, 0x00000000a5d00000| Complete 
|  76|0x00000000a5e00000, 0x00000000a5f00000, 0x00000000a5f00000|100%| S|CS|TAMS 0x00000000a5e00000, 0x00000000a5e00000| Complete 
|  77|0x00000000a5f00000, 0x00000000a6000000, 0x00000000a6000000|100%| S|CS|TAMS 0x00000000a5f00000, 0x00000000a5f00000| Complete 
|  78|0x00000000a6000000, 0x00000000a6000000, 0x00000000a6100000|  0%| F|  |TAMS 0x00000000a6000000, 0x00000000a6000000| Untracked 
|  79|0x00000000a6100000, 0x00000000a6100000, 0x00000000a6200000|  0%| F|  |TAMS 0x00000000a6100000, 0x00000000a6100000| Untracked 
|  80|0x00000000a6200000, 0x00000000a6200000, 0x00000000a6300000|  0%| F|  |TAMS 0x00000000a6200000, 0x00000000a6200000| Untracked 
|  81|0x00000000a6300000, 0x00000000a6300000, 0x00000000a6400000|  0%| F|  |TAMS 0x00000000a6300000, 0x00000000a6300000| Untracked 
|  82|0x00000000a6400000, 0x00000000a6400000, 0x00000000a6500000|  0%| F|  |TAMS 0x00000000a6400000, 0x00000000a6400000| Untracked 
|  83|0x00000000a6500000, 0x00000000a6500000, 0x00000000a6600000|  0%| F|  |TAMS 0x00000000a6500000, 0x00000000a6500000| Untracked 
|  84|0x00000000a6600000, 0x00000000a6600000, 0x00000000a6700000|  0%| F|  |TAMS 0x00000000a6600000, 0x00000000a6600000| Untracked 
|  85|0x00000000a6700000, 0x00000000a6700000, 0x00000000a6800000|  0%| F|  |TAMS 0x00000000a6700000, 0x00000000a6700000| Untracked 
|  86|0x00000000a6800000, 0x00000000a6800000, 0x00000000a6900000|  0%| F|  |TAMS 0x00000000a6800000, 0x00000000a6800000| Untracked 
|  87|0x00000000a6900000, 0x00000000a6900000, 0x00000000a6a00000|  0%| F|  |TAMS 0x00000000a6900000, 0x00000000a6900000| Untracked 
|  88|0x00000000a6a00000, 0x00000000a6a00000, 0x00000000a6b00000|  0%| F|  |TAMS 0x00000000a6a00000, 0x00000000a6a00000| Untracked 
|  89|0x00000000a6b00000, 0x00000000a6b00000, 0x00000000a6c00000|  0%| F|  |TAMS 0x00000000a6b00000, 0x00000000a6b00000| Untracked 
|  90|0x00000000a6c00000, 0x00000000a6c00000, 0x00000000a6d00000|  0%| F|  |TAMS 0x00000000a6c00000, 0x00000000a6c00000| Untracked 
|  91|0x00000000a6d00000, 0x00000000a6d00000, 0x00000000a6e00000|  0%| F|  |TAMS 0x00000000a6d00000, 0x00000000a6d00000| Untracked 
|  92|0x00000000a6e00000, 0x00000000a6e00000, 0x00000000a6f00000|  0%| F|  |TAMS 0x00000000a6e00000, 0x00000000a6e00000| Untracked 
|  93|0x00000000a6f00000, 0x00000000a6f00000, 0x00000000a7000000|  0%| F|  |TAMS 0x00000000a6f00000, 0x00000000a6f00000| Untracked 
|  94|0x00000000a7000000, 0x00000000a70b7d70, 0x00000000a7100000| 71%| E|  |TAMS 0x00000000a7000000, 0x00000000a7000000| Complete 
|  95|0x00000000a7100000, 0x00000000a7200000, 0x00000000a7200000|100%| E|  |TAMS 0x00000000a7100000, 0x00000000a7100000| Complete 

Card table byte_map: [0x000001bd75090000,0x000001bd75390000] _byte_map_base: 0x000001bd74b87000

Marking Bits (Prev, Next): (CMBitMap*) 0x000001bd6ca249f8, (CMBitMap*) 0x000001bd6ca24a38
 Prev Bits: [0x000001bd75690000, 0x000001bd76e48000)
 Next Bits: [0x000001bd76e50000, 0x000001bd78608000)

Polling page: 0x000001bd6a7e0000

Metaspace:

Usage:
  Non-class:      5.25 MB capacity,     4.65 MB ( 89%) used,   591.77 KB ( 11%) free+waste,    19.81 KB ( <1%) overhead. 
      Class:    790.00 KB capacity,   692.79 KB ( 88%) used,    85.84 KB ( 11%) free+waste,    11.38 KB (  1%) overhead. 
       Both:      6.02 MB capacity,     5.33 MB ( 88%) used,   677.61 KB ( 11%) free+waste,    31.19 KB ( <1%) overhead. 

Virtual space:
  Non-class space:        8.00 MB reserved,       5.25 MB ( 66%) committed 
      Class space:        1.00 GB reserved,     896.00 KB ( <1%) committed 
             Both:        1.01 GB reserved,       6.13 MB ( <1%) committed 

Chunk freelists:
   Non-Class:  512 bytes
       Class:  1.25 KB
        Both:  1.75 KB

CodeHeap 'non-profiled nmethods': size=238912Kb used=1655Kb max_used=1655Kb free=237256Kb
 bounds [0x000001bd006b0000, 0x000001bd00920000, 0x000001bd0f000000]
CodeHeap 'non-nmethods': size=6848Kb used=1126Kb max_used=1126Kb free=5721Kb
 bounds [0x000001bd00000000, 0x000001bd00270000, 0x000001bd006b0000]
 total_blobs=1580 nmethods=1134 adapters=356
 compilation: enabled
              stopped_count=0, restarted_count=0
 full_count=0

Compilation events (10 events):
Event: 1.332 Thread 0x000001bd7ab30800 nmethod 1030 0x000001bd00817e10 code [0x000001bd00817fc0, 0x000001bd00818130]
Event: 1.332 Thread 0x000001bd7ab30800 1031       1       java.nio.DirectByteBufferR::slice (81 bytes)
Event: 1.332 Thread 0x000001bd7ab30800 nmethod 1031 0x000001bd00818210 code [0x000001bd008183e0, 0x000001bd00818610]
Event: 1.332 Thread 0x000001bd7ab30800 1027       1       java.lang.String::<init> (10 bytes)
Event: 1.332 Thread 0x000001bd7ab30800 nmethod 1027 0x000001bd00818710 code [0x000001bd008188e0, 0x000001bd00818a50]
Event: 1.332 Thread 0x000001bd7ab30800 1032       1       jdk.internal.jimage.ImageStringsReader::hashCode (31 bytes)
Event: 1.332 Thread 0x000001bd7ab30800 nmethod 1032 0x000001bd00818b10 code [0x000001bd00818d00, 0x000001bd00818ea0]
Event: 1.332 Thread 0x000001bd7ab30800 1006       1       jdk.internal.loader.URLClassPath$Loader::getBaseURL (5 bytes)
Event: 1.332 Thread 0x000001bd7ab30800 nmethod 1006 0x000001bd00818f90 code [0x000001bd00819140, 0x000001bd00819278]
Event: 1.333 Thread 0x000001bd7ab30800 1035       1       java.nio.charset.Charset::isSupported (13 bytes)

GC Heap History (4 events):
Event: 0.622 GC heap before
{Heap before GC invocations=0 (full 0):
 garbage-first heap   total 98304K, used 14336K [0x00000000a1200000, 0x0000000100000000)
  region size 1024K, 14 young (14336K), 0 survivors (0K)
 Metaspace       used 469K, capacity 4518K, committed 4864K, reserved 1056768K
  class space    used 42K, capacity 399K, committed 512K, reserved 1048576K
}
Event: 0.630 GC heap after
{Heap after GC invocations=1 (full 0):
 garbage-first heap   total 98304K, used 11109K [0x00000000a1200000, 0x0000000100000000)
  region size 1024K, 2 young (2048K), 2 survivors (2048K)
 Metaspace       used 469K, capacity 4518K, committed 4864K, reserved 1056768K
  class space    used 42K, capacity 399K, committed 512K, reserved 1048576K
}
Event: 0.677 GC heap before
{Heap before GC invocations=1 (full 0):
 garbage-first heap   total 98304K, used 16229K [0x00000000a1200000, 0x0000000100000000)
  region size 1024K, 7 young (7168K), 2 survivors (2048K)
 Metaspace       used 471K, capacity 4518K, committed 4864K, reserved 1056768K
  class space    used 42K, capacity 399K, committed 512K, reserved 1048576K
}
Event: 0.682 GC heap after
{Heap after GC invocations=2 (full 0):
 garbage-first heap   total 98304K, used 16772K [0x00000000a1200000, 0x0000000100000000)
  region size 1024K, 1 young (1024K), 1 survivors (1024K)
 Metaspace       used 471K, capacity 4518K, committed 4864K, reserved 1056768K
  class space    used 42K, capacity 399K, committed 512K, reserved 1048576K
}

Deoptimization events (0 events):
No events

Classes redefined (0 events):
No events

Internal exceptions (8 events):
Event: 0.715 Thread 0x000001bd6c9ec800 Exception <a 'java/lang/NoSuchMethodError'{0x00000000a7038a08}: java.lang.invoke.DirectMethodHandle$Holder.invokeStaticInit(Ljava/lang/Object;Ljava/lang/Object;Ljava/lang/Object;)Ljava/lang/Object;> (0x00000000a7038a08) thrown at [t:/workspace/open/src/ho
Event: 0.719 Thread 0x000001bd6c9ec800 Exception <a 'java/lang/NoSuchMethodError'{0x00000000a70520d0}: java.lang.invoke.DirectMethodHandle$Holder.invokeInterface(Ljava/lang/Object;Ljava/lang/Object;)I> (0x00000000a70520d0) thrown at [t:/workspace/open/src/hotspot/share/interpreter/linkResolver
Event: 0.720 Thread 0x000001bd6c9ec800 Exception <a 'java/lang/IncompatibleClassChangeError'{0x00000000a7054bd0}: Found class java.lang.Object, but interface was expected> (0x00000000a7054bd0) thrown at [t:/workspace/open/src/hotspot/share/interpreter/linkResolver.cpp, line 843]
Event: 0.882 Thread 0x000001bd6c9ec800 Exception <a 'java/lang/NoSuchMethodError'{0x00000000a6e968e0}: java.lang.invoke.DirectMethodHandle$Holder.invokeSpecialIFC(Ljava/lang/Object;Ljava/lang/Object;Ljava/lang/Object;)I> (0x00000000a6e968e0) thrown at [t:/workspace/open/src/hotspot/share/inter
Event: 0.915 Thread 0x000001bd6c9ec800 Exception <a 'java/lang/NoSuchMethodError'{0x00000000a6efca50}: java.lang.invoke.DirectMethodHandle$Holder.invokeStaticInit(Ljava/lang/Object;IIII)Ljava/lang/Object;> (0x00000000a6efca50) thrown at [t:/workspace/open/src/hotspot/share/interpreter/linkReso
Event: 1.227 Thread 0x000001bd6c9ec800 Exception <a 'java/lang/NoSuchMethodError'{0x00000000a6d359a0}: java.lang.invoke.DirectMethodHandle$Holder.invokeStaticInit(Ljava/lang/Object;Ljava/lang/Object;IIII)Ljava/lang/Object;> (0x00000000a6d359a0) thrown at [t:/workspace/open/src/hotspot/share/in
Event: 1.239 Thread 0x000001bd6c9ec800 Exception <a 'java/lang/ClassNotFoundException'{0x00000000a6d50da0}: javax/management/remote/rmi/RMIServerImpl_Skel> (0x00000000a6d50da0) thrown at [t:/workspace/open/src/hotspot/share/classfile/systemDictionary.cpp, line 235]
Event: 1.268 Thread 0x000001bd6c9ec800 Exception <a 'java/lang/ClassNotFoundException'{0x00000000a6da0b70}: jdk/internal/agent/resources/spi/agentProvider> (0x00000000a6da0b70) thrown at [t:/workspace/open/src/hotspot/share/classfile/systemDictionary.cpp, line 235]

Events (10 events):
Event: 1.324 loading class java/util/regex/Pattern$SliceI
Event: 1.324 loading class java/util/regex/Pattern$SliceI done
Event: 1.324 loading class java/util/regex/Pattern$2
Event: 1.324 loading class java/util/regex/Pattern$2 done
Event: 1.327 loading class javax/servlet/Servlet
Event: 1.327 loading class javax/servlet/Servlet done
Event: 1.329 loading class org/apache/logging/log4j/message/DefaultFlowMessageFactory
Event: 1.329 loading class org/apache/logging/log4j/message/DefaultFlowMessageFactory done
Event: 1.329 loading class org/apache/logging/log4j/message/FlowMessageFactory
Event: 1.329 loading class org/apache/logging/log4j/message/FlowMessageFactory done


Dynamic libraries:
0x00007ff694830000 - 0x00007ff69483f000 	C:\Program Files\Java\jdk-12.0.1\bin\javaw.exe
0x00007ff8454e0000 - 0x00007ff8456d0000 	C:\WINDOWS\SYSTEM32\ntdll.dll
0x00007ff844a60000 - 0x00007ff844b12000 	C:\WINDOWS\System32\KERNEL32.DLL
0x00007ff842dc0000 - 0x00007ff843063000 	C:\WINDOWS\System32\KERNELBASE.dll
0x00007ff840260000 - 0x00007ff8402ef000 	C:\WINDOWS\SYSTEM32\apphelp.dll
0x00007ffff8380000 - 0x00007ffff8812000 	C:\WINDOWS\SYSTEM32\AcLayers.DLL
0x00007ff8436d0000 - 0x00007ff84376e000 	C:\WINDOWS\System32\msvcrt.dll
0x00007ff844d60000 - 0x00007ff844ef4000 	C:\WINDOWS\System32\USER32.dll
0x00007ff843560000 - 0x00007ff843581000 	C:\WINDOWS\System32\win32u.dll
0x00007ff844bf0000 - 0x00007ff844c16000 	C:\WINDOWS\System32\GDI32.dll
0x00007ff8432a0000 - 0x00007ff843434000 	C:\WINDOWS\System32\gdi32full.dll
0x00007ff8431d0000 - 0x00007ff84326e000 	C:\WINDOWS\System32\msvcp_win.dll
0x00007ff843070000 - 0x00007ff84316a000 	C:\WINDOWS\System32\ucrtbase.dll
0x00007ff843ef0000 - 0x00007ff843f42000 	C:\WINDOWS\System32\SHLWAPI.dll
0x00007ff844f00000 - 0x00007ff845236000 	C:\WINDOWS\System32\combase.dll
0x00007ff8452e0000 - 0x00007ff845400000 	C:\WINDOWS\System32\RPCRT4.dll
0x00007ff842470000 - 0x00007ff8424f0000 	C:\WINDOWS\System32\bcryptPrimitives.dll
0x00007ff844720000 - 0x00007ff8447c3000 	C:\WINDOWS\System32\ADVAPI32.dll
0x00007ff845400000 - 0x00007ff845497000 	C:\WINDOWS\System32\sechost.dll
0x000001bd6a640000 - 0x000001bd6a643000 	C:\WINDOWS\SYSTEM32\sfc.dll
0x00007ff8396c0000 - 0x00007ff839749000 	C:\WINDOWS\SYSTEM32\WINSPOOL.DRV
0x00007ff842430000 - 0x00007ff842441000 	C:\WINDOWS\System32\kernel.appcore.dll
0x00007ff843270000 - 0x00007ff843296000 	C:\WINDOWS\System32\bcrypt.dll
0x00007ff83ea60000 - 0x00007ff83eb4f000 	C:\WINDOWS\SYSTEM32\PROPSYS.dll
0x00007ff844990000 - 0x00007ff844a54000 	C:\WINDOWS\System32\OLEAUT32.dll
0x00007ff843e40000 - 0x00007ff843ee9000 	C:\WINDOWS\System32\shcore.dll
0x00007ff8418d0000 - 0x00007ff84190a000 	C:\WINDOWS\SYSTEM32\IPHLPAPI.DLL
0x00007ff83bb50000 - 0x00007ff83bb61000 	C:\WINDOWS\SYSTEM32\sfc_os.DLL
0x00007ff8452b0000 - 0x00007ff8452de000 	C:\WINDOWS\System32\IMM32.DLL
0x00007ff836ee0000 - 0x00007ff836ef8000 	C:\Program Files\Java\jdk-12.0.1\bin\jli.dll
0x00007ff82c8a0000 - 0x00007ff82c8b6000 	C:\Program Files\Java\jdk-12.0.1\bin\VCRUNTIME140.dll
0x00007ff839430000 - 0x00007ff8396b5000 	C:\WINDOWS\WinSxS\amd64_microsoft.windows.common-controls_6595b64144ccf1df_6.0.18362.535_none_e6c3b34713100821\COMCTL32.dll
0x00007ff8399b0000 - 0x00007ff8399ba000 	C:\WINDOWS\SYSTEM32\VERSION.dll
0x00007ff82a2c0000 - 0x00007ff82a36a000 	C:\Program Files\Java\jdk-12.0.1\bin\msvcp140.dll
0x00007ffff3510000 - 0x00007ffff4084000 	C:\Program Files\Java\jdk-12.0.1\bin\server\jvm.dll
0x00007ff843f50000 - 0x00007ff843f58000 	C:\WINDOWS\System32\PSAPI.DLL
0x00007ff840f10000 - 0x00007ff840f19000 	C:\WINDOWS\SYSTEM32\WSOCK32.dll
0x00007ff838e60000 - 0x00007ff838e84000 	C:\WINDOWS\SYSTEM32\WINMM.dll
0x00007ff845240000 - 0x00007ff8452af000 	C:\WINDOWS\System32\WS2_32.dll
0x00007ff838d20000 - 0x00007ff838d4d000 	C:\WINDOWS\SYSTEM32\WINMMBASE.dll
0x00007ff8434f0000 - 0x00007ff84353a000 	C:\WINDOWS\System32\cfgmgr32.dll
0x00007ff82c880000 - 0x00007ff82c891000 	C:\Program Files\Java\jdk-12.0.1\bin\verify.dll
0x00007ff840c90000 - 0x00007ff840e84000 	C:\WINDOWS\SYSTEM32\DBGHELP.DLL
0x00007ff83a280000 - 0x00007ff83a2aa000 	C:\WINDOWS\SYSTEM32\dbgcore.DLL
0x00007ff82c850000 - 0x00007ff82c876000 	C:\Program Files\Java\jdk-12.0.1\bin\java.dll
0x00007ff82c830000 - 0x00007ff82c847000 	C:\Program Files\Java\jdk-12.0.1\bin\zip.dll
0x00007ff83da00000 - 0x00007ff83da0a000 	C:\Program Files\Java\jdk-12.0.1\bin\jimage.dll
0x00007ff844030000 - 0x00007ff844715000 	C:\WINDOWS\System32\SHELL32.dll
0x00007ff8424f0000 - 0x00007ff842c6f000 	C:\WINDOWS\System32\windows.storage.dll
0x00007ff842450000 - 0x00007ff84246f000 	C:\WINDOWS\System32\profapi.dll
0x00007ff8423e0000 - 0x00007ff84242a000 	C:\WINDOWS\System32\powrprof.dll
0x00007ff8423b0000 - 0x00007ff8423c0000 	C:\WINDOWS\System32\UMPDC.dll
0x00007ff843540000 - 0x00007ff843557000 	C:\WINDOWS\System32\cryptsp.dll
0x00007ff82c810000 - 0x00007ff82c829000 	C:\Program Files\Java\jdk-12.0.1\bin\net.dll
0x00007ff83ccf0000 - 0x00007ff83cde0000 	C:\WINDOWS\SYSTEM32\WINHTTP.dll
0x00007ff83a9f0000 - 0x00007ff83abc6000 	C:\WINDOWS\SYSTEM32\urlmon.dll
0x00007ff834100000 - 0x00007ff8343a6000 	C:\WINDOWS\SYSTEM32\iertutil.dll
0x00007ff841d90000 - 0x00007ff841d9c000 	C:\WINDOWS\SYSTEM32\CRYPTBASE.DLL
0x00007ff841bc0000 - 0x00007ff841c27000 	C:\WINDOWS\system32\mswsock.dll
0x00007ff82c660000 - 0x00007ff82c673000 	C:\Program Files\Java\jdk-12.0.1\bin\nio.dll
0x00007ff83d9c0000 - 0x00007ff83d9c9000 	C:\Program Files\Java\jdk-12.0.1\bin\management.dll
0x00007ff83d990000 - 0x00007ff83d99c000 	C:\Program Files\Java\jdk-12.0.1\bin\management_ext.dll
0x00007ff83d0b0000 - 0x00007ff83d0c6000 	C:\WINDOWS\system32\napinsp.dll
0x00007ff837ee0000 - 0x00007ff837efa000 	C:\WINDOWS\system32\pnrpnsp.dll
0x00007ff841910000 - 0x00007ff8419da000 	C:\WINDOWS\SYSTEM32\DNSAPI.dll
0x00007ff844980000 - 0x00007ff844988000 	C:\WINDOWS\System32\NSI.dll
0x00007ff83ba30000 - 0x00007ff83ba3e000 	C:\WINDOWS\System32\winrnr.dll
0x00007ff83ca60000 - 0x00007ff83ca7c000 	C:\WINDOWS\system32\NLAapi.dll
0x00007ff8251e0000 - 0x00007ff8251f5000 	C:\WINDOWS\system32\wshbth.dll
0x00007ff838760000 - 0x00007ff83876a000 	C:\Windows\System32\rasadhlp.dll
0x00007ff83b760000 - 0x00007ff83b7d7000 	C:\WINDOWS\System32\fwpuclnt.dll
0x00007ff841730000 - 0x00007ff841763000 	C:\WINDOWS\system32\rsaenh.dll
0x00007ff8422d0000 - 0x00007ff8422f5000 	C:\WINDOWS\SYSTEM32\USERENV.dll
0x00007ff83b9f0000 - 0x00007ff83ba06000 	C:\WINDOWS\SYSTEM32\dhcpcsvc6.DLL
0x00007ff83c490000 - 0x00007ff83c4ac000 	C:\WINDOWS\SYSTEM32\dhcpcsvc.DLL

dbghelp: loaded successfully - version: 4.0.5 - missing functions: none
symbol engine: initialized successfully - sym options: 0x614 - pdb path: .;C:\Program Files\Java\jdk-12.0.1\bin;C:\WINDOWS\SYSTEM32;C:\WINDOWS\WinSxS\amd64_microsoft.windows.common-controls_6595b64144ccf1df_6.0.18362.535_none_e6c3b34713100821;C:\Program Files\Java\jdk-12.0.1\bin\server

VM Arguments:
jvm_args: -Dcom.sun.management.jmxremote -Dcom.sun.management.jmxremote.port=61732 -Dcom.sun.management.jmxremote.authenticate=false -Dcom.sun.management.jmxremote.ssl=false -Djava.rmi.server.hostname=localhost -Dspring.jmx.enabled=true -Dspring.application.admin.enabled=true -Xverify:none -XX:TieredStopAtLevel=1 -Dspring.boot.project.name=Father_Son_Daughter -Dfile.encoding=UTF-8 
java_command: com.example.demo.FatherSonDaughterApplication --spring.output.ansi.enabled=always
java_class_path (initial): C:\Users\PIYUSH004\Documents\workspace-spring-tool-suite-4-4.3.0.RELEASE\Father_Son_Daughter\target\classes;C:\Users\PIYUSH004\.m2\repository\com\google\code\gson\gson\2.8.5\gson-2.8.5.jar;C:\Users\PIYUSH004\.m2\repository\org\springframework\boot\spring-boot-starter-web\2.1.6.RELEASE\spring-boot-starter-web-2.1.6.RELEASE.jar;C:\Users\PIYUSH004\.m2\repository\org\springframework\boot\spring-boot-starter-json\2.1.6.RELEASE\spring-boot-starter-json-2.1.6.RELEASE.jar;C:\Users\PIYUSH004\.m2\repository\org\hibernate\validator\hibernate-validator\6.0.17.Final\hibernate-validator-6.0.17.Final.jar;C:\Users\PIYUSH004\.m2\repository\javax\validation\validation-api\2.0.1.Final\validation-api-2.0.1.Final.jar;C:\Users\PIYUSH004\.m2\repository\org\jboss\logging\jboss-logging\3.3.2.Final\jboss-logging-3.3.2.Final.jar;C:\Users\PIYUSH004\.m2\repository\org\springframework\spring-web\5.1.8.RELEASE\spring-web-5.1.8.RELEASE.jar;C:\Users\PIYUSH004\.m2\repository\org\springframework\spring-webmvc\5.1.8.RELEASE\spring-webmvc-5.1.8.RELEASE.jar;C:\Users\PIYUSH004\.m2\repository\org\springframework\spring-aop\5.1.8.RELEASE\spring-aop-5.1.8.RELEASE.jar;C:\Users\PIYUSH004\.m2\repository\org\springframework\spring-expression\5.1.8.RELEASE\spring-expression-5.1.8.RELEASE.jar;C:\Users\PIYUSH004\.m2\repository\org\springframework\boot\spring-boot-starter-data-solr\2.1.6.RELEASE\spring-boot-starter-data-solr-2.1.6.RELEASE.jar;C:\Users\PIYUSH004\.m2\repository\org\apache\solr\solr-solrj\7.7.2\solr-solrj-7.7.2.jar;C:\Users\PIYUSH004\.m2\repository\org\apache\commons\commons-math3\3.6.1\commons-math3-3.6.1.jar;C:\Users\PIYUSH004\.m2\repository\org\apache\httpcomponents\httpclient\4.5.9\httpclient-4.5.9.jar;C:\Users\PIYUSH004\.m2\repository\org\apache\httpcomponents\httpcore\4.4.11\httpcore-4.4.11.jar;C:\Users\PIYUSH004\.m2\repository\org\apache\zookeeper\zookeeper\3.4.14\zookeeper-3.4.14.jar;C:\Users\PIYUSH004\.m2\repository\org\codehaus\woodstox\stax2-api\3.1.4\stax2-api-
Launcher Type: SUN_STANDARD

[Global flags]
     bool BytecodeVerificationLocal                = false                                     {product} {command line}
     bool BytecodeVerificationRemote               = false                                     {product} {command line}
     intx CICompilerCount                          = 3                                         {product} {ergonomic}
     uint ConcGCThreads                            = 1                                         {product} {ergonomic}
     uint G1ConcRefinementThreads                  = 4                                         {product} {ergonomic}
   size_t G1HeapRegionSize                         = 1048576                                   {product} {ergonomic}
    uintx GCDrainStackTargetSize                   = 64                                        {product} {ergonomic}
   size_t InitialHeapSize                          = 100663296                                 {product} {ergonomic}
     bool ManagementServer                         = true                                      {product} {command line}
   size_t MarkStackSize                            = 4194304                                   {product} {ergonomic}
   size_t MaxHeapSize                              = 1591738368                                {product} {ergonomic}
   size_t MaxNewSize                               = 954204160                                 {product} {ergonomic}
   size_t MinHeapDeltaBytes                        = 1048576                                   {product} {ergonomic}
    uintx NonNMethodCodeHeapSize                   = 6973028                                {pd product} {ergonomic}
    uintx NonProfiledCodeHeapSize                  = 244685212                              {pd product} {ergonomic}
    uintx ProfiledCodeHeapSize                     = 0                                      {pd product} {ergonomic}
    uintx ReservedCodeCacheSize                    = 251658240                              {pd product} {ergonomic}
     bool SegmentedCodeCache                       = true                                      {product} {ergonomic}
     intx TieredStopAtLevel                        = 1                                         {product} {command line}
     bool UseCompressedClassPointers               = true                                 {lp64_product} {ergonomic}
     bool UseCompressedOops                        = true                                 {lp64_product} {ergonomic}
     bool UseG1GC                                  = true                                      {product} {ergonomic}
     bool UseLargePagesIndividualAllocation        = false                                  {pd product} {ergonomic}

Logging:
Log output configuration:
 #0: stdout all=warning uptime,level,tags
 #1: stderr all=off uptime,level,tags

Environment Variables:
PATH=C:/Program Files/Java/jre1.8.0_111/bin/server;C:/Program Files/Java/jre1.8.0_111/bin;C:/Program Files/Java/jre1.8.0_111/lib/amd64;C:\ProgramData\Oracle\Java\javapath;C:\Program Files (x86)\Intel\iCLS Client\;C:\Program Files\Intel\iCLS Client\;C:\WINDOWS\system32;C:\WINDOWS;C:\WINDOWS\System32\Wbem;C:\WINDOWS\System32\WindowsPowerShell\v1.0\;C:\Program Files (x86)\Intel\Intel(R) Management Engine Components\DAL;C:\Program Files\Intel\Intel(R) Management Engine Components\DAL;C:\Program Files (x86)\Intel\Intel(R) Management Engine Components\IPT;C:\Program Files\Intel\Intel(R) Management Engine Components\IPT;C:\Program Files (x86)\ATI Technologies\ATI.ACE\Core-Static;C:\WINDOWS\System32\OpenSSH\;C:\Program Files\MATLAB\R2019a\bin;C:\Program Files\nodejs\;C:\Program Files\Git\cmd;C:\Users\PIYUSH004\AppData\Local\Microsoft\WindowsApps;C:\Users\PIYUSH004\AppData\Roaming\npm;C:\Users\PIYUSH004\Downloads\sts-4.3.0.RELEASE;
USERNAME=PIYUSH004
OS=Windows_NT
PROCESSOR_IDENTIFIER=Intel64 Family 6 Model 61 Stepping 4, GenuineIntel



---------------  S Y S T E M  ---------------

OS: Windows 10 , 64 bit Build 18362 (10.0.18362.329)

CPU:total 4 (initial active 4) (2 cores per cpu, 2 threads per core) family 6 model 61 stepping 4, cmov, cx8, fxsr, mmx, sse, sse2, sse3, ssse3, sse4.1, sse4.2, popcnt, avx, avx2, aes, clmul, erms, 3dnowpref, lzcnt, ht, tsc, tscinvbit, bmi1, bmi2, adx, fma

Memory: 4k page, system-wide physical 6064M (1058M free)
TotalPageFile size 11952M (AvailPageFile size 3766M)
current process WorkingSet (physical memory assigned to process): 85M, peak: 85M
current process commit charge ("private bytes"): 187M, peak: 187M

vm_info: Java HotSpot(TM) 64-Bit Server VM (12.0.1+12) for windows-amd64 JRE (12.0.1+12), built on Apr  2 2019 14:02:19 by "mach5one" with MS VC++ 15.5 (VS2017)

END.
