#
# A fatal error has been detected by the Java Runtime Environment:
#
#  EXCEPTION_ACCESS_VIOLATION (0xc0000005) at pc=0x00007fffea7dbbb9, pid=11272, tid=13124
#
# JRE version: Java(TM) SE Runtime Environment (12.0.1+12) (build 12.0.1+12)
# Java VM: Java HotSpot(TM) 64-Bit Server VM (12.0.1+12, mixed mode, sharing, tiered, compressed oops, g1 gc, windows-amd64)
# Problematic frame:
# V  [jvm.dll+0x6cbbb9]
#
# No core dump will be written. Minidumps are not enabled by default on client versions of Windows
#
# If you would like to submit a bug report, please visit:
#   http://bugreport.java.com/bugreport/crash.jsp
#

---------------  S U M M A R Y ------------

Command Line: -Dcom.sun.management.jmxremote -Dcom.sun.management.jmxremote.port=65300 -Dcom.sun.management.jmxremote.authenticate=false -Dcom.sun.management.jmxremote.ssl=false -Djava.rmi.server.hostname=localhost -Dspring.jmx.enabled=true -Dspring.application.admin.enabled=true -Xverify:none -XX:TieredStopAtLevel=1 -Dspring.boot.project.name=Father_Son_Daughter -Dfile.encoding=UTF-8 com.example.demo.FatherSonDaughterApplication --spring.output.ansi.enabled=always

Host: Intel(R) Core(TM) i5-5200U CPU @ 2.20GHz, 4 cores, 5G,  Windows 10 , 64 bit Build 18362 (10.0.18362.329)
Time: Mon Dec 30 23:25:15 2019 India Standard Time elapsed time: 1 seconds (0d 0h 0m 1s)

---------------  T H R E A D  ---------------

Current thread (0x00000220f0a06000):  WatcherThread [stack: 0x000000d16a900000,0x000000d16aa00000] [id=13124]

Stack: [0x000000d16a900000,0x000000d16aa00000],  sp=0x000000d16a9ff6d0,  free space=1021k
Native frames: (J=compiled Java code, j=interpreted, Vv=VM code, C=native code)
V  [jvm.dll+0x6cbbb9]
V  [jvm.dll+0x71b0dd]
V  [jvm.dll+0x74f809]
V  [jvm.dll+0x748648]
V  [jvm.dll+0x638566]
C  [ucrtbase.dll+0x20e72]
C  [KERNEL32.DLL+0x17bd4]
C  [ntdll.dll+0x6ced1]


siginfo: EXCEPTION_ACCESS_VIOLATION (0xc0000005), reading address 0x000002200000000f


Register to memory mapping:

RIP=0x00007fffea7dbbb9 jvm.dll
RAX=0x00000220f096bc60 points into unknown readable memory: 0f 00 00 00 20 02 00 00
RBX=0x0 is NULL
RCX=0x000002200000000f is an unknown value
RDX=0x0000000000000032 is an unknown value
RSP=0x000000d16a9ff6d0 points into unknown readable memory: 00 60 a0 f0 20 02 00 00
RBP=0x0000000000000002 is an unknown value
RSI=0x00000220f096bbf0 points into unknown readable memory: c0 08 9f f0 20 02 00 00
RDI=0x0 is NULL
R8 =0x0 is NULL
R9 =0x00000220da370b80 is at begin+0 in a stub
StubRoutines::atomic_cmpxchg_long [0x00000220da370b80, 0x00000220da370b89[ (9 bytes)
R10=0x00000000546c6148 is an unknown value
R11=0x0000035c1233b943 is an unknown value
R12=0x0 is NULL
R13=0x00000220f0a06000 points into unknown readable memory: 40 19 a0 ea ff 7f 00 00
R14=0x0000000000000032 is an unknown value
R15=0x00000220f09ff510 points into unknown readable memory: 00 00 00 00 00 00 00 00


Registers:
RAX=0x00000220f096bc60, RBX=0x0000000000000000, RCX=0x000002200000000f, RDX=0x0000000000000032
RSP=0x000000d16a9ff6d0, RBP=0x0000000000000002, RSI=0x00000220f096bbf0, RDI=0x0000000000000000
R8 =0x0000000000000000, R9 =0x00000220da370b80, R10=0x00000000546c6148, R11=0x0000035c1233b943
R12=0x0000000000000000, R13=0x00000220f0a06000, R14=0x0000000000000032, R15=0x00000220f09ff510
RIP=0x00007fffea7dbbb9, EFLAGS=0x0000000000010202

Top of Stack: (sp=0x000000d16a9ff6d0)
0x000000d16a9ff6d0:   00000220f0a06000 00000220f0a06000
0x000000d16a9ff6e0:   0001a10c0d5ecbc4 00007fffea71dd79
0x000000d16a9ff6f0:   00007fffeabceae8 00007fffea82b0dd
0x000000d16a9ff700:   0000000000000001 00000220d1f82ab0
0x000000d16a9ff710:   00000220d1f82ab0 431bde82d7b634db
0x000000d16a9ff720:   00000220f09ff510 0001a10c0d5ecbc4
0x000000d16a9ff730:   00000220d1f82ab0 00007fffea85f809
0x000000d16a9ff740:   0000000000000001 0000000000000032
0x000000d16a9ff750:   0000000000000032 0000000000000002
0x000000d16a9ff760:   0000000000000000 0000000000000000
0x000000d16a9ff770:   0000000000000000 00007fffea4df47e
0x000000d16a9ff780:   0000000000000000 0000000000000000
0x000000d16a9ff790:   0000000000000000 0000000000000000
0x000000d16a9ff7a0:   00000220f0a06000 0000000000000000
0x000000d16a9ff7b0:   0000000000100000 000000d16a9ff980
0x000000d16a9ff7c0:   000000d16a900000 00007fffea858648 

Instructions: (pc=0x00007fffea7dbbb9)
0x00007fffea7dbb99:   20 48 8b 35 df 0c 3e 00 33 db 48 8b 06 39 18 7e
0x00007fffea7dbba9:   27 48 89 7c 24 30 8b fb 48 8b 40 18 48 8b 0c 07
0x00007fffea7dbbb9:   48 8b 01 ff 50 08 48 8b 06 48 8d 7f 08 ff c3 3b
0x00007fffea7dbbc9:   18 7c e5 48 8b 7c 24 30 48 8b 5c 24 38 48 83 c4 


Stack slot to memory mapping:
stack at sp + 0 slots: 0x00000220f0a06000 points into unknown readable memory: 40 19 a0 ea ff 7f 00 00
stack at sp + 1 slots: 0x00000220f0a06000 points into unknown readable memory: 40 19 a0 ea ff 7f 00 00
stack at sp + 2 slots: 0x0001a10c0d5ecbc4 is an unknown value
stack at sp + 3 slots: 0x00007fffea71dd79 jvm.dll
stack at sp + 4 slots: 0x00007fffeabceae8 jvm.dll
stack at sp + 5 slots: 0x00007fffea82b0dd jvm.dll
stack at sp + 6 slots: 0x0000000000000001 is an unknown value
stack at sp + 7 slots: 0x00000220d1f82ab0 points into unknown readable memory: 01 00 00 00 00 00 00 00


---------------  P R O C E S S  ---------------

Threads class SMR info:
_java_thread_list=0x00000220f09f0920, length=12, elements={
0x00000220d1f86800, 0x00000220ef0a5000, 0x00000220ef0a6800, 0x00000220ef0be800,
0x00000220ef0c1000, 0x00000220ef0c3800, 0x00000220ef0cc800, 0x00000220ef084800,
0x00000220efba3800, 0x00000220f097c800, 0x00000220f09d4000, 0x00000220f09f1000
}

Java Threads: ( => current thread )
  0x00000220d1f86800 JavaThread "main" [_thread_in_vm, id=13804, stack(0x000000d169600000,0x000000d169700000)]
  0x00000220ef0a5000 JavaThread "Reference Handler" daemon [_thread_blocked, id=15184, stack(0x000000d169d00000,0x000000d169e00000)]
  0x00000220ef0a6800 JavaThread "Finalizer" daemon [_thread_blocked, id=13324, stack(0x000000d169e00000,0x000000d169f00000)]
  0x00000220ef0be800 JavaThread "Signal Dispatcher" daemon [_thread_blocked, id=10708, stack(0x000000d169f00000,0x000000d16a000000)]
  0x00000220ef0c1000 JavaThread "Attach Listener" daemon [_thread_blocked, id=10600, stack(0x000000d16a000000,0x000000d16a100000)]
  0x00000220ef0c3800 JavaThread "C1 CompilerThread0" daemon [_thread_in_native, id=9920, stack(0x000000d16a100000,0x000000d16a200000)]
  0x00000220ef0cc800 JavaThread "Sweeper thread" daemon [_thread_blocked, id=12904, stack(0x000000d16a200000,0x000000d16a300000)]
  0x00000220ef084800 JavaThread "Common-Cleaner" daemon [_thread_blocked, id=8152, stack(0x000000d16a300000,0x000000d16a400000)]
  0x00000220efba3800 JavaThread "Service Thread" daemon [_thread_blocked, id=10664, stack(0x000000d16a400000,0x000000d16a500000)]
  0x00000220f097c800 JavaThread "RMI TCP Accept-0" daemon [_thread_in_native, id=12244, stack(0x000000d16a600000,0x000000d16a700000)]
  0x00000220f09d4000 JavaThread "RMI TCP Accept-65300" daemon [_thread_in_native, id=6776, stack(0x000000d16a700000,0x000000d16a800000)]
  0x00000220f09f1000 JavaThread "RMI TCP Accept-0" daemon [_thread_in_native, id=15204, stack(0x000000d16a800000,0x000000d16a900000)]

Other Threads:
  0x00000220ef09f800 VMThread "VM Thread" [stack: 0x000000d169c00000,0x000000d169d00000] [id=11032]
=>0x00000220f0a06000 WatcherThread [stack: 0x000000d16a900000,0x000000d16aa00000] [id=13124]
  0x00000220d1fbb800 GCTaskThread "GC Thread#0" [stack: 0x000000d169700000,0x000000d169800000] [id=3312]
  0x00000220f04e9000 GCTaskThread "GC Thread#1" [stack: 0x000000d16a500000,0x000000d16a600000] [id=7160]
  0x00000220d1fc7800 ConcurrentGCThread "G1 Main Marker" [stack: 0x000000d169800000,0x000000d169900000] [id=7924]
  0x00000220d1fc9800 ConcurrentGCThread "G1 Conc#0" [stack: 0x000000d169900000,0x000000d169a00000] [id=4460]
  0x00000220d203b000 ConcurrentGCThread "G1 Refine#0" [stack: 0x000000d169a00000,0x000000d169b00000] [id=12732]
  0x00000220d203c000 ConcurrentGCThread "G1 Young RemSet Sampling" [stack: 0x000000d169b00000,0x000000d169c00000] [id=4916]

Threads with active compile tasks:
C1 CompilerThread0  1104       1       jdk.internal.loader.URLClassPath::getResource (74 bytes)

VM state:not at safepoint (normal execution)

VM Mutex/Monitor currently owned by a thread:  ([mutex/lock_event])
[0x00000220d1f82ab0] PeriodicTask_lock - owner thread: 0x00000220f0a06000

Heap address: 0x00000000a1200000, size: 1518 MB, Compressed Oops mode: 32-bit
Narrow klass base: 0x0000000800000000, Narrow klass shift: 3
Compressed class space size: 1073741824 Address: 0x00000008011a0000

Heap:
 garbage-first heap   total 98304K, used 31505K [0x00000000a1200000, 0x0000000100000000)
  region size 1024K, 16 young (16384K), 2 survivors (2048K)
 Metaspace       used 5220K, capacity 5939K, committed 6144K, reserved 1056768K
  class space    used 663K, capacity 758K, committed 768K, reserved 1048576K
Heap Regions: E=young(eden), S=young(survivor), O=old, HS=humongous(starts), HC=humongous(continues), CS=collection set, F=free, A=archive, TAMS=top-at-mark-start (previous, next)
|   0|0x00000000a1200000, 0x00000000a1300000, 0x00000000a1300000|100%|HS|  |TAMS 0x00000000a1200000, 0x00000000a1200000| Complete 
|   1|0x00000000a1300000, 0x00000000a1400000, 0x00000000a1400000|100%| O|  |TAMS 0x00000000a1300000, 0x00000000a1300000| Untracked 
|   2|0x00000000a1400000, 0x00000000a1500000, 0x00000000a1500000|100%| O|  |TAMS 0x00000000a1400000, 0x00000000a1400000| Untracked 
|   3|0x00000000a1500000, 0x00000000a1600000, 0x00000000a1600000|100%| O|  |TAMS 0x00000000a1500000, 0x00000000a1500000| Untracked 
|   4|0x00000000a1600000, 0x00000000a1700000, 0x00000000a1700000|100%| O|  |TAMS 0x00000000a1600000, 0x00000000a1600000| Untracked 
|   5|0x00000000a1700000, 0x00000000a1800000, 0x00000000a1800000|100%| O|  |TAMS 0x00000000a1700000, 0x00000000a1700000| Untracked 
|   6|0x00000000a1800000, 0x00000000a1900000, 0x00000000a1900000|100%| O|  |TAMS 0x00000000a1800000, 0x00000000a1800000| Untracked 
|   7|0x00000000a1900000, 0x00000000a1a00000, 0x00000000a1a00000|100%| O|  |TAMS 0x00000000a1900000, 0x00000000a1900000| Untracked 
|   8|0x00000000a1a00000, 0x00000000a1b00000, 0x00000000a1b00000|100%| O|  |TAMS 0x00000000a1a00000, 0x00000000a1a00000| Untracked 
|   9|0x00000000a1b00000, 0x00000000a1c00000, 0x00000000a1c00000|100%| O|  |TAMS 0x00000000a1b00000, 0x00000000a1b00000| Untracked 
|  10|0x00000000a1c00000, 0x00000000a1d00000, 0x00000000a1d00000|100%|HS|  |TAMS 0x00000000a1c00000, 0x00000000a1c00000| Complete 
|  11|0x00000000a1d00000, 0x00000000a1e00000, 0x00000000a1e00000|100%| O|  |TAMS 0x00000000a1d00000, 0x00000000a1d00000| Untracked 
|  12|0x00000000a1e00000, 0x00000000a1f00000, 0x00000000a1f00000|100%| O|  |TAMS 0x00000000a1e00000, 0x00000000a1e00000| Untracked 
|  13|0x00000000a1f00000, 0x00000000a2000000, 0x00000000a2000000|100%| O|  |TAMS 0x00000000a1f00000, 0x00000000a1f00000| Untracked 
|  14|0x00000000a2000000, 0x00000000a2100000, 0x00000000a2100000|100%| O|  |TAMS 0x00000000a2000000, 0x00000000a2000000| Untracked 
|  15|0x00000000a2100000, 0x00000000a21c4600, 0x00000000a2200000| 76%| O|  |TAMS 0x00000000a2100000, 0x00000000a2100000| Untracked 
|  16|0x00000000a2200000, 0x00000000a2200000, 0x00000000a2300000|  0%| F|  |TAMS 0x00000000a2200000, 0x00000000a2200000| Untracked 
|  17|0x00000000a2300000, 0x00000000a2300000, 0x00000000a2400000|  0%| F|  |TAMS 0x00000000a2300000, 0x00000000a2300000| Untracked 
|  18|0x00000000a2400000, 0x00000000a2400000, 0x00000000a2500000|  0%| F|  |TAMS 0x00000000a2400000, 0x00000000a2400000| Untracked 
|  19|0x00000000a2500000, 0x00000000a2500000, 0x00000000a2600000|  0%| F|  |TAMS 0x00000000a2500000, 0x00000000a2500000| Untracked 
|  20|0x00000000a2600000, 0x00000000a2600000, 0x00000000a2700000|  0%| F|  |TAMS 0x00000000a2600000, 0x00000000a2600000| Untracked 
|  21|0x00000000a2700000, 0x00000000a2700000, 0x00000000a2800000|  0%| F|  |TAMS 0x00000000a2700000, 0x00000000a2700000| Untracked 
|  22|0x00000000a2800000, 0x00000000a2800000, 0x00000000a2900000|  0%| F|  |TAMS 0x00000000a2800000, 0x00000000a2800000| Untracked 
|  23|0x00000000a2900000, 0x00000000a2900000, 0x00000000a2a00000|  0%| F|  |TAMS 0x00000000a2900000, 0x00000000a2900000| Untracked 
|  24|0x00000000a2a00000, 0x00000000a2a00000, 0x00000000a2b00000|  0%| F|  |TAMS 0x00000000a2a00000, 0x00000000a2a00000| Untracked 
|  25|0x00000000a2b00000, 0x00000000a2b00000, 0x00000000a2c00000|  0%| F|  |TAMS 0x00000000a2b00000, 0x00000000a2b00000| Untracked 
|  26|0x00000000a2c00000, 0x00000000a2c00000, 0x00000000a2d00000|  0%| F|  |TAMS 0x00000000a2c00000, 0x00000000a2c00000| Untracked 
|  27|0x00000000a2d00000, 0x00000000a2d00000, 0x00000000a2e00000|  0%| F|  |TAMS 0x00000000a2d00000, 0x00000000a2d00000| Untracked 
|  28|0x00000000a2e00000, 0x00000000a2e00000, 0x00000000a2f00000|  0%| F|  |TAMS 0x00000000a2e00000, 0x00000000a2e00000| Untracked 
|  29|0x00000000a2f00000, 0x00000000a2f00000, 0x00000000a3000000|  0%| F|  |TAMS 0x00000000a2f00000, 0x00000000a2f00000| Untracked 
|  30|0x00000000a3000000, 0x00000000a3000000, 0x00000000a3100000|  0%| F|  |TAMS 0x00000000a3000000, 0x00000000a3000000| Untracked 
|  31|0x00000000a3100000, 0x00000000a3100000, 0x00000000a3200000|  0%| F|  |TAMS 0x00000000a3100000, 0x00000000a3100000| Untracked 
|  32|0x00000000a3200000, 0x00000000a3200000, 0x00000000a3300000|  0%| F|  |TAMS 0x00000000a3200000, 0x00000000a3200000| Untracked 
|  33|0x00000000a3300000, 0x00000000a3300000, 0x00000000a3400000|  0%| F|  |TAMS 0x00000000a3300000, 0x00000000a3300000| Untracked 
|  34|0x00000000a3400000, 0x00000000a3400000, 0x00000000a3500000|  0%| F|  |TAMS 0x00000000a3400000, 0x00000000a3400000| Untracked 
|  35|0x00000000a3500000, 0x00000000a3500000, 0x00000000a3600000|  0%| F|  |TAMS 0x00000000a3500000, 0x00000000a3500000| Untracked 
|  36|0x00000000a3600000, 0x00000000a3600000, 0x00000000a3700000|  0%| F|  |TAMS 0x00000000a3600000, 0x00000000a3600000| Untracked 
|  37|0x00000000a3700000, 0x00000000a3700000, 0x00000000a3800000|  0%| F|  |TAMS 0x00000000a3700000, 0x00000000a3700000| Untracked 
|  38|0x00000000a3800000, 0x00000000a3800000, 0x00000000a3900000|  0%| F|  |TAMS 0x00000000a3800000, 0x00000000a3800000| Untracked 
|  39|0x00000000a3900000, 0x00000000a3900000, 0x00000000a3a00000|  0%| F|  |TAMS 0x00000000a3900000, 0x00000000a3900000| Untracked 
|  40|0x00000000a3a00000, 0x00000000a3a00000, 0x00000000a3b00000|  0%| F|  |TAMS 0x00000000a3a00000, 0x00000000a3a00000| Untracked 
|  41|0x00000000a3b00000, 0x00000000a3b00000, 0x00000000a3c00000|  0%| F|  |TAMS 0x00000000a3b00000, 0x00000000a3b00000| Untracked 
|  42|0x00000000a3c00000, 0x00000000a3c00000, 0x00000000a3d00000|  0%| F|  |TAMS 0x00000000a3c00000, 0x00000000a3c00000| Untracked 
|  43|0x00000000a3d00000, 0x00000000a3d00000, 0x00000000a3e00000|  0%| F|  |TAMS 0x00000000a3d00000, 0x00000000a3d00000| Untracked 
|  44|0x00000000a3e00000, 0x00000000a3e00000, 0x00000000a3f00000|  0%| F|  |TAMS 0x00000000a3e00000, 0x00000000a3e00000| Untracked 
|  45|0x00000000a3f00000, 0x00000000a3f00000, 0x00000000a4000000|  0%| F|  |TAMS 0x00000000a3f00000, 0x00000000a3f00000| Untracked 
|  46|0x00000000a4000000, 0x00000000a4000000, 0x00000000a4100000|  0%| F|  |TAMS 0x00000000a4000000, 0x00000000a4000000| Untracked 
|  47|0x00000000a4100000, 0x00000000a4100000, 0x00000000a4200000|  0%| F|  |TAMS 0x00000000a4100000, 0x00000000a4100000| Untracked 
|  48|0x00000000a4200000, 0x00000000a4200000, 0x00000000a4300000|  0%| F|  |TAMS 0x00000000a4200000, 0x00000000a4200000| Untracked 
|  49|0x00000000a4300000, 0x00000000a4300000, 0x00000000a4400000|  0%| F|  |TAMS 0x00000000a4300000, 0x00000000a4300000| Untracked 
|  50|0x00000000a4400000, 0x00000000a4400000, 0x00000000a4500000|  0%| F|  |TAMS 0x00000000a4400000, 0x00000000a4400000| Untracked 
|  51|0x00000000a4500000, 0x00000000a4500000, 0x00000000a4600000|  0%| F|  |TAMS 0x00000000a4500000, 0x00000000a4500000| Untracked 
|  52|0x00000000a4600000, 0x00000000a4600000, 0x00000000a4700000|  0%| F|  |TAMS 0x00000000a4600000, 0x00000000a4600000| Untracked 
|  53|0x00000000a4700000, 0x00000000a4700000, 0x00000000a4800000|  0%| F|  |TAMS 0x00000000a4700000, 0x00000000a4700000| Untracked 
|  54|0x00000000a4800000, 0x00000000a4800000, 0x00000000a4900000|  0%| F|  |TAMS 0x00000000a4800000, 0x00000000a4800000| Untracked 
|  55|0x00000000a4900000, 0x00000000a4900000, 0x00000000a4a00000|  0%| F|  |TAMS 0x00000000a4900000, 0x00000000a4900000| Untracked 
|  56|0x00000000a4a00000, 0x00000000a4a00000, 0x00000000a4b00000|  0%| F|  |TAMS 0x00000000a4a00000, 0x00000000a4a00000| Untracked 
|  57|0x00000000a4b00000, 0x00000000a4b00000, 0x00000000a4c00000|  0%| F|  |TAMS 0x00000000a4b00000, 0x00000000a4b00000| Untracked 
|  58|0x00000000a4c00000, 0x00000000a4c00000, 0x00000000a4d00000|  0%| F|  |TAMS 0x00000000a4c00000, 0x00000000a4c00000| Untracked 
|  59|0x00000000a4d00000, 0x00000000a4d00000, 0x00000000a4e00000|  0%| F|  |TAMS 0x00000000a4d00000, 0x00000000a4d00000| Untracked 
|  60|0x00000000a4e00000, 0x00000000a4e00000, 0x00000000a4f00000|  0%| F|  |TAMS 0x00000000a4e00000, 0x00000000a4e00000| Untracked 
|  61|0x00000000a4f00000, 0x00000000a4f00000, 0x00000000a5000000|  0%| F|  |TAMS 0x00000000a4f00000, 0x00000000a4f00000| Untracked 
|  62|0x00000000a5000000, 0x00000000a5000000, 0x00000000a5100000|  0%| F|  |TAMS 0x00000000a5000000, 0x00000000a5000000| Untracked 
|  63|0x00000000a5100000, 0x00000000a5100000, 0x00000000a5200000|  0%| F|  |TAMS 0x00000000a5100000, 0x00000000a5100000| Untracked 
|  64|0x00000000a5200000, 0x00000000a5200000, 0x00000000a5300000|  0%| F|  |TAMS 0x00000000a5200000, 0x00000000a5200000| Untracked 
|  65|0x00000000a5300000, 0x00000000a5300000, 0x00000000a5400000|  0%| F|  |TAMS 0x00000000a5300000, 0x00000000a5300000| Untracked 
|  66|0x00000000a5400000, 0x00000000a5400000, 0x00000000a5500000|  0%| F|  |TAMS 0x00000000a5400000, 0x00000000a5400000| Untracked 
|  67|0x00000000a5500000, 0x00000000a5500000, 0x00000000a5600000|  0%| F|  |TAMS 0x00000000a5500000, 0x00000000a5500000| Untracked 
|  68|0x00000000a5600000, 0x00000000a5600000, 0x00000000a5700000|  0%| F|  |TAMS 0x00000000a5600000, 0x00000000a5600000| Untracked 
|  69|0x00000000a5700000, 0x00000000a5700000, 0x00000000a5800000|  0%| F|  |TAMS 0x00000000a5700000, 0x00000000a5700000| Untracked 
|  70|0x00000000a5800000, 0x00000000a5800000, 0x00000000a5900000|  0%| F|  |TAMS 0x00000000a5800000, 0x00000000a5800000| Untracked 
|  71|0x00000000a5900000, 0x00000000a5900000, 0x00000000a5a00000|  0%| F|  |TAMS 0x00000000a5900000, 0x00000000a5900000| Untracked 
|  72|0x00000000a5a00000, 0x00000000a5a00000, 0x00000000a5b00000|  0%| F|  |TAMS 0x00000000a5a00000, 0x00000000a5a00000| Untracked 
|  73|0x00000000a5b00000, 0x00000000a5b00000, 0x00000000a5c00000|  0%| F|  |TAMS 0x00000000a5b00000, 0x00000000a5b00000| Untracked 
|  74|0x00000000a5c00000, 0x00000000a5c00000, 0x00000000a5d00000|  0%| F|  |TAMS 0x00000000a5c00000, 0x00000000a5c00000| Untracked 
|  75|0x00000000a5d00000, 0x00000000a5d00000, 0x00000000a5e00000|  0%| F|  |TAMS 0x00000000a5d00000, 0x00000000a5d00000| Untracked 
|  76|0x00000000a5e00000, 0x00000000a5e00000, 0x00000000a5f00000|  0%| F|  |TAMS 0x00000000a5e00000, 0x00000000a5e00000| Untracked 
|  77|0x00000000a5f00000, 0x00000000a5f00000, 0x00000000a6000000|  0%| F|  |TAMS 0x00000000a5f00000, 0x00000000a5f00000| Untracked 
|  78|0x00000000a6000000, 0x00000000a6000000, 0x00000000a6100000|  0%| F|  |TAMS 0x00000000a6000000, 0x00000000a6000000| Untracked 
|  79|0x00000000a6100000, 0x00000000a6100000, 0x00000000a6200000|  0%| F|  |TAMS 0x00000000a6100000, 0x00000000a6100000| Untracked 
|  80|0x00000000a6200000, 0x00000000a6252720, 0x00000000a6300000| 32%| E|  |TAMS 0x00000000a6200000, 0x00000000a6200000| Complete 
|  81|0x00000000a6300000, 0x00000000a6400000, 0x00000000a6400000|100%| E|CS|TAMS 0x00000000a6300000, 0x00000000a6300000| Complete 
|  82|0x00000000a6400000, 0x00000000a6500000, 0x00000000a6500000|100%| E|CS|TAMS 0x00000000a6400000, 0x00000000a6400000| Complete 
|  83|0x00000000a6500000, 0x00000000a6600000, 0x00000000a6600000|100%| E|CS|TAMS 0x00000000a6500000, 0x00000000a6500000| Complete 
|  84|0x00000000a6600000, 0x00000000a6700000, 0x00000000a6700000|100%| E|CS|TAMS 0x00000000a6600000, 0x00000000a6600000| Complete 
|  85|0x00000000a6700000, 0x00000000a6800000, 0x00000000a6800000|100%| E|CS|TAMS 0x00000000a6700000, 0x00000000a6700000| Complete 
|  86|0x00000000a6800000, 0x00000000a6900000, 0x00000000a6900000|100%| E|CS|TAMS 0x00000000a6800000, 0x00000000a6800000| Complete 
|  87|0x00000000a6900000, 0x00000000a6a00000, 0x00000000a6a00000|100%| S|CS|TAMS 0x00000000a6900000, 0x00000000a6900000| Complete 
|  88|0x00000000a6a00000, 0x00000000a6b00000, 0x00000000a6b00000|100%| S|CS|TAMS 0x00000000a6a00000, 0x00000000a6a00000| Complete 
|  89|0x00000000a6b00000, 0x00000000a6c00000, 0x00000000a6c00000|100%| E|CS|TAMS 0x00000000a6b00000, 0x00000000a6b00000| Complete 
|  90|0x00000000a6c00000, 0x00000000a6d00000, 0x00000000a6d00000|100%| E|CS|TAMS 0x00000000a6c00000, 0x00000000a6c00000| Complete 
|  91|0x00000000a6d00000, 0x00000000a6e00000, 0x00000000a6e00000|100%| E|CS|TAMS 0x00000000a6d00000, 0x00000000a6d00000| Complete 
|  92|0x00000000a6e00000, 0x00000000a6f00000, 0x00000000a6f00000|100%| E|CS|TAMS 0x00000000a6e00000, 0x00000000a6e00000| Complete 
|  93|0x00000000a6f00000, 0x00000000a7000000, 0x00000000a7000000|100%| E|CS|TAMS 0x00000000a6f00000, 0x00000000a6f00000| Complete 
|  94|0x00000000a7000000, 0x00000000a7100000, 0x00000000a7100000|100%| E|CS|TAMS 0x00000000a7000000, 0x00000000a7000000| Complete 
|  95|0x00000000a7100000, 0x00000000a7200000, 0x00000000a7200000|100%| E|CS|TAMS 0x00000000a7100000, 0x00000000a7100000| Complete 

Card table byte_map: [0x00000220e9670000,0x00000220e9970000] _byte_map_base: 0x00000220e9167000

Marking Bits (Prev, Next): (CMBitMap*) 0x00000220d1fbc828, (CMBitMap*) 0x00000220d1fbc868
 Prev Bits: [0x00000220e9c70000, 0x00000220eb428000)
 Next Bits: [0x00000220eb430000, 0x00000220ecbe8000)

Polling page: 0x00000220cfd30000

Metaspace:

Usage:
  Non-class:      5.06 MB capacity,     4.50 MB ( 89%) used,   557.93 KB ( 11%) free+waste,    19.69 KB ( <1%) overhead. 
      Class:    758.00 KB capacity,   666.54 KB ( 88%) used,    80.15 KB ( 11%) free+waste,    11.31 KB (  1%) overhead. 
       Both:      5.80 MB capacity,     5.15 MB ( 89%) used,   638.08 KB ( 11%) free+waste,    31.00 KB ( <1%) overhead. 

Virtual space:
  Non-class space:        8.00 MB reserved,       5.25 MB ( 66%) committed 
      Class space:        1.00 GB reserved,     768.00 KB ( <1%) committed 
             Both:        1.01 GB reserved,       6.00 MB ( <1%) committed 

Chunk freelists:
   Non-Class:  384 bytes
       Class:  1.25 KB
        Both:  1.63 KB

CodeHeap 'non-profiled nmethods': size=238912Kb used=1619Kb max_used=1619Kb free=237292Kb
 bounds [0x00000220daa20000, 0x00000220dac90000, 0x00000220e9370000]
CodeHeap 'non-nmethods': size=6848Kb used=1123Kb max_used=1123Kb free=5724Kb
 bounds [0x00000220da370000, 0x00000220da5e0000, 0x00000220daa20000]
 total_blobs=1547 nmethods=1105 adapters=352
 compilation: enabled
              stopped_count=0, restarted_count=0
 full_count=0

Compilation events (10 events):
Event: 1.320 Thread 0x00000220ef0c3800 nmethod 1004 0x00000220dab81410 code [0x00000220dab815c0, 0x00000220dab81718]
Event: 1.320 Thread 0x00000220ef0c3800 1015       1       java.lang.String::subSequence (7 bytes)
Event: 1.320 Thread 0x00000220ef0c3800 nmethod 1015 0x00000220dab81810 code [0x00000220dab819c0, 0x00000220dab81b10]
Event: 1.320 Thread 0x00000220ef0c3800 1016       1       java.lang.ClassLoader::checkName (37 bytes)
Event: 1.321 Thread 0x00000220ef0c3800 nmethod 1016 0x00000220dab81b90 code [0x00000220dab81d80, 0x00000220dab820c0]
Event: 1.321 Thread 0x00000220ef0c3800 1017  s!   1       jdk.internal.loader.URLClassPath::getLoader (194 bytes)
Event: 1.323 Thread 0x00000220ef0c3800 nmethod 1017 0x00000220dab82310 code [0x00000220dab82600, 0x00000220dab83490]
Event: 1.323 Thread 0x00000220ef0c3800 1021       1       java.util.regex.Pattern$BmpCharPropertyGreedy::match (89 bytes)
Event: 1.324 Thread 0x00000220ef0c3800 nmethod 1021 0x00000220dab83e90 code [0x00000220dab84080, 0x00000220dab84370]
Event: 1.324 Thread 0x00000220ef0c3800 1020   !   1       java.util.concurrent.ConcurrentHashMap::computeIfAbsent (576 bytes)

GC Heap History (4 events):
Event: 0.574 GC heap before
{Heap before GC invocations=0 (full 0):
 garbage-first heap   total 98304K, used 14336K [0x00000000a1200000, 0x0000000100000000)
  region size 1024K, 14 young (14336K), 0 survivors (0K)
 Metaspace       used 467K, capacity 4518K, committed 4864K, reserved 1056768K
  class space    used 42K, capacity 399K, committed 512K, reserved 1048576K
}
Event: 0.582 GC heap after
{Heap after GC invocations=1 (full 0):
 garbage-first heap   total 98304K, used 11424K [0x00000000a1200000, 0x0000000100000000)
  region size 1024K, 2 young (2048K), 2 survivors (2048K)
 Metaspace       used 467K, capacity 4518K, committed 4864K, reserved 1056768K
  class space    used 42K, capacity 399K, committed 512K, reserved 1048576K
}
Event: 0.738 GC heap before
{Heap before GC invocations=1 (full 0):
 garbage-first heap   total 98304K, used 18592K [0x00000000a1200000, 0x0000000100000000)
  region size 1024K, 9 young (9216K), 2 survivors (2048K)
 Metaspace       used 1824K, capacity 4641K, committed 4864K, reserved 1056768K
  class space    used 226K, capacity 444K, committed 512K, reserved 1048576K
}
Event: 0.744 GC heap after
{Heap after GC invocations=2 (full 0):
 garbage-first heap   total 98304K, used 18193K [0x00000000a1200000, 0x0000000100000000)
  region size 1024K, 2 young (2048K), 2 survivors (2048K)
 Metaspace       used 1824K, capacity 4641K, committed 4864K, reserved 1056768K
  class space    used 226K, capacity 444K, committed 512K, reserved 1048576K
}

Deoptimization events (0 events):
No events

Classes redefined (0 events):
No events

Internal exceptions (8 events):
Event: 0.670 Thread 0x00000220d1f86800 Exception <a 'java/lang/NoSuchMethodError'{0x00000000a6b38a30}: java.lang.invoke.DirectMethodHandle$Holder.invokeStaticInit(Ljava/lang/Object;Ljava/lang/Object;Ljava/lang/Object;)Ljava/lang/Object;> (0x00000000a6b38a30) thrown at [t:/workspace/open/src/ho
Event: 0.676 Thread 0x00000220d1f86800 Exception <a 'java/lang/NoSuchMethodError'{0x00000000a6b52368}: java.lang.invoke.DirectMethodHandle$Holder.invokeInterface(Ljava/lang/Object;Ljava/lang/Object;)I> (0x00000000a6b52368) thrown at [t:/workspace/open/src/hotspot/share/interpreter/linkResolver
Event: 0.676 Thread 0x00000220d1f86800 Exception <a 'java/lang/IncompatibleClassChangeError'{0x00000000a6b54e68}: Found class java.lang.Object, but interface was expected> (0x00000000a6b54e68) thrown at [t:/workspace/open/src/hotspot/share/interpreter/linkResolver.cpp, line 843]
Event: 0.843 Thread 0x00000220d1f86800 Exception <a 'java/lang/NoSuchMethodError'{0x00000000a70961e8}: java.lang.invoke.DirectMethodHandle$Holder.invokeSpecialIFC(Ljava/lang/Object;Ljava/lang/Object;Ljava/lang/Object;)I> (0x00000000a70961e8) thrown at [t:/workspace/open/src/hotspot/share/inter
Event: 0.875 Thread 0x00000220d1f86800 Exception <a 'java/lang/NoSuchMethodError'{0x00000000a70fc5a8}: java.lang.invoke.DirectMethodHandle$Holder.invokeStaticInit(Ljava/lang/Object;IIII)Ljava/lang/Object;> (0x00000000a70fc5a8) thrown at [t:/workspace/open/src/hotspot/share/interpreter/linkReso
Event: 1.213 Thread 0x00000220d1f86800 Exception <a 'java/lang/NoSuchMethodError'{0x00000000a6f36d30}: java.lang.invoke.DirectMethodHandle$Holder.invokeStaticInit(Ljava/lang/Object;Ljava/lang/Object;IIII)Ljava/lang/Object;> (0x00000000a6f36d30) thrown at [t:/workspace/open/src/hotspot/share/in
Event: 1.225 Thread 0x00000220d1f86800 Exception <a 'java/lang/ClassNotFoundException'{0x00000000a6f52130}: javax/management/remote/rmi/RMIServerImpl_Skel> (0x00000000a6f52130) thrown at [t:/workspace/open/src/hotspot/share/classfile/systemDictionary.cpp, line 235]
Event: 1.256 Thread 0x00000220d1f86800 Exception <a 'java/lang/ClassNotFoundException'{0x00000000a6fa1bd0}: jdk/internal/agent/resources/spi/agentProvider> (0x00000000a6fa1bd0) thrown at [t:/workspace/open/src/hotspot/share/classfile/systemDictionary.cpp, line 235]

Events (10 events):
Event: 1.317 loading class java/util/regex/Pattern$SliceI
Event: 1.317 loading class java/util/regex/Pattern$SliceI done
Event: 1.317 loading class java/util/regex/Pattern$2
Event: 1.317 loading class java/util/regex/Pattern$2 done
Event: 1.320 loading class javax/servlet/Servlet
Event: 1.320 loading class javax/servlet/Servlet done
Event: 1.322 loading class org/apache/logging/log4j/message/DefaultFlowMessageFactory
Event: 1.322 loading class org/apache/logging/log4j/message/DefaultFlowMessageFactory done
Event: 1.323 loading class org/apache/logging/log4j/message/FlowMessageFactory
Event: 1.323 loading class org/apache/logging/log4j/message/FlowMessageFactory done


Dynamic libraries:
0x00007ff694830000 - 0x00007ff69483f000 	C:\Program Files\Java\jdk-12.0.1\bin\javaw.exe
0x00007ff8454e0000 - 0x00007ff8456d0000 	C:\WINDOWS\SYSTEM32\ntdll.dll
0x00007ff844a60000 - 0x00007ff844b12000 	C:\WINDOWS\System32\KERNEL32.DLL
0x00007ff842dc0000 - 0x00007ff843063000 	C:\WINDOWS\System32\KERNELBASE.dll
0x00007ff843070000 - 0x00007ff84316a000 	C:\WINDOWS\System32\ucrtbase.dll
0x00007ff836ee0000 - 0x00007ff836ef8000 	C:\Program Files\Java\jdk-12.0.1\bin\jli.dll
0x00007ff82c860000 - 0x00007ff82c876000 	C:\Program Files\Java\jdk-12.0.1\bin\VCRUNTIME140.dll
0x00007ff844720000 - 0x00007ff8447c3000 	C:\WINDOWS\System32\ADVAPI32.dll
0x00007ff8436d0000 - 0x00007ff84376e000 	C:\WINDOWS\System32\msvcrt.dll
0x00007ff845400000 - 0x00007ff845497000 	C:\WINDOWS\System32\sechost.dll
0x00007ff8452e0000 - 0x00007ff845400000 	C:\WINDOWS\System32\RPCRT4.dll
0x00007ff844d60000 - 0x00007ff844ef4000 	C:\WINDOWS\System32\USER32.dll
0x00007ff843560000 - 0x00007ff843581000 	C:\WINDOWS\System32\win32u.dll
0x00007ff839430000 - 0x00007ff8396b5000 	C:\WINDOWS\WinSxS\amd64_microsoft.windows.common-controls_6595b64144ccf1df_6.0.18362.535_none_e6c3b34713100821\COMCTL32.dll
0x00007ff844bf0000 - 0x00007ff844c16000 	C:\WINDOWS\System32\GDI32.dll
0x00007ff844f00000 - 0x00007ff845236000 	C:\WINDOWS\System32\combase.dll
0x00007ff8432a0000 - 0x00007ff843434000 	C:\WINDOWS\System32\gdi32full.dll
0x00007ff8431d0000 - 0x00007ff84326e000 	C:\WINDOWS\System32\msvcp_win.dll
0x00007ff842470000 - 0x00007ff8424f0000 	C:\WINDOWS\System32\bcryptPrimitives.dll
0x00007ff8399b0000 - 0x00007ff8399ba000 	C:\WINDOWS\SYSTEM32\VERSION.dll
0x00007ff8452b0000 - 0x00007ff8452de000 	C:\WINDOWS\System32\IMM32.DLL
0x00007ff825cf0000 - 0x00007ff825d9a000 	C:\Program Files\Java\jdk-12.0.1\bin\msvcp140.dll
0x00007fffea110000 - 0x00007fffeac84000 	C:\Program Files\Java\jdk-12.0.1\bin\server\jvm.dll
0x00007ff843f50000 - 0x00007ff843f58000 	C:\WINDOWS\System32\PSAPI.DLL
0x00007ff838e60000 - 0x00007ff838e84000 	C:\WINDOWS\SYSTEM32\WINMM.dll
0x00007ff840f10000 - 0x00007ff840f19000 	C:\WINDOWS\SYSTEM32\WSOCK32.dll
0x00007ff845240000 - 0x00007ff8452af000 	C:\WINDOWS\System32\WS2_32.dll
0x00007ff838d20000 - 0x00007ff838d4d000 	C:\WINDOWS\SYSTEM32\WINMMBASE.dll
0x00007ff8434f0000 - 0x00007ff84353a000 	C:\WINDOWS\System32\cfgmgr32.dll
0x00007ff842430000 - 0x00007ff842441000 	C:\WINDOWS\System32\kernel.appcore.dll
0x00007ff82c840000 - 0x00007ff82c851000 	C:\Program Files\Java\jdk-12.0.1\bin\verify.dll
0x00007ff840c90000 - 0x00007ff840e84000 	C:\WINDOWS\SYSTEM32\DBGHELP.DLL
0x00007ff83a280000 - 0x00007ff83a2aa000 	C:\WINDOWS\SYSTEM32\dbgcore.DLL
0x00007ff82c810000 - 0x00007ff82c836000 	C:\Program Files\Java\jdk-12.0.1\bin\java.dll
0x00007ff82c660000 - 0x00007ff82c677000 	C:\Program Files\Java\jdk-12.0.1\bin\zip.dll
0x00007ff83da00000 - 0x00007ff83da0a000 	C:\Program Files\Java\jdk-12.0.1\bin\jimage.dll
0x00007ff844030000 - 0x00007ff844715000 	C:\WINDOWS\System32\SHELL32.dll
0x00007ff843e40000 - 0x00007ff843ee9000 	C:\WINDOWS\System32\shcore.dll
0x00007ff8424f0000 - 0x00007ff842c6f000 	C:\WINDOWS\System32\windows.storage.dll
0x00007ff842450000 - 0x00007ff84246f000 	C:\WINDOWS\System32\profapi.dll
0x00007ff8423e0000 - 0x00007ff84242a000 	C:\WINDOWS\System32\powrprof.dll
0x00007ff8423b0000 - 0x00007ff8423c0000 	C:\WINDOWS\System32\UMPDC.dll
0x00007ff843ef0000 - 0x00007ff843f42000 	C:\WINDOWS\System32\shlwapi.dll
0x00007ff843540000 - 0x00007ff843557000 	C:\WINDOWS\System32\cryptsp.dll
0x00007ff82c370000 - 0x00007ff82c389000 	C:\Program Files\Java\jdk-12.0.1\bin\net.dll
0x00007ff83a9f0000 - 0x00007ff83abc6000 	C:\WINDOWS\SYSTEM32\urlmon.dll
0x00007ff83ccf0000 - 0x00007ff83cde0000 	C:\WINDOWS\SYSTEM32\WINHTTP.dll
0x00007ff834100000 - 0x00007ff8343a6000 	C:\WINDOWS\SYSTEM32\iertutil.dll
0x00007ff841d90000 - 0x00007ff841d9c000 	C:\WINDOWS\SYSTEM32\CRYPTBASE.DLL
0x00007ff841bc0000 - 0x00007ff841c27000 	C:\WINDOWS\system32\mswsock.dll
0x00007ff82c350000 - 0x00007ff82c363000 	C:\Program Files\Java\jdk-12.0.1\bin\nio.dll
0x00007ff83d9c0000 - 0x00007ff83d9c9000 	C:\Program Files\Java\jdk-12.0.1\bin\management.dll
0x00007ff839a20000 - 0x00007ff839a2c000 	C:\Program Files\Java\jdk-12.0.1\bin\management_ext.dll
0x00007ff83d0b0000 - 0x00007ff83d0c6000 	C:\WINDOWS\system32\napinsp.dll
0x00007ff837ee0000 - 0x00007ff837efa000 	C:\WINDOWS\system32\pnrpnsp.dll
0x00007ff841910000 - 0x00007ff8419da000 	C:\WINDOWS\SYSTEM32\DNSAPI.dll
0x00007ff844980000 - 0x00007ff844988000 	C:\WINDOWS\System32\NSI.dll
0x00007ff8418d0000 - 0x00007ff84190a000 	C:\WINDOWS\SYSTEM32\IPHLPAPI.DLL
0x00007ff83ba30000 - 0x00007ff83ba3e000 	C:\WINDOWS\System32\winrnr.dll
0x00007ff83ca60000 - 0x00007ff83ca7c000 	C:\WINDOWS\system32\NLAapi.dll
0x00007ff8251e0000 - 0x00007ff8251f5000 	C:\WINDOWS\system32\wshbth.dll
0x00007ff838760000 - 0x00007ff83876a000 	C:\Windows\System32\rasadhlp.dll
0x00007ff83b760000 - 0x00007ff83b7d7000 	C:\WINDOWS\System32\fwpuclnt.dll
0x00007ff843270000 - 0x00007ff843296000 	C:\WINDOWS\System32\bcrypt.dll
0x00007ff841730000 - 0x00007ff841763000 	C:\WINDOWS\system32\rsaenh.dll
0x00007ff8422d0000 - 0x00007ff8422f5000 	C:\WINDOWS\SYSTEM32\USERENV.dll
0x00007ff83b9f0000 - 0x00007ff83ba06000 	C:\WINDOWS\SYSTEM32\dhcpcsvc6.DLL
0x00007ff83c490000 - 0x00007ff83c4ac000 	C:\WINDOWS\SYSTEM32\dhcpcsvc.DLL

dbghelp: loaded successfully - version: 4.0.5 - missing functions: none
symbol engine: initialized successfully - sym options: 0x614 - pdb path: .;C:\Program Files\Java\jdk-12.0.1\bin;C:\WINDOWS\SYSTEM32;C:\WINDOWS\WinSxS\amd64_microsoft.windows.common-controls_6595b64144ccf1df_6.0.18362.535_none_e6c3b34713100821;C:\Program Files\Java\jdk-12.0.1\bin\server

VM Arguments:
jvm_args: -Dcom.sun.management.jmxremote -Dcom.sun.management.jmxremote.port=65300 -Dcom.sun.management.jmxremote.authenticate=false -Dcom.sun.management.jmxremote.ssl=false -Djava.rmi.server.hostname=localhost -Dspring.jmx.enabled=true -Dspring.application.admin.enabled=true -Xverify:none -XX:TieredStopAtLevel=1 -Dspring.boot.project.name=Father_Son_Daughter -Dfile.encoding=UTF-8 
java_command: com.example.demo.FatherSonDaughterApplication --spring.output.ansi.enabled=always
java_class_path (initial): C:\Users\PIYUSH004\Documents\workspace-spring-tool-suite-4-4.3.0.RELEASE\Father_Son_Daughter\target\classes;C:\Users\PIYUSH004\.m2\repository\com\google\code\gson\gson\2.8.5\gson-2.8.5.jar;C:\Users\PIYUSH004\.m2\repository\org\springframework\boot\spring-boot-starter-web\2.1.6.RELEASE\spring-boot-starter-web-2.1.6.RELEASE.jar;C:\Users\PIYUSH004\.m2\repository\org\springframework\boot\spring-boot-starter-json\2.1.6.RELEASE\spring-boot-starter-json-2.1.6.RELEASE.jar;C:\Users\PIYUSH004\.m2\repository\org\hibernate\validator\hibernate-validator\6.0.17.Final\hibernate-validator-6.0.17.Final.jar;C:\Users\PIYUSH004\.m2\repository\javax\validation\validation-api\2.0.1.Final\validation-api-2.0.1.Final.jar;C:\Users\PIYUSH004\.m2\repository\org\jboss\logging\jboss-logging\3.3.2.Final\jboss-logging-3.3.2.Final.jar;C:\Users\PIYUSH004\.m2\repository\org\springframework\spring-web\5.1.8.RELEASE\spring-web-5.1.8.RELEASE.jar;C:\Users\PIYUSH004\.m2\repository\org\springframework\spring-webmvc\5.1.8.RELEASE\spring-webmvc-5.1.8.RELEASE.jar;C:\Users\PIYUSH004\.m2\repository\org\springframework\spring-aop\5.1.8.RELEASE\spring-aop-5.1.8.RELEASE.jar;C:\Users\PIYUSH004\.m2\repository\org\springframework\spring-expression\5.1.8.RELEASE\spring-expression-5.1.8.RELEASE.jar;C:\Users\PIYUSH004\.m2\repository\org\springframework\boot\spring-boot-starter-data-solr\2.1.6.RELEASE\spring-boot-starter-data-solr-2.1.6.RELEASE.jar;C:\Users\PIYUSH004\.m2\repository\org\apache\solr\solr-solrj\7.7.2\solr-solrj-7.7.2.jar;C:\Users\PIYUSH004\.m2\repository\org\apache\commons\commons-math3\3.6.1\commons-math3-3.6.1.jar;C:\Users\PIYUSH004\.m2\repository\org\apache\httpcomponents\httpclient\4.5.9\httpclient-4.5.9.jar;C:\Users\PIYUSH004\.m2\repository\org\apache\httpcomponents\httpcore\4.4.11\httpcore-4.4.11.jar;C:\Users\PIYUSH004\.m2\repository\org\apache\zookeeper\zookeeper\3.4.14\zookeeper-3.4.14.jar;C:\Users\PIYUSH004\.m2\repository\org\codehaus\woodstox\stax2-api\3.1.4\stax2-api-
Launcher Type: SUN_STANDARD

[Global flags]
     bool BytecodeVerificationLocal                = false                                     {product} {command line}
     bool BytecodeVerificationRemote               = false                                     {product} {command line}
     intx CICompilerCount                          = 3                                         {product} {ergonomic}
     uint ConcGCThreads                            = 1                                         {product} {ergonomic}
     uint G1ConcRefinementThreads                  = 4                                         {product} {ergonomic}
   size_t G1HeapRegionSize                         = 1048576                                   {product} {ergonomic}
    uintx GCDrainStackTargetSize                   = 64                                        {product} {ergonomic}
   size_t InitialHeapSize                          = 100663296                                 {product} {ergonomic}
     bool ManagementServer                         = true                                      {product} {command line}
   size_t MarkStackSize                            = 4194304                                   {product} {ergonomic}
   size_t MaxHeapSize                              = 1591738368                                {product} {ergonomic}
   size_t MaxNewSize                               = 954204160                                 {product} {ergonomic}
   size_t MinHeapDeltaBytes                        = 1048576                                   {product} {ergonomic}
    uintx NonNMethodCodeHeapSize                   = 6973028                                {pd product} {ergonomic}
    uintx NonProfiledCodeHeapSize                  = 244685212                              {pd product} {ergonomic}
    uintx ProfiledCodeHeapSize                     = 0                                      {pd product} {ergonomic}
    uintx ReservedCodeCacheSize                    = 251658240                              {pd product} {ergonomic}
     bool SegmentedCodeCache                       = true                                      {product} {ergonomic}
     intx TieredStopAtLevel                        = 1                                         {product} {command line}
     bool UseCompressedClassPointers               = true                                 {lp64_product} {ergonomic}
     bool UseCompressedOops                        = true                                 {lp64_product} {ergonomic}
     bool UseG1GC                                  = true                                      {product} {ergonomic}
     bool UseLargePagesIndividualAllocation        = false                                  {pd product} {ergonomic}

Logging:
Log output configuration:
 #0: stdout all=warning uptime,level,tags
 #1: stderr all=off uptime,level,tags

Environment Variables:
PATH=C:/Program Files/Java/jre1.8.0_111/bin/server;C:/Program Files/Java/jre1.8.0_111/bin;C:/Program Files/Java/jre1.8.0_111/lib/amd64;C:\ProgramData\Oracle\Java\javapath;C:\Program Files (x86)\Intel\iCLS Client\;C:\Program Files\Intel\iCLS Client\;C:\WINDOWS\system32;C:\WINDOWS;C:\WINDOWS\System32\Wbem;C:\WINDOWS\System32\WindowsPowerShell\v1.0\;C:\Program Files (x86)\Intel\Intel(R) Management Engine Components\DAL;C:\Program Files\Intel\Intel(R) Management Engine Components\DAL;C:\Program Files (x86)\Intel\Intel(R) Management Engine Components\IPT;C:\Program Files\Intel\Intel(R) Management Engine Components\IPT;C:\Program Files (x86)\ATI Technologies\ATI.ACE\Core-Static;C:\WINDOWS\System32\OpenSSH\;C:\Program Files\MATLAB\R2019a\bin;C:\Program Files\nodejs\;C:\Program Files\Git\cmd;C:\Users\PIYUSH004\AppData\Local\Microsoft\WindowsApps;C:\Users\PIYUSH004\AppData\Roaming\npm;C:\Users\PIYUSH004\Downloads\sts-4.3.0.RELEASE;
USERNAME=PIYUSH004
OS=Windows_NT
PROCESSOR_IDENTIFIER=Intel64 Family 6 Model 61 Stepping 4, GenuineIntel



---------------  S Y S T E M  ---------------

OS: Windows 10 , 64 bit Build 18362 (10.0.18362.329)

CPU:total 4 (initial active 4) (2 cores per cpu, 2 threads per core) family 6 model 61 stepping 4, cmov, cx8, fxsr, mmx, sse, sse2, sse3, ssse3, sse4.1, sse4.2, popcnt, avx, avx2, aes, clmul, erms, 3dnowpref, lzcnt, ht, tsc, tscinvbit, bmi1, bmi2, adx, fma

Memory: 4k page, system-wide physical 6064M (963M free)
TotalPageFile size 11952M (AvailPageFile size 3818M)
current process WorkingSet (physical memory assigned to process): 78M, peak: 78M
current process commit charge ("private bytes"): 182M, peak: 182M

vm_info: Java HotSpot(TM) 64-Bit Server VM (12.0.1+12) for windows-amd64 JRE (12.0.1+12), built on Apr  2 2019 14:02:19 by "mach5one" with MS VC++ 15.5 (VS2017)

END.
