#
# A fatal error has been detected by the Java Runtime Environment:
#
#  EXCEPTION_ACCESS_VIOLATION (0xc0000005) at pc=0x00007fffea7dbbb5, pid=11088, tid=900
#
# JRE version: Java(TM) SE Runtime Environment (12.0.1+12) (build 12.0.1+12)
# Java VM: Java HotSpot(TM) 64-Bit Server VM (12.0.1+12, mixed mode, sharing, tiered, compressed oops, g1 gc, windows-amd64)
# Problematic frame:
# V  [jvm.dll+0x6cbbb5]
#
# No core dump will be written. Minidumps are not enabled by default on client versions of Windows
#
# If you would like to submit a bug report, please visit:
#   http://bugreport.java.com/bugreport/crash.jsp
#

---------------  S U M M A R Y ------------

Command Line: -Dcom.sun.management.jmxremote -Dcom.sun.management.jmxremote.port=54972 -Dcom.sun.management.jmxremote.authenticate=false -Dcom.sun.management.jmxremote.ssl=false -Djava.rmi.server.hostname=localhost -Dspring.jmx.enabled=true -Dspring.application.admin.enabled=true -Xverify:none -XX:TieredStopAtLevel=1 -Dspring.boot.project.name=Father_Son_Daughter -Dfile.encoding=UTF-8 com.example.demo.FatherSonDaughterApplication --spring.output.ansi.enabled=always

Host: Intel(R) Core(TM) i5-5200U CPU @ 2.20GHz, 4 cores, 5G,  Windows 10 , 64 bit Build 18362 (10.0.18362.329)
Time: Tue Dec 31 13:14:30 2019 India Standard Time elapsed time: 1 seconds (0d 0h 0m 1s)

---------------  T H R E A D  ---------------

Current thread (0x0000019f528c5000):  WatcherThread [stack: 0x0000006d4d000000,0x0000006d4d100000] [id=900]

Stack: [0x0000006d4d000000,0x0000006d4d100000],  sp=0x0000006d4d0ff710,  free space=1021k
Native frames: (J=compiled Java code, j=interpreted, Vv=VM code, C=native code)
V  [jvm.dll+0x6cbbb5]
V  [jvm.dll+0x71b0dd]
V  [jvm.dll+0x74f809]
V  [jvm.dll+0x748648]
V  [jvm.dll+0x638566]
C  [ucrtbase.dll+0x20e72]
C  [KERNEL32.DLL+0x17bd4]
C  [ntdll.dll+0x6ced1]


siginfo: EXCEPTION_ACCESS_VIOLATION (0xc0000005), reading address 0xffffffffffffffff


Register to memory mapping:

RIP=0x00007fffea7dbbb5 jvm.dll
RAX=0x9f3c28ece0ba4900 is an unknown value
RBX=0x0 is NULL
RCX=0x0000019f528e42b0 points into unknown readable memory: 28 d1 9f ea ff 7f 00 00
RDX=0x0000000000000032 is an unknown value
RSP=0x0000006d4d0ff710 points into unknown readable memory: 00 50 8c 52 9f 01 00 00
RBP=0x0000000000000002 is an unknown value
RSI=0x0000019f52870f50 points into unknown readable memory: 07 00 00 00 08 00 00 00
RDI=0x0 is NULL
R8 =0x0 is NULL
R9 =0x0000019f3c280b80 is at begin+0 in a stub
StubRoutines::atomic_cmpxchg_long [0x0000019f3c280b80, 0x0000019f3c280b89[ (9 bytes)
R10=0x00000000546c6148 is an unknown value
R11=