#
# A fatal error has been detected by the Java Runtime Environment:
#
#  EXCEPTION_ACCESS_VIOLATION (0xc0000005) at pc=0x00007ffff3b73a6d, pid=5448, tid=7184
#
# JRE version: Java(TM) SE Runtime Environment (12.0.1+12) (build 12.0.1+12)
# Java VM: Java HotSpot(TM) 64-Bit Server VM (12.0.1+12, mixed mode, sharing, tiered, compressed oops, g1 gc, windows-amd64)
# Problematic frame:
# V  [jvm.dll+0x663a6d]
#
# No core dump will be written. Minidumps are not enabled by default on client versions of Windows
#
# If you would like to submit a bug report, please visit:
#   http://bugreport.java.com/bugreport/crash.jsp
#

---------------  S U M M A R Y ------------

Command Line: -Dcom.sun.management.jmxremote -Dcom.sun.management.jmxremote.port=61130 -Dcom.sun.management.jmxremote.authenticate=false -Dcom.sun.management.jmxremote.ssl=false -Djava.rmi.server.hostname=localhost -Dspring.jmx.enabled=true -Dspring.application.admin.enabled=true -Xverify:none -XX:TieredStopAtLevel=1 -Dspring.boot.project.name=Father_Son_Daughter -Dfile.encoding=UTF-8 com.example.demo.FatherSonDaughterApplication --spring.output.ansi.enabled=always

Host: Intel(R) Core(TM) i5-5200U CPU @ 2.20GHz, 4 cores, 5G,  Windows 10 , 64 bit Build 18362 (10.0.18362.329)
Time: Mon Dec 30 22:37:47 2019 India Standard Time elapsed time: 65 seconds (0d 0h 1m 5s)

---------------  T H R E A D  ---------------

Current thread (0x0000025b53065800):  JavaThread "DestroyJavaVM" [_thread_in_vm, id=7184, stack(0x0000008408400000,0x0000008408500000)]

Stack: [0x0000008408400000,0x0000008408500000],  sp=0x00000084084ff820,  free space=1022k
Native frames: (J=compiled Java code, j=interpreted, Vv=VM code, C=native code)
V  [jvm.dll+0x663a6d]
V  [jvm.dll+0x66401a]
V  [jvm.dll+0x37efe9]
V  [jvm.dll+0x74a707]
V  [jvm.dll+0x3ed698]
C  [jli.dll+0x5247]
C  [ucrtbase.dll+0x20e72]
C  [KERNEL32.DLL+0x17bd4]
C  [ntdll.dll+0x6ced1]


siginfo: EXCEPTION_ACCESS_VIOLATION (0xc0000005), reading address 0x0000000c00000013


Register to memory mapping:

RIP=0x00007ffff3b73a6d jvm.dll
RAX=0x0000000000000001 is an unknown value
RBX=0x0000000c0000000b is an unknown value
RCX=0x0000025b2d8d0000 points into unknown readable memory: 00 00 00 00 00 00 00 00
RDX=0x0000025b2d8d0000 points into unknown readable memory: 00 00 00 00 00 00 00 00
RSP=0x00000084084ff820 points into unknown readable memory: cc 00 00 00 00 00 00 00
RBP=0x0 is NULL
RSI=0x0 is NULL
RDI=0x0000025b4e35d590 points into unknown readable memory: 0b 00 00 00 0c 00 00 00
R8 =0x0000025b4eb5bc60 points into unknown readable memory: 00 13 bf 50 5b 02 00 00
R9 =0x0000000000000001 is an unknown value
R10=0x0000025b2d7b0cc0 points into unknown readable memory: 04 00 27 06 00 00 00 00
R11=0x00000084084ff720 points into unknown readable memory: 00 00 00 00 00 00 00 00
R12=0x0000025b2da63698 points into unknown readable memory: 40 5b 42 a2 00 00 00 00
R13=0x0000025b2d8ef840 points into unknown readable memory: 63 6f 6d 2e 65 78 61 6d
R14=0x0000025b2da63688 points into unknown readable memory: e0 78 42 a2 00 00 00 00
R15=0x0000025b2da63680 points into unknown readable memory: e0 78 42 a2 00 00 00 00


Registers:
RAX=0x0000000000000001, RBX=0x0000000c0000000b, RCX=0x0000025b2d8d0000, RDX=0x0000025b2d8d0000
RSP=0x00000084084ff820, RBP=0x0000000000000000, RSI=0x0000000000000000, RDI=0x0000025b4e35d590
R8 =0x0000025b4eb5bc60, R9 =0x0000000000000001, R10=0x0000025b2d7b0cc0, R11=0x00000084084ff720
R12=0x0000025b2da63698, R13=0x0000025b2d8ef840, R14=0x0000025b2da63688, R15=0x0000025b2da63680
RIP=0x00007ffff3b73a6d, EFLAGS=0x0000000000010202

Top of Stack: (sp=0x00000084084ff820)
0x00000084084ff820:   00000000000000cc 00007fff00000000
0x00000084084ff830:   0000025b00000000 0000000000000000
0x00000084084ff840:   0000025b53065800 00007ffff3b7401a
0x00000084084ff850:   0000025b2da5dc60 00000084084ffa08
0x00000084084ff860:   0000000000000000 0000025b53065800
0x00000084084ff870:   0000025b500b1010 00007ffff388efe9
0x00000084084ff880:   0000000000000000 00000084084ffa08
0x00000084084ff890:   0000000000000000 0000025b00000014
0x00000084084ff8a0:   0000025b53065800 00007ffff3c5a707
0x00000084084ff8b0:   0000025b2da5dc60 0000025b53065800
0x00000084084ff8c0:   0000000000000000 0000025b53065800
0x00000084084ff8d0:   0000025b53065800 0000025b2da63688
0x00000084084ff8e0:   000000000000000e 0000000000000000
0x00000084084ff8f0:   0000025b5082d500 0000025b2d8f8ee0
0x00000084084ff900:   0000025b53065800 0000025b5082d530
0x00000084084ff910:   0000025b2d8f8ee0 0000025b2d8f8ef0 

Instructions: (pc=0x00007ffff3b73a6d)
0x00007ffff3b73a4d:   8b ce e8 ec 93 a5 ff 48 8b 3d 7d 7a 44 00 48 8b
0x00007ffff3b73a5d:   74 24 40 48 85 ff 74 39 48 8b 1f 48 85 db 74 29
0x00007ffff3b73a6d:   48 83 7b 08 01 75 1a 48 8b 53 18 89 2b 48 85 d2
0x00007ffff3b73a7d:   74 0f 39 6b 04 48 8b cb e8 36 46 eb ff 48 89 6b 


Stack slot to memory mapping:
stack at sp + 0 slots: 0x00000000000000cc is an unknown value
stack at sp + 1 slots: 0x00007fff00000000 is an unknown value
stack at sp + 2 slots: 0x0000025b00000000 is an unknown value
stack at sp + 3 slots: 0x0 is NULL
stack at sp + 4 slots: 0x0000025b53065800 points into unknown readable memory: 88 1a e0 f3 ff 7f 00 00
stack at sp + 5 slots: 0x00007ffff3b7401a jvm.dll
stack at sp + 6 slots: 0x0000025b2da5dc60 points into unknown readable memory: 00 00 00 00 00 00 00 00
stack at sp + 7 slots: 0x00000084084ffa08 points into unknown readable memory: 00 00 00 00 00 00 00 00


---------------  P R O C E S S  ---------------

Threads class SMR info:
_java_thread_list=0x0000025b500b1010, length=20, elements={
0x0000025b4cac1800, 0x0000025b4cac5000, 0x0000025b4cadd000, 0x0000025b4cadf000,
0x0000025b4cae6000, 0x0000025b4caa8000, 0x0000025b4d5bf000, 0x0000025b4e3b1000,
0x0000025b4e3bc000, 0x0000025b4e3d6000, 0x0000025b4e580000, 0x0000025b4e6b6800,
0x0000025b4e6bc800, 0x0000025b4e6b7800, 0x0000025b53065000, 0x0000025b53066800,
0x0000025b53061000, 0x0000025b53067800, 0x0000025b53068000, 0x0000025b53061800
}

Java Threads: ( => current thread )
  0x0000025b4cac1800 JavaThread "Reference Handler" daemon [_thread_blocked, id=11188, stack(0x0000008408b00000,0x0000008408c00000)]
  0x0000025b4cac5000 JavaThread "Finalizer" daemon [_thread_blocked, id=6904, stack(0x0000008408c00000,0x0000008408d00000)]
  0x0000025b4cadd000 JavaThread "Attach Listener" daemon [_thread_blocked, id=7360, stack(0x0000008408e00000,0x0000008408f00000)]
  0x0000025b4cadf000 JavaThread "C1 CompilerThread0" daemon [_thread_blocked, id=13212, stack(0x0000008408f00000,0x0000008409000000)]
  0x0000025b4cae6000 JavaThread "Sweeper thread" daemon [_thread_blocked, id=12308, stack(0x0000008409000000,0x0000008409100000)]
  0x0000025b4caa8000 JavaThread "Common-Cleaner" daemon [_thread_blocked, id=5312, stack(0x0000008409100000,0x0000008409200000)]
  0x0000025b4d5bf000 JavaThread "Service Thread" daemon [_thread_blocked, id=14224, stack(0x0000008409200000,0x0000008409300000)]
  0x0000025b4e3b1000 JavaThread "RMI TCP Accept-0" daemon [_thread_in_native, id=14064, stack(0x0000008409400000,0x0000008409500000)]
  0x0000025b4e3bc000 JavaThread "RMI TCP Accept-61130" daemon [_thread_in_native, id=10708, stack(0x0000008409500000,0x0000008409600000)]
  0x0000025b4e3d6000 JavaThread "RMI TCP Accept-0" daemon [_thread_in_native, id=9968, stack(0x0000008409600000,0x0000008409700000)]
  0x0000025b4e580000 JavaThread "RMI TCP Connection(idle)" daemon [_thread_blocked, id=12980, stack(0x0000008409800000,0x0000008409900000)]
  0x0000025b4e6b6800 JavaThread "RMI Scheduler(0)" daemon [_thread_blocked, id=12888, stack(0x0000008409900000,0x0000008409a00000)]
  0x0000025b4e6bc800 JavaThread "RMI TCP Connection(7)-127.0.0.1" daemon [_thread_in_native, id=9348, stack(0x0000008409a00000,0x0000008409b00000)]
  0x0000025b4e6b7800 JavaThread "JMX server connection timeout 19" daemon [_thread_blocked, id=10988, stack(0x0000008409b00000,0x0000008409c00000)]
  0x0000025b53065000 JavaThread "http-nio-8080-Acceptor" daemon [_thread_blocked, id=13376, stack(0x000000840b100000,0x000000840b200000)]
  0x0000025b53066800 JavaThread "RMI TCP Connection(idle)" daemon [_thread_blocked, id=15056, stack(0x000000840b300000,0x000000840b400000)]
  0x0000025b53061000 JavaThread "RMI TCP Connection(idle)" daemon [_thread_blocked, id=15020, stack(0x000000840b400000,0x000000840b500000)]
  0x0000025b53067800 JavaThread "RMI TCP Connection(8)-127.0.0.1" daemon [_thread_in_native, id=3244, stack(0x000000840b600000,0x000000840b700000)]
  0x0000025b53068000 JavaThread "RMI TCP Connection(idle)" daemon [_thread_blocked, id=12792, stack(0x000000840b800000,0x000000840b900000)]
  0x0000025b53061800 JavaThread "JMX server connection timeout 52" daemon [_thread_blocked, id=8876, stack(0x0000008408100000,0x0000008408200000)]

Other Threads:
  0x0000025b2da94800 GCTaskThread "GC Thread#0" [stack: 0x0000008408500000,0x0000008408600000] [id=4404]
  0x0000025b4d7ee000 GCTaskThread "GC Thread#1" [stack: 0x0000008409300000,0x0000008409400000] [id=7612]
  0x0000025b4ea19800 GCTaskThread "GC Thread#2" [stack: 0x0000008409d00000,0x0000008409e00000] [id=13000]
  0x0000025b4ea0f000 GCTaskThread "GC Thread#3" [stack: 0x0000008409e00000,0x0000008409f00000] [id=11492]
  0x0000025b2da9f000 ConcurrentGCThread "G1 Main Marker" [stack: 0x0000008408600000,0x0000008408700000] [id=13308]
  0x0000025b2daa1000 ConcurrentGCThread "G1 Conc#0" [stack: 0x0000008408700000,0x0000008408800000] [id=15268]
  0x0000025b4c93e800 ConcurrentGCThread "G1 Refine#0" [stack: 0x0000008408800000,0x0000008408900000] [id=14000]
  0x0000025b4c93f800 ConcurrentGCThread "G1 Young RemSet Sampling" [stack: 0x0000008408900000,0x0000008408a00000] [id=5400]

=>0x0000025b53065800 (exited) JavaThread "DestroyJavaVM" [_thread_in_vm, id=7184, stack(0x0000008408400000,0x0000008408500000)]

Threads with active compile tasks:

VM state:at safepoint (shutting down)

VM Mutex/Monitor currently owned by a thread:  ([mutex/lock_event])
[0x0000025b2da5cdc0] Threads_lock - owner thread: 0x0000025b4cabd000

Heap address: 0x00000000a1200000, size: 1518 MB, Compressed Oops mode: 32-bit
Narrow klass base: 0x0000000800000000, Narrow klass shift: 3
Compressed class space size: 1073741824 Address: 0x00000008011a0000

Heap:
 garbage-first heap   total 144384K, used 66606K [0x00000000a1200000, 0x0000000100000000)
  region size 1024K, 31 young (31744K), 7 survivors (7168K)
 Metaspace       used 60096K, capacity 61762K, committed 61980K, reserved 1101824K
  class space    used 8192K, capacity 8839K, committed 8908K, reserved 1048576K
Heap Regions: E=young(eden), S=young(survivor), O=old, HS=humongous(starts), HC=humongous(continues), CS=collection set, F=free, A=archive, TAMS=top-at-mark-start (previous, next)
|   0|0x00000000a1200000, 0x00000000a1300000, 0x00000000a1300000|100%|HS|  |TAMS 0x00000000a1300000, 0x00000000a1200000| Complete 
|   1|0x00000000a1300000, 0x00000000a1400000, 0x00000000a1400000|100%| O|  |TAMS 0x00000000a1400000, 0x00000000a1300000| Untracked 
|   2|0x00000000a1400000, 0x00000000a1500000, 0x00000000a1500000|100%| O|  |TAMS 0x00000000a1500000, 0x00000000a1400000| Untracked 
|   3|0x00000000a1500000, 0x00000000a1600000, 0x00000000a1600000|100%| O|  |TAMS 0x00000000a1600000, 0x00000000a1500000| Untracked 
|   4|0x00000000a1600000, 0x00000000a1700000, 0x00000000a1700000|100%| O|  |TAMS 0x00000000a1700000, 0x00000000a1600000| Untracked 
|   5|0x00000000a1700000, 0x00000000a1800000, 0x00000000a1800000|100%| O|  |TAMS 0x00000000a1800000, 0x00000000a1700000| Untracked 
|   6|0x00000000a1800000, 0x00000000a1900000, 0x00000000a1900000|100%| O|  |TAMS 0x00000000a1900000, 0x00000000a1800000| Untracked 
|   7|0x00000000a1900000, 0x00000000a1a00000, 0x00000000a1a00000|100%| O|  |TAMS 0x00000000a1a00000, 0x00000000a1900000| Untracked 
|   8|0x00000000a1a00000, 0x00000000a1b00000, 0x00000000a1b00000|100%| O|  |TAMS 0x00000000a1b00000, 0x00000000a1a00000| Untracked 
|   9|0x00000000a1b00000, 0x00000000a1c00000, 0x00000000a1c00000|100%| O|  |TAMS 0x00000000a1c00000, 0x00000000a1b00000| Untracked 
|  10|0x00000000a1c00000, 0x00000000a1d00000, 0x00000000a1d00000|100%|HS|  |TAMS 0x00000000a1d00000, 0x00000000a1c00000| Complete 
|  11|0x00000000a1d00000, 0x00000000a1e00000, 0x00000000a1e00000|100%| O|  |TAMS 0x00000000a1e00000, 0x00000000a1d00000| Untracked 
|  12|0x00000000a1e00000, 0x00000000a1f00000, 0x00000000a1f00000|100%| O|  |TAMS 0x00000000a1f00000, 0x00000000a1e00000| Untracked 
|  13|0x00000000a1f00000, 0x00000000a2000000, 0x00000000a2000000|100%| O|  |TAMS 0x00000000a2000000, 0x00000000a1f00000| Untracked 
|  14|0x00000000a2000000, 0x00000000a2100000, 0x00000000a2100000|100%| O|  |TAMS 0x00000000a2100000, 0x00000000a2000000| Untracked 
|  15|0x00000000a2100000, 0x00000000a2200000, 0x00000000a2200000|100%| O|  |TAMS 0x00000000a2200000, 0x00000000a2100000| Untracked 
|  16|0x00000000a2200000, 0x00000000a2300000, 0x00000000a2300000|100%| O|  |TAMS 0x00000000a2300000, 0x00000000a2200000| Untracked 
|  17|0x00000000a2300000, 0x00000000a2400000, 0x00000000a2400000|100%| O|  |TAMS 0x00000000a2400000, 0x00000000a2300000| Untracked 
|  18|0x00000000a2400000, 0x00000000a24f7c00, 0x00000000a2500000| 96%| O|  |TAMS 0x00000000a24f7c00, 0x00000000a2400000| Untracked 
|  19|0x00000000a2500000, 0x00000000a2600000, 0x00000000a2600000|100%| O|  |TAMS 0x00000000a2600000, 0x00000000a2500000| Untracked 
|  20|0x00000000a2600000, 0x00000000a2700000, 0x00000000a2700000|100%| O|  |TAMS 0x00000000a2700000, 0x00000000a2600000| Untracked 
|  21|0x00000000a2700000, 0x00000000a2800000, 0x00000000a2800000|100%| O|  |TAMS 0x00000000a2800000, 0x00000000a2700000| Untracked 
|  22|0x00000000a2800000, 0x00000000a2900000, 0x00000000a2900000|100%| O|  |TAMS 0x00000000a2900000, 0x00000000a2800000| Untracked 
|  23|0x00000000a2900000, 0x00000000a2a00000, 0x00000000a2a00000|100%| O|  |TAMS 0x00000000a2a00000, 0x00000000a2900000| Untracked 
|  24|0x00000000a2a00000, 0x00000000a2b00000, 0x00000000a2b00000|100%| O|  |TAMS 0x00000000a2b00000, 0x00000000a2a00000| Untracked 
|  25|0x00000000a2b00000, 0x00000000a2c00000, 0x00000000a2c00000|100%| O|  |TAMS 0x00000000a2c00000, 0x00000000a2b00000| Untracked 
|  26|0x00000000a2c00000, 0x00000000a2d00000, 0x00000000a2d00000|100%| O|  |TAMS 0x00000000a2d00000, 0x00000000a2c00000| Untracked 
|  27|0x00000000a2d00000, 0x00000000a2e00000, 0x00000000a2e00000|100%| O|  |TAMS 0x00000000a2e00000, 0x00000000a2d00000| Untracked 
|  28|0x00000000a2e00000, 0x00000000a2e5e000, 0x00000000a2f00000| 36%| O|  |TAMS 0x00000000a2e5e000, 0x00000000a2e00000| Untracked 
|  29|0x00000000a2f00000, 0x00000000a3000000, 0x00000000a3000000|100%| O|  |TAMS 0x00000000a3000000, 0x00000000a2f00000| Untracked 
|  30|0x00000000a3000000, 0x00000000a3100000, 0x00000000a3100000|100%| O|  |TAMS 0x00000000a3100000, 0x00000000a3000000| Untracked 
|  31|0x00000000a3100000, 0x00000000a3200000, 0x00000000a3200000|100%| O|  |TAMS 0x00000000a31de800, 0x00000000a3100000| Untracked 
|  32|0x00000000a3200000, 0x00000000a3300000, 0x00000000a3300000|100%| O|  |TAMS 0x00000000a3200000, 0x00000000a3200000| Untracked 
|  33|0x00000000a3300000, 0x00000000a3400000, 0x00000000a3400000|100%| O|  |TAMS 0x00000000a3300000, 0x00000000a3300000| Untracked 
|  34|0x00000000a3400000, 0x00000000a3500000, 0x00000000a3500000|100%| O|  |TAMS 0x00000000a3400000, 0x00000000a3400000| Untracked 
|  35|0x00000000a3500000, 0x00000000a35b5e00, 0x00000000a3600000| 71%| O|  |TAMS 0x00000000a3500000, 0x00000000a3500000| Untracked 
|  36|0x00000000a3600000, 0x00000000a3600000, 0x00000000a3700000|  0%| F|  |TAMS 0x00000000a3600000, 0x00000000a3600000| Untracked 
|  37|0x00000000a3700000, 0x00000000a3700000, 0x00000000a3800000|  0%| F|  |TAMS 0x00000000a3700000, 0x00000000a3700000| Untracked 
|  38|0x00000000a3800000, 0x00000000a3800000, 0x00000000a3900000|  0%| F|  |TAMS 0x00000000a3800000, 0x00000000a3800000| Untracked 
|  39|0x00000000a3900000, 0x00000000a3900000, 0x00000000a3a00000|  0%| F|  |TAMS 0x00000000a3900000, 0x00000000a3900000| Untracked 
|  40|0x00000000a3a00000, 0x00000000a3a00000, 0x00000000a3b00000|  0%| F|  |TAMS 0x00000000a3a00000, 0x00000000a3a00000| Untracked 
|  41|0x00000000a3b00000, 0x00000000a3b00000, 0x00000000a3c00000|  0%| F|  |TAMS 0x00000000a3b00000, 0x00000000a3b00000| Untracked 
|  42|0x00000000a3c00000, 0x00000000a3c00000, 0x00000000a3d00000|  0%| F|  |TAMS 0x00000000a3c00000, 0x00000000a3c00000| Untracked 
|  43|0x00000000a3d00000, 0x00000000a3d00000, 0x00000000a3e00000|  0%| F|  |TAMS 0x00000000a3d00000, 0x00000000a3d00000| Untracked 
|  44|0x00000000a3e00000, 0x00000000a3e00000, 0x00000000a3f00000|  0%| F|  |TAMS 0x00000000a3e00000, 0x00000000a3e00000| Untracked 
|  45|0x00000000a3f00000, 0x00000000a3f00000, 0x00000000a4000000|  0%| F|  |TAMS 0x00000000a3f00000, 0x00000000a3f00000| Untracked 
|  46|0x00000000a4000000, 0x00000000a4000000, 0x00000000a4100000|  0%| F|  |TAMS 0x00000000a4000000, 0x00000000a4000000| Untracked 
|  47|0x00000000a4100000, 0x00000000a4100000, 0x00000000a4200000|  0%| F|  |TAMS 0x00000000a4100000, 0x00000000a4100000| Untracked 
|  48|0x00000000a4200000, 0x00000000a4200000, 0x00000000a4300000|  0%| F|  |TAMS 0x00000000a4200000, 0x00000000a4200000| Untracked 
|  49|0x00000000a4300000, 0x00000000a4300000, 0x00000000a4400000|  0%| F|  |TAMS 0x00000000a4300000, 0x00000000a4300000| Untracked 
|  50|0x00000000a4400000, 0x00000000a4400000, 0x00000000a4500000|  0%| F|  |TAMS 0x00000000a4400000, 0x00000000a4400000| Untracked 
|  51|0x00000000a4500000, 0x00000000a4500000, 0x00000000a4600000|  0%| F|  |TAMS 0x00000000a4500000, 0x00000000a4500000| Untracked 
|  52|0x00000000a4600000, 0x00000000a4600000, 0x00000000a4700000|  0%| F|  |TAMS 0x00000000a4600000, 0x00000000a4600000| Untracked 
|  53|0x00000000a4700000, 0x00000000a4700000, 0x00000000a4800000|  0%| F|  |TAMS 0x00000000a4700000, 0x00000000a4700000| Untracked 
|  54|0x00000000a4800000, 0x00000000a4800000, 0x00000000a4900000|  0%| F|  |TAMS 0x00000000a4800000, 0x00000000a4800000| Untracked 
|  55|0x00000000a4900000, 0x00000000a4900000, 0x00000000a4a00000|  0%| F|  |TAMS 0x00000000a4900000, 0x00000000a4900000| Untracked 
|  56|0x00000000a4a00000, 0x00000000a4a00000, 0x00000000a4b00000|  0%| F|  |TAMS 0x00000000a4a00000, 0x00000000a4a00000| Untracked 
|  57|0x00000000a4b00000, 0x00000000a4b00000, 0x00000000a4c00000|  0%| F|  |TAMS 0x00000000a4b00000, 0x00000000a4b00000| Untracked 
|  58|0x00000000a4c00000, 0x00000000a4d00000, 0x00000000a4d00000|100%| S|CS|TAMS 0x00000000a4c00000, 0x00000000a4c00000| Complete 
|  59|0x00000000a4d00000, 0x00000000a4e00000, 0x00000000a4e00000|100%| S|CS|TAMS 0x00000000a4d00000, 0x00000000a4d00000| Complete 
|  60|0x00000000a4e00000, 0x00000000a4f00000, 0x00000000a4f00000|100%| S|CS|TAMS 0x00000000a4e00000, 0x00000000a4e00000| Complete 
|  61|0x00000000a4f00000, 0x00000000a5000000, 0x00000000a5000000|100%| S|CS|TAMS 0x00000000a4f00000, 0x00000000a4f00000| Complete 
|  62|0x00000000a5000000, 0x00000000a5100000, 0x00000000a5100000|100%| S|CS|TAMS 0x00000000a5000000, 0x00000000a5000000| Complete 
|  63|0x00000000a5100000, 0x00000000a5200000, 0x00000000a5200000|100%| S|CS|TAMS 0x00000000a5100000, 0x00000000a5100000| Complete 
|  64|0x00000000a5200000, 0x00000000a5300000, 0x00000000a5300000|100%| S|CS|TAMS 0x00000000a5200000, 0x00000000a5200000| Complete 
|  65|0x00000000a5300000, 0x00000000a5300000, 0x00000000a5400000|  0%| F|  |TAMS 0x00000000a5300000, 0x00000000a5300000| Untracked 
|  66|0x00000000a5400000, 0x00000000a5400000, 0x00000000a5500000|  0%| F|  |TAMS 0x00000000a5400000, 0x00000000a5400000| Untracked 
|  67|0x00000000a5500000, 0x00000000a5500000, 0x00000000a5600000|  0%| F|  |TAMS 0x00000000a5500000, 0x00000000a5500000| Untracked 
|  68|0x00000000a5600000, 0x00000000a5600000, 0x00000000a5700000|  0%| F|  |TAMS 0x00000000a5600000, 0x00000000a5600000| Untracked 
|  69|0x00000000a5700000, 0x00000000a5700000, 0x00000000a5800000|  0%| F|  |TAMS 0x00000000a5700000, 0x00000000a5700000| Untracked 
|  70|0x00000000a5800000, 0x00000000a5800000, 0x00000000a5900000|  0%| F|  |TAMS 0x00000000a5800000, 0x00000000a5800000| Untracked 
|  71|0x00000000a5900000, 0x00000000a5900000, 0x00000000a5a00000|  0%| F|  |TAMS 0x00000000a5900000, 0x00000000a5900000| Untracked 
|  72|0x00000000a5a00000, 0x00000000a5a00000, 0x00000000a5b00000|  0%| F|  |TAMS 0x00000000a5a00000, 0x00000000a5a00000| Untracked 
|  73|0x00000000a5b00000, 0x00000000a5b00000, 0x00000000a5c00000|  0%| F|  |TAMS 0x00000000a5b00000, 0x00000000a5b00000| Untracked 
|  74|0x00000000a5c00000, 0x00000000a5c00000, 0x00000000a5d00000|  0%| F|  |TAMS 0x00000000a5c00000, 0x00000000a5c00000| Untracked 
|  75|0x00000000a5d00000, 0x00000000a5d00000, 0x00000000a5e00000|  0%| F|  |TAMS 0x00000000a5d00000, 0x00000000a5d00000| Untracked 
|  76|0x00000000a5e00000, 0x00000000a5e00000, 0x00000000a5f00000|  0%| F|  |TAMS 0x00000000a5e00000, 0x00000000a5e00000| Untracked 
|  77|0x00000000a5f00000, 0x00000000a5f00000, 0x00000000a6000000|  0%| F|  |TAMS 0x00000000a5f00000, 0x00000000a5f00000| Untracked 
|  78|0x00000000a6000000, 0x00000000a6000000, 0x00000000a6100000|  0%| F|  |TAMS 0x00000000a6000000, 0x00000000a6000000| Untracked 
|  79|0x00000000a6100000, 0x00000000a6100000, 0x00000000a6200000|  0%| F|  |TAMS 0x00000000a6100000, 0x00000000a6100000| Untracked 
|  80|0x00000000a6200000, 0x00000000a6200000, 0x00000000a6300000|  0%| F|  |TAMS 0x00000000a6200000, 0x00000000a6200000| Untracked 
|  81|0x00000000a6300000, 0x00000000a6300000, 0x00000000a6400000|  0%| F|  |TAMS 0x00000000a6300000, 0x00000000a6300000| Untracked 
|  82|0x00000000a6400000, 0x00000000a6400000, 0x00000000a6500000|  0%| F|  |TAMS 0x00000000a6400000, 0x00000000a6400000| Untracked 
|  83|0x00000000a6500000, 0x00000000a6500000, 0x00000000a6600000|  0%| F|  |TAMS 0x00000000a6500000, 0x00000000a6500000| Untracked 
|  84|0x00000000a6600000, 0x00000000a6600000, 0x00000000a6700000|  0%| F|  |TAMS 0x00000000a6600000, 0x00000000a6600000| Untracked 
|  85|0x00000000a6700000, 0x00000000a6700000, 0x00000000a6800000|  0%| F|  |TAMS 0x00000000a6700000, 0x00000000a6700000| Untracked 
|  86|0x00000000a6800000, 0x00000000a6800000, 0x00000000a6900000|  0%| F|  |TAMS 0x00000000a6800000, 0x00000000a6800000| Untracked 
|  87|0x00000000a6900000, 0x00000000a6900000, 0x00000000a6a00000|  0%| F|  |TAMS 0x00000000a6900000, 0x00000000a6900000| Untracked 
|  88|0x00000000a6a00000, 0x00000000a6a00000, 0x00000000a6b00000|  0%| F|  |TAMS 0x00000000a6a00000, 0x00000000a6a00000| Untracked 
|  89|0x00000000a6b00000, 0x00000000a6b00000, 0x00000000a6c00000|  0%| F|  |TAMS 0x00000000a6b00000, 0x00000000a6b00000| Untracked 
|  90|0x00000000a6c00000, 0x00000000a6c00000, 0x00000000a6d00000|  0%| F|  |TAMS 0x00000000a6c00000, 0x00000000a6c00000| Untracked 
|  91|0x00000000a6d00000, 0x00000000a6d00000, 0x00000000a6e00000|  0%| F|  |TAMS 0x00000000a6d00000, 0x00000000a6d00000| Untracked 
|  92|0x00000000a6e00000, 0x00000000a6e00000, 0x00000000a6f00000|  0%| F|  |TAMS 0x00000000a6e00000, 0x00000000a6e00000| Untracked 
|  93|0x00000000a6f00000, 0x00000000a6f00000, 0x00000000a7000000|  0%| F|  |TAMS 0x00000000a6f00000, 0x00000000a6f00000| Untracked 
|  94|0x00000000a7000000, 0x00000000a7000000, 0x00000000a7100000|  0%| F|  |TAMS 0x00000000a7000000, 0x00000000a7000000| Untracked 
|  95|0x00000000a7100000, 0x00000000a7100000, 0x00000000a7200000|  0%| F|  |TAMS 0x00000000a7100000, 0x00000000a7100000| Untracked 
|  96|0x00000000a7200000, 0x00000000a7200000, 0x00000000a7300000|  0%| F|  |TAMS 0x00000000a7200000, 0x00000000a7200000| Untracked 
|  97|0x00000000a7300000, 0x00000000a7300000, 0x00000000a7400000|  0%| F|  |TAMS 0x00000000a7300000, 0x00000000a7300000| Untracked 
|  98|0x00000000a7400000, 0x00000000a7400000, 0x00000000a7500000|  0%| F|  |TAMS 0x00000000a7400000, 0x00000000a7400000| Untracked 
|  99|0x00000000a7500000, 0x00000000a7500000, 0x00000000a7600000|  0%| F|  |TAMS 0x00000000a7500000, 0x00000000a7500000| Untracked 
| 100|0x00000000a7600000, 0x00000000a7600000, 0x00000000a7700000|  0%| F|  |TAMS 0x00000000a7600000, 0x00000000a7600000| Untracked 
| 101|0x00000000a7700000, 0x00000000a7700000, 0x00000000a7800000|  0%| F|  |TAMS 0x00000000a7700000, 0x00000000a7700000| Untracked 
| 102|0x00000000a7800000, 0x00000000a7800000, 0x00000000a7900000|  0%| F|  |TAMS 0x00000000a7800000, 0x00000000a7800000| Untracked 
| 103|0x00000000a7900000, 0x00000000a7900000, 0x00000000a7a00000|  0%| F|  |TAMS 0x00000000a7900000, 0x00000000a7900000| Untracked 
| 104|0x00000000a7a00000, 0x00000000a7a00000, 0x00000000a7b00000|  0%| F|  |TAMS 0x00000000a7a00000, 0x00000000a7a00000| Untracked 
| 105|0x00000000a7b00000, 0x00000000a7b00000, 0x00000000a7c00000|  0%| F|  |TAMS 0x00000000a7b00000, 0x00000000a7b00000| Untracked 
| 106|0x00000000a7c00000, 0x00000000a7c00000, 0x00000000a7d00000|  0%| F|  |TAMS 0x00000000a7c00000, 0x00000000a7c00000| Untracked 
| 107|0x00000000a7d00000, 0x00000000a7d00000, 0x00000000a7e00000|  0%| F|  |TAMS 0x00000000a7d00000, 0x00000000a7d00000| Untracked 
| 108|0x00000000a7e00000, 0x00000000a7e00000, 0x00000000a7f00000|  0%| F|  |TAMS 0x00000000a7e00000, 0x00000000a7e00000| Untracked 
| 109|0x00000000a7f00000, 0x00000000a7f00000, 0x00000000a8000000|  0%| F|  |TAMS 0x00000000a7f00000, 0x00000000a7f00000| Untracked 
| 110|0x00000000a8000000, 0x00000000a8000000, 0x00000000a8100000|  0%| F|  |TAMS 0x00000000a8000000, 0x00000000a8000000| Untracked 
| 111|0x00000000a8100000, 0x00000000a8100000, 0x00000000a8200000|  0%| F|  |TAMS 0x00000000a8100000, 0x00000000a8100000| Untracked 
| 112|0x00000000a8200000, 0x00000000a8200000, 0x00000000a8300000|  0%| F|  |TAMS 0x00000000a8200000, 0x00000000a8200000| Untracked 
| 113|0x00000000a8300000, 0x00000000a8300000, 0x00000000a8400000|  0%| F|  |TAMS 0x00000000a8300000, 0x00000000a8300000| Untracked 
| 114|0x00000000a8400000, 0x00000000a8400000, 0x00000000a8500000|  0%| F|  |TAMS 0x00000000a8400000, 0x00000000a8400000| Untracked 
| 115|0x00000000a8500000, 0x00000000a8500000, 0x00000000a8600000|  0%| F|  |TAMS 0x00000000a8500000, 0x00000000a8500000| Untracked 
| 116|0x00000000a8600000, 0x00000000a8600000, 0x00000000a8700000|  0%| F|  |TAMS 0x00000000a8600000, 0x00000000a8600000| Untracked 
| 117|0x00000000a8700000, 0x00000000a87e4d38, 0x00000000a8800000| 89%| E|  |TAMS 0x00000000a8700000, 0x00000000a8700000| Complete 
| 118|0x00000000a8800000, 0x00000000a8900000, 0x00000000a8900000|100%| E|CS|TAMS 0x00000000a8800000, 0x00000000a8800000| Complete 
| 119|0x00000000a8900000, 0x00000000a8a00000, 0x00000000a8a00000|100%| E|CS|TAMS 0x00000000a8900000, 0x00000000a8900000| Complete 
| 120|0x00000000a8a00000, 0x00000000a8b00000, 0x00000000a8b00000|100%| E|CS|TAMS 0x00000000a8a00000, 0x00000000a8a00000| Complete 
| 121|0x00000000a8b00000, 0x00000000a8c00000, 0x00000000a8c00000|100%| E|CS|TAMS 0x00000000a8b00000, 0x00000000a8b00000| Complete 
| 122|0x00000000a8c00000, 0x00000000a8d00000, 0x00000000a8d00000|100%| E|CS|TAMS 0x00000000a8c00000, 0x00000000a8c00000| Complete 
| 123|0x00000000a8d00000, 0x00000000a8e00000, 0x00000000a8e00000|100%| E|CS|TAMS 0x00000000a8d00000, 0x00000000a8d00000| Complete 
| 124|0x00000000a8e00000, 0x00000000a8f00000, 0x00000000a8f00000|100%| E|CS|TAMS 0x00000000a8e00000, 0x00000000a8e00000| Complete 
| 125|0x00000000a8f00000, 0x00000000a9000000, 0x00000000a9000000|100%| E|CS|TAMS 0x00000000a8f00000, 0x00000000a8f00000| Complete 
| 126|0x00000000a9000000, 0x00000000a9100000, 0x00000000a9100000|100%| E|CS|TAMS 0x00000000a9000000, 0x00000000a9000000| Complete 
| 127|0x00000000a9100000, 0x00000000a9200000, 0x00000000a9200000|100%| E|CS|TAMS 0x00000000a9100000, 0x00000000a9100000| Complete 
| 128|0x00000000a9200000, 0x00000000a9300000, 0x00000000a9300000|100%| E|CS|TAMS 0x00000000a9200000, 0x00000000a9200000| Complete 
| 129|0x00000000a9300000, 0x00000000a9400000, 0x00000000a9400000|100%| E|CS|TAMS 0x00000000a9300000, 0x00000000a9300000| Complete 
| 130|0x00000000a9400000, 0x00000000a9500000, 0x00000000a9500000|100%| E|CS|TAMS 0x00000000a9400000, 0x00000000a9400000| Complete 
| 131|0x00000000a9500000, 0x00000000a9600000, 0x00000000a9600000|100%| E|CS|TAMS 0x00000000a9500000, 0x00000000a9500000| Complete 
| 132|0x00000000a9600000, 0x00000000a9700000, 0x00000000a9700000|100%| E|CS|TAMS 0x00000000a9600000, 0x00000000a9600000| Complete 
| 133|0x00000000a9700000, 0x00000000a9800000, 0x00000000a9800000|100%| E|CS|TAMS 0x00000000a9700000, 0x00000000a9700000| Complete 
| 134|0x00000000a9800000, 0x00000000a9900000, 0x00000000a9900000|100%| E|CS|TAMS 0x00000000a9800000, 0x00000000a9800000| Complete 
| 135|0x00000000a9900000, 0x00000000a9a00000, 0x00000000a9a00000|100%| E|CS|TAMS 0x00000000a9900000, 0x00000000a9900000| Complete 
| 136|0x00000000a9a00000, 0x00000000a9b00000, 0x00000000a9b00000|100%| E|CS|TAMS 0x00000000a9a00000, 0x00000000a9a00000| Complete 
| 137|0x00000000a9b00000, 0x00000000a9c00000, 0x00000000a9c00000|100%| E|CS|TAMS 0x00000000a9b00000, 0x00000000a9b00000| Complete 
| 138|0x00000000a9c00000, 0x00000000a9d00000, 0x00000000a9d00000|100%| E|CS|TAMS 0x00000000a9c00000, 0x00000000a9c00000| Complete 
| 139|0x00000000a9d00000, 0x00000000a9e00000, 0x00000000a9e00000|100%| E|CS|TAMS 0x00000000a9d00000, 0x00000000a9d00000| Complete 
| 140|0x00000000a9e00000, 0x00000000a9f00000, 0x00000000a9f00000|100%| E|CS|TAMS 0x00000000a9e00000, 0x00000000a9e00000| Complete 

Card table byte_map: [0x0000025b46f30000,0x0000025b47230000] _byte_map_base: 0x0000025b46a27000

Marking Bits (Prev, Next): (CMBitMap*) 0x0000025b2da95538, (CMBitMap*) 0x0000025b2da954f8
 Prev Bits: [0x0000025b48cf0000, 0x0000025b4a4a8000)
 Next Bits: [0x0000025b47530000, 0x0000025b48ce8000)

Polling page: 0x0000025b2d820000

Metaspace:

Usage:
  Non-class:     51.68 MB capacity,    50.69 MB ( 98%) used,   821.86 KB (  2%) free+waste,   197.81 KB ( <1%) overhead. 
      Class:      8.63 MB capacity,     8.00 MB ( 93%) used,   550.61 KB (  6%) free+waste,    95.56 KB (  1%) overhead. 
       Both:     60.31 MB capacity,    58.69 MB ( 97%) used,     1.34 MB (  2%) free+waste,   293.38 KB ( <1%) overhead. 

Virtual space:
  Non-class space:       52.00 MB reserved,      51.83 MB (>99%) committed 
      Class space:        1.00 GB reserved,       8.70 MB ( <1%) committed 
             Both:        1.05 GB reserved,      60.53 MB (  6%) committed 

Chunk freelists:
   Non-Class:  128 bytes
       Class:  128 bytes
        Both:  256 bytes

CodeHeap 'non-profiled nmethods': size=238912Kb used=10947Kb max_used=10947Kb free=227964Kb
 bounds [0x0000025b37cc0000, 0x0000025b38780000, 0x0000025b46610000]
CodeHeap 'non-nmethods': size=6848Kb used=1263Kb max_used=1263Kb free=5584Kb
 bounds [0x0000025b37610000, 0x0000025b37880000, 0x0000025b37cc0000]
 total_blobs=6886 nmethods=6219 adapters=550
 compilation: enabled
              stopped_count=0, restarted_count=0
 full_count=0

Compilation events (10 events):
Event: 64.982 Thread 0x0000025b4cadf000 6242       1       org.apache.catalina.LifecycleEvent::<init> (16 bytes)
Event: 64.983 Thread 0x0000025b4cadf000 nmethod 6242 0x0000025b3876ef10 code [0x0000025b3876f0e0, 0x0000025b3876f410]
Event: 64.987 Thread 0x0000025b4cadf000 6243  s    1       org.apache.catalina.util.LifecycleBase::setStateInternal (144 bytes)
Event: 64.988 Thread 0x0000025b4cadf000 nmethod 6243 0x0000025b3876f510 code [0x0000025b3876f760, 0x0000025b3876fff0]
Event: 64.988 Thread 0x0000025b4cadf000 6244       1       jdk.internal.misc.Unsafe::weakCompareAndSetLong (11 bytes)
Event: 64.988 Thread 0x0000025b4cadf000 nmethod 6244 0x0000025b38770310 code [0x0000025b387704c0, 0x0000025b38770618]
Event: 64.988 Thread 0x0000025b4cadf000 6245       1       org.apache.catalina.util.LifecycleBase::getState (5 bytes)
Event: 64.988 Thread 0x0000025b4cadf000 nmethod 6245 0x0000025b38770690 code [0x0000025b38770840, 0x0000025b38770978]
Event: 64.988 Thread 0x0000025b4cadf000 6246       1       javax.management.ObjectName::getCanonicalKeyPropertyListString (44 bytes)
Event: 64.989 Thread 0x0000025b4cadf000 nmethod 6246 0x0000025b38770a10 code [0x0000025b38770be0, 0x0000025b38770dd0]

GC Heap History (10 events):
Event: 5.501 GC heap before
{Heap before GC invocations=13 (full 0):
 garbage-first heap   total 110592K, used 76300K [0x00000000a1200000, 0x0000000100000000)
  region size 1024K, 51 young (52224K), 6 survivors (6144K)
 Metaspace       used 34711K, capacity 35807K, committed 35964K, reserved 1081344K
  class space    used 4582K, capacity 5026K, committed 5120K, reserved 1048576K
}
Event: 5.516 GC heap after
{Heap after GC invocations=14 (full 0):
 garbage-first heap   total 141312K, used 32599K [0x00000000a1200000, 0x0000000100000000)
  region size 1024K, 4 young (4096K), 4 survivors (4096K)
 Metaspace       used 34711K, capacity 35807K, committed 35964K, reserved 1081344K
  class space    used 4582K, capacity 5026K, committed 5120K, reserved 1048576K
}
Event: 7.522 GC heap before
{Heap before GC invocations=15 (full 0):
 garbage-first heap   total 119808K, used 96087K [0x00000000a1200000, 0x0000000100000000)
  region size 1024K, 67 young (68608K), 4 survivors (4096K)
 Metaspace       used 42593K, capacity 43775K, committed 44028K, reserved 1087488K
  class space    used 5731K, capacity 6188K, committed 6272K, reserved 1048576K
}
Event: 7.533 GC heap after
{Heap after GC invocations=16 (full 0):
 garbage-first heap   total 119808K, used 35077K [0x00000000a1200000, 0x0000000100000000)
  region size 1024K, 6 young (6144K), 6 survivors (6144K)
 Metaspace       used 42593K, capacity 43775K, committed 44028K, reserved 1087488K
  class space    used 5731K, capacity 6188K, committed 6272K, reserved 1048576K
}
Event: 9.681 GC heap before
{Heap before GC invocations=16 (full 0):
 garbage-first heap   total 119808K, used 89349K [0x00000000a1200000, 0x0000000100000000)
  region size 1024K, 59 young (60416K), 6 survivors (6144K)
 Metaspace       used 49224K, capacity 50497K, committed 50684K, reserved 1093632K
  class space    used 6726K, capacity 7198K, committed 7296K, reserved 1048576K
}
Event: 9.693 GC heap after
{Heap after GC invocations=17 (full 0):
 garbage-first heap   total 119808K, used 36304K [0x00000000a1200000, 0x0000000100000000)
  region size 1024K, 5 young (5120K), 5 survivors (5120K)
 Metaspace       used 49224K, capacity 50497K, committed 50684K, reserved 1093632K
  class space    used 6726K, capacity 7198K, committed 7296K, reserved 1048576K
}
Event: 11.895 GC heap before
{Heap before GC invocations=17 (full 0):
 garbage-first heap   total 119808K, used 91600K [0x00000000a1200000, 0x0000000100000000)
  region size 1024K, 59 young (60416K), 5 survivors (5120K)
 Metaspace       used 54424K, capacity 55954K, committed 56060K, reserved 1097728K
  class space    used 7388K, capacity 7961K, committed 8064K, reserved 1048576K
}
Event: 11.908 GC heap after
{Heap after GC invocations=18 (full 0):
 garbage-first heap   total 119808K, used 39121K [0x00000000a1200000, 0x0000000100000000)
  region size 1024K, 7 young (7168K), 7 survivors (7168K)
 Metaspace       used 54424K, capacity 55954K, committed 56060K, reserved 1097728K
  class space    used 7388K, capacity 7961K, committed 8064K, reserved 1048576K
}
Event: 13.156 GC heap before
{Heap before GC invocations=18 (full 0):
 garbage-first heap   total 119808K, used 91345K [0x00000000a1200000, 0x0000000100000000)
  region size 1024K, 59 young (60416K), 7 survivors (7168K)
 Metaspace       used 58774K, capacity 60318K, committed 60368K, reserved 1101824K
  class space    used 7964K, capacity 8574K, committed 8576K, reserved 1048576K
}
Event: 13.176 GC heap after
{Heap after GC invocations=19 (full 0):
 garbage-first heap   total 144384K, used 43054K [0x00000000a1200000, 0x0000000100000000)
  region size 1024K, 7 young (7168K), 7 survivors (7168K)
 Metaspace       used 58774K, capacity 60318K, committed 60368K, reserved 1101824K
  class space    used 7964K, capacity 8574K, committed 8576K, reserved 1048576K
}

Deoptimization events (0 events):
No events

Classes redefined (0 events):
No events

Internal exceptions (10 events):
Event: 12.488 Thread 0x0000025b2da62000 Exception <a 'java/lang/ClassNotFoundException'{0x00000000a5f6c490}: org/springframework/data/convert/EntityWriterCustomizer> (0x00000000a5f6c490) thrown at [t:/workspace/open/src/hotspot/share/classfile/systemDictionary.cpp, line 235]
Event: 12.488 Thread 0x0000025b2da62000 Exception <a 'java/lang/ClassNotFoundException'{0x00000000a5f91918}: org/springframework/data/convert/EntityWriterCustomizer> (0x00000000a5f91918) thrown at [t:/workspace/open/src/hotspot/share/classfile/systemDictionary.cpp, line 235]
Event: 12.489 Thread 0x0000025b2da62000 Exception <a 'java/lang/ClassNotFoundException'{0x00000000a5fb6b30}: org/springframework/data/convert/EntityReaderCustomizer> (0x00000000a5fb6b30) thrown at [t:/workspace/open/src/hotspot/share/classfile/systemDictionary.cpp, line 235]
Event: 12.490 Thread 0x0000025b2da62000 Exception <a 'java/lang/ClassNotFoundException'{0x00000000a5fdee60}: org/springframework/beans/factory/InitializingBeanCustomizer> (0x00000000a5fdee60) thrown at [t:/workspace/open/src/hotspot/share/classfile/systemDictionary.cpp, line 235]
Event: 12.725 Thread 0x0000025b2da62000 Exception <a 'java/lang/NoSuchMethodError'{0x00000000a5dfdc08}: java.lang.invoke.DirectMethodHandle$Holder.invokeStaticInit(Ljava/lang/Object;Ljava/lang/Object;Ljava/lang/Object;Ljava/lang/Object;)I> (0x00000000a5dfdc08) thrown at [t:/workspace/open/src/h
Event: 12.759 Thread 0x0000025b2da62000 Exception <a 'sun/nio/fs/WindowsException'{0x00000000a5c2f8f8}> (0x00000000a5c2f8f8) thrown at [t:/workspace/open/src/hotspot/share/prims/jni.cpp, line 615]
Event: 13.429 Thread 0x0000025b2da62000 Exception <a 'java/lang/NoSuchMethodError'{0x00000000a9061bb0}: java.lang.invoke.DirectMethodHandle$Holder.invokeSpecial(Ljava/lang/Object;Ljava/lang/Object;)V> (0x00000000a9061bb0) thrown at [t:/workspace/open/src/hotspot/share/interpreter/linkResolver.c
Event: 13.429 Thread 0x0000025b2da62000 Exception <a 'java/lang/NoSuchMethodError'{0x00000000a90671d0}: java.lang.invoke.DirectMethodHandle$Holder.newInvokeSpecial(Ljava/lang/Object;I)Ljava/lang/Object;> (0x00000000a90671d0) thrown at [t:/workspace/open/src/hotspot/share/interpreter/linkResolve
Event: 64.646 Thread 0x0000025b50a1b000 Exception <a 'java/lang/InterruptedException'{0x00000000a8990710}: sleep interrupted> (0x00000000a8990710) thrown at [t:/workspace/open/src/hotspot/share/prims/jvm.cpp, line 3005]
Event: 64.986 Thread 0x0000025b50a18800 Exception <a 'java/lang/InterruptedException'{0x00000000a8722ba0}: sleep interrupted> (0x00000000a8722ba0) thrown at [t:/workspace/open/src/hotspot/share/prims/jvm.cpp, line 3005]

Events (10 events):
Event: 64.989 Executing VM operation: RevokeBias
Event: 64.990 Executing VM operation: RevokeBias done
Event: 64.990 Thread 0x0000025b50a19800 Thread exited: 0x0000025b50a19800
Event: 64.990 Executing VM operation: RevokeBias
Event: 64.990 Executing VM operation: RevokeBias done
Event: 64.991 Thread 0x0000025b5305a800 Thread added: 0x0000025b5305a800
Event: 64.992 Thread 0x0000025b50a15800 Thread exited: 0x0000025b50a15800
Event: 64.992 Thread 0x0000025b5305a800 Thread exited: 0x0000025b5305a800
Event: 64.993 Thread 0x0000025b53065800 Thread exited: 0x0000025b53065800
Event: 64.993 Thread 0x0000025b4cada000 Thread exited: 0x0000025b4cada000


Dynamic libraries:
0x00007ff694830000 - 0x00007ff69483f000 	C:\Program Files\Java\jdk-12.0.1\bin\javaw.exe
0x00007ff8454e0000 - 0x00007ff8456d0000 	C:\WINDOWS\SYSTEM32\ntdll.dll
0x00007ff844a60000 - 0x00007ff844b12000 	C:\WINDOWS\System32\KERNEL32.DLL
0x00007ff842dc0000 - 0x00007ff843063000 	C:\WINDOWS\System32\KERNELBASE.dll
0x00007ff840260000 - 0x00007ff8402ef000 	C:\WINDOWS\SYSTEM32\apphelp.dll
0x00007ffff8380000 - 0x00007ffff8812000 	C:\WINDOWS\SYSTEM32\AcLayers.DLL
0x00007ff8436d0000 - 0x00007ff84376e000 	C:\WINDOWS\System32\msvcrt.dll
0x00007ff844d60000 - 0x00007ff844ef4000 	C:\WINDOWS\System32\USER32.dll
0x00007ff843560000 - 0x00007ff843581000 	C:\WINDOWS\System32\win32u.dll
0x00007ff844bf0000 - 0x00007ff844c16000 	C:\WINDOWS\System32\GDI32.dll
0x00007ff8432a0000 - 0x00007ff843434000 	C:\WINDOWS\System32\gdi32full.dll
0x00007ff8431d0000 - 0x00007ff84326e000 	C:\WINDOWS\System32\msvcp_win.dll
0x00007ff843070000 - 0x00007ff84316a000 	C:\WINDOWS\System32\ucrtbase.dll
0x00007ff843ef0000 - 0x00007ff843f42000 	C:\WINDOWS\System32\SHLWAPI.dll
0x00007ff844f00000 - 0x00007ff845236000 	C:\WINDOWS\System32\combase.dll
0x00007ff8452e0000 - 0x00007ff845400000 	C:\WINDOWS\System32\RPCRT4.dll
0x00007ff842470000 - 0x00007ff8424f0000 	C:\WINDOWS\System32\bcryptPrimitives.dll
0x00007ff844720000 - 0x00007ff8447c3000 	C:\WINDOWS\System32\ADVAPI32.dll
0x00007ff845400000 - 0x00007ff845497000 	C:\WINDOWS\System32\sechost.dll
0x0000025b2d680000 - 0x0000025b2d683000 	C:\WINDOWS\SYSTEM32\sfc.dll
0x00007ff8396c0000 - 0x00007ff839749000 	C:\WINDOWS\SYSTEM32\WINSPOOL.DRV
0x00007ff842430000 - 0x00007ff842441000 	C:\WINDOWS\System32\kernel.appcore.dll
0x00007ff843270000 - 0x00007ff843296000 	C:\WINDOWS\System32\bcrypt.dll
0x00007ff83ea60000 - 0x00007ff83eb4f000 	C:\WINDOWS\SYSTEM32\PROPSYS.dll
0x00007ff844990000 - 0x00007ff844a54000 	C:\WINDOWS\System32\OLEAUT32.dll
0x00007ff843e40000 - 0x00007ff843ee9000 	C:\WINDOWS\System32\shcore.dll
0x00007ff8418d0000 - 0x00007ff84190a000 	C:\WINDOWS\SYSTEM32\IPHLPAPI.DLL
0x00007ff83bb50000 - 0x00007ff83bb61000 	C:\WINDOWS\SYSTEM32\sfc_os.DLL
0x00007ff8452b0000 - 0x00007ff8452de000 	C:\WINDOWS\System32\IMM32.DLL
0x00007ff836ee0000 - 0x00007ff836ef8000 	C:\Program Files\Java\jdk-12.0.1\bin\jli.dll
0x00007ff82c8a0000 - 0x00007ff82c8b6000 	C:\Program Files\Java\jdk-12.0.1\bin\VCRUNTIME140.dll
0x00007ff839430000 - 0x00007ff8396b5000 	C:\WINDOWS\WinSxS\amd64_microsoft.windows.common-controls_6595b64144ccf1df_6.0.18362.535_none_e6c3b34713100821\COMCTL32.dll
0x00007ff8399b0000 - 0x00007ff8399ba000 	C:\WINDOWS\SYSTEM32\VERSION.dll
0x00007ff82a2c0000 - 0x00007ff82a36a000 	C:\Program Files\Java\jdk-12.0.1\bin\msvcp140.dll
0x00007ffff3510000 - 0x00007ffff4084000 	C:\Program Files\Java\jdk-12.0.1\bin\server\jvm.dll
0x00007ff843f50000 - 0x00007ff843f58000 	C:\WINDOWS\System32\PSAPI.DLL
0x00007ff838e60000 - 0x00007ff838e84000 	C:\WINDOWS\SYSTEM32\WINMM.dll
0x00007ff840f10000 - 0x00007ff840f19000 	C:\WINDOWS\SYSTEM32\WSOCK32.dll
0x00007ff845240000 - 0x00007ff8452af000 	C:\WINDOWS\System32\WS2_32.dll
0x00007ff838d20000 - 0x00007ff838d4d000 	C:\WINDOWS\SYSTEM32\WINMMBASE.dll
0x00007ff8434f0000 - 0x00007ff84353a000 	C:\WINDOWS\System32\cfgmgr32.dll
0x00007ff82c880000 - 0x00007ff82c891000 	C:\Program Files\Java\jdk-12.0.1\bin\verify.dll
0x00007ff840c90000 - 0x00007ff840e84000 	C:\WINDOWS\SYSTEM32\DBGHELP.DLL
0x00007ff83a280000 - 0x00007ff83a2aa000 	C:\WINDOWS\SYSTEM32\dbgcore.DLL
0x00007ff82c850000 - 0x00007ff82c876000 	C:\Program Files\Java\jdk-12.0.1\bin\java.dll
0x00007ff82c830000 - 0x00007ff82c847000 	C:\Program Files\Java\jdk-12.0.1\bin\zip.dll
0x00007ff8398a0000 - 0x00007ff8398aa000 	C:\Program Files\Java\jdk-12.0.1\bin\jimage.dll
0x00007ff844030000 - 0x00007ff844715000 	C:\WINDOWS\System32\SHELL32.dll
0x00007ff8424f0000 - 0x00007ff842c6f000 	C:\WINDOWS\System32\windows.storage.dll
0x00007ff842450000 - 0x00007ff84246f000 	C:\WINDOWS\System32\profapi.dll
0x00007ff8423e0000 - 0x00007ff84242a000 	C:\WINDOWS\System32\powrprof.dll
0x00007ff8423b0000 - 0x00007ff8423c0000 	C:\WINDOWS\System32\UMPDC.dll
0x00007ff843540000 - 0x00007ff843557000 	C:\WINDOWS\System32\cryptsp.dll
0x00007ff82c810000 - 0x00007ff82c829000 	C:\Program Files\Java\jdk-12.0.1\bin\net.dll
0x00007ff83ccf0000 - 0x00007ff83cde0000 	C:\WINDOWS\SYSTEM32\WINHTTP.dll
0x00007ff83a9f0000 - 0x00007ff83abc6000 	C:\WINDOWS\SYSTEM32\urlmon.dll
0x00007ff834100000 - 0x00007ff8343a6000 	C:\WINDOWS\SYSTEM32\iertutil.dll
0x00007ff841d90000 - 0x00007ff841d9c000 	C:\WINDOWS\SYSTEM32\CRYPTBASE.DLL
0x00007ff841bc0000 - 0x00007ff841c27000 	C:\WINDOWS\system32\mswsock.dll
0x00007ff82c660000 - 0x00007ff82c673000 	C:\Program Files\Java\jdk-12.0.1\bin\nio.dll
0x00007ff839880000 - 0x00007ff839889000 	C:\Program Files\Java\jdk-12.0.1\bin\management.dll
0x00007ff837ed0000 - 0x00007ff837edc000 	C:\Program Files\Java\jdk-12.0.1\bin\management_ext.dll
0x00007ff83d0b0000 - 0x00007ff83d0c6000 	C:\WINDOWS\system32\napinsp.dll
0x00007ff837ee0000 - 0x00007ff837efa000 	C:\WINDOWS\system32\pnrpnsp.dll
0x00007ff841910000 - 0x00007ff8419da000 	C:\WINDOWS\SYSTEM32\DNSAPI.dll
0x00007ff844980000 - 0x00007ff844988000 	C:\WINDOWS\System32\NSI.dll
0x00007ff83ba30000 - 0x00007ff83ba3e000 	C:\WINDOWS\System32\winrnr.dll
0x00007ff83ca60000 - 0x00007ff83ca7c000 	C:\WINDOWS\system32\NLAapi.dll
0x00007ff8251e0000 - 0x00007ff8251f5000 	C:\WINDOWS\system32\wshbth.dll
0x00007ff838760000 - 0x00007ff83876a000 	C:\Windows\System32\rasadhlp.dll
0x00007ff83b760000 - 0x00007ff83b7d7000 	C:\WINDOWS\System32\fwpuclnt.dll
0x00007ff841730000 - 0x00007ff841763000 	C:\WINDOWS\system32\rsaenh.dll
0x00007ff8422d0000 - 0x00007ff8422f5000 	C:\WINDOWS\SYSTEM32\USERENV.dll
0x00007ff83b9f0000 - 0x00007ff83ba06000 	C:\WINDOWS\SYSTEM32\dhcpcsvc6.DLL
0x00007ff83c490000 - 0x00007ff83c4ac000 	C:\WINDOWS\SYSTEM32\dhcpcsvc.DLL
0x00007ff82c360000 - 0x00007ff82c387000 	C:\Program Files\Java\jdk-12.0.1\bin\sunec.dll

dbghelp: loaded successfully - version: 4.0.5 - missing functions: none
symbol engine: initialized successfully - sym options: 0x614 - pdb path: .;C:\Program Files\Java\jdk-12.0.1\bin;C:\WINDOWS\SYSTEM32;C:\WINDOWS\WinSxS\amd64_microsoft.windows.common-controls_6595b64144ccf1df_6.0.18362.535_none_e6c3b34713100821;C:\Program Files\Java\jdk-12.0.1\bin\server

VM Arguments:
jvm_args: -Dcom.sun.management.jmxremote -Dcom.sun.management.jmxremote.port=61130 -Dcom.sun.management.jmxremote.authenticate=false -Dcom.sun.management.jmxremote.ssl=false -Djava.rmi.server.hostname=localhost -Dspring.jmx.enabled=true -Dspring.application.admin.enabled=true -Xverify:none -XX:TieredStopAtLevel=1 -Dspring.boot.project.name=Father_Son_Daughter -Dfile.encoding=UTF-8 
java_command: com.example.demo.FatherSonDaughterApplication --spring.output.ansi.enabled=always
java_class_path (initial): C:\Users\PIYUSH004\Documents\workspace-spring-tool-suite-4-4.3.0.RELEASE\Father_Son_Daughter\target\classes;C:\Users\PIYUSH004\.m2\repository\com\google\code\gson\gson\2.8.5\gson-2.8.5.jar;C:\Users\PIYUSH004\.m2\repository\org\springframework\boot\spring-boot-starter-web\2.1.6.RELEASE\spring-boot-starter-web-2.1.6.RELEASE.jar;C:\Users\PIYUSH004\.m2\repository\org\springframework\boot\spring-boot-starter-json\2.1.6.RELEASE\spring-boot-starter-json-2.1.6.RELEASE.jar;C:\Users\PIYUSH004\.m2\repository\org\hibernate\validator\hibernate-validator\6.0.17.Final\hibernate-validator-6.0.17.Final.jar;C:\Users\PIYUSH004\.m2\repository\javax\validation\validation-api\2.0.1.Final\validation-api-2.0.1.Final.jar;C:\Users\PIYUSH004\.m2\repository\org\jboss\logging\jboss-logging\3.3.2.Final\jboss-logging-3.3.2.Final.jar;C:\Users\PIYUSH004\.m2\repository\org\springframework\spring-web\5.1.8.RELEASE\spring-web-5.1.8.RELEASE.jar;C:\Users\PIYUSH004\.m2\repository\org\springframework\spring-webmvc\5.1.8.RELEASE\spring-webmvc-5.1.8.RELEASE.jar;C:\Users\PIYUSH004\.m2\repository\org\springframework\spring-aop\5.1.8.RELEASE\spring-aop-5.1.8.RELEASE.jar;C:\Users\PIYUSH004\.m2\repository\org\springframework\spring-expression\5.1.8.RELEASE\spring-expression-5.1.8.RELEASE.jar;C:\Users\PIYUSH004\.m2\repository\org\springframework\boot\spring-boot-starter-data-solr\2.1.6.RELEASE\spring-boot-starter-data-solr-2.1.6.RELEASE.jar;C:\Users\PIYUSH004\.m2\repository\org\apache\solr\solr-solrj\7.7.2\solr-solrj-7.7.2.jar;C:\Users\PIYUSH004\.m2\repository\org\apache\commons\commons-math3\3.6.1\commons-math3-3.6.1.jar;C:\Users\PIYUSH004\.m2\repository\org\apache\httpcomponents\httpclient\4.5.9\httpclient-4.5.9.jar;C:\Users\PIYUSH004\.m2\repository\org\apache\httpcomponents\httpcore\4.4.11\httpcore-4.4.11.jar;C:\Users\PIYUSH004\.m2\repository\org\apache\zookeeper\zookeeper\3.4.14\zookeeper-3.4.14.jar;C:\Users\PIYUSH004\.m2\repository\org\codehaus\woodstox\stax2-api\3.1.4\stax2-api-
Launcher Type: SUN_STANDARD

[Global flags]
     bool BytecodeVerificationLocal                = false                                     {product} {command line}
     bool BytecodeVerificationRemote               = false                                     {product} {command line}
     intx CICompilerCount                          = 3                                         {product} {ergonomic}
     uint ConcGCThreads                            = 1                                         {product} {ergonomic}
     uint G1ConcRefinementThreads                  = 4                                         {product} {ergonomic}
   size_t G1HeapRegionSize                         = 1048576                                   {product} {ergonomic}
    uintx GCDrainStackTargetSize                   = 64                                        {product} {ergonomic}
   size_t InitialHeapSize                          = 100663296                                 {product} {ergonomic}
     bool ManagementServer                         = true                                      {product} {command line}
   size_t MarkStackSize                            = 4194304                                   {product} {ergonomic}
   size_t MaxHeapSize                              = 1591738368                                {product} {ergonomic}
   size_t MaxNewSize                               = 954204160                                 {product} {ergonomic}
   size_t MinHeapDeltaBytes                        = 1048576                                   {product} {ergonomic}
    uintx NonNMethodCodeHeapSize                   = 6973028                                {pd product} {ergonomic}
    uintx NonProfiledCodeHeapSize                  = 244685212                              {pd product} {ergonomic}
    uintx ProfiledCodeHeapSize                     = 0                                      {pd product} {ergonomic}
    uintx ReservedCodeCacheSize                    = 251658240                              {pd product} {ergonomic}
     bool SegmentedCodeCache                       = true                                      {product} {ergonomic}
     intx TieredStopAtLevel                        = 1                                         {product} {command line}
     bool UseCompressedClassPointers               = true                                 {lp64_product} {ergonomic}
     bool UseCompressedOops                        = true                                 {lp64_product} {ergonomic}
     bool UseG1GC                                  = true                                      {product} {ergonomic}
     bool UseLargePagesIndividualAllocation        = false                                  {pd product} {ergonomic}

Logging:
Log output configuration:
 #0: stdout all=warning uptime,level,tags
 #1: stderr all=off uptime,level,tags

Environment Variables:
PATH=C:/Program Files/Java/jre1.8.0_111/bin/server;C:/Program Files/Java/jre1.8.0_111/bin;C:/Program Files/Java/jre1.8.0_111/lib/amd64;C:\ProgramData\Oracle\Java\javapath;C:\Program Files (x86)\Intel\iCLS Client\;C:\Program Files\Intel\iCLS Client\;C:\WINDOWS\system32;C:\WINDOWS;C:\WINDOWS\System32\Wbem;C:\WINDOWS\System32\WindowsPowerShell\v1.0\;C:\Program Files (x86)\Intel\Intel(R) Management Engine Components\DAL;C:\Program Files\Intel\Intel(R) Management Engine Components\DAL;C:\Program Files (x86)\Intel\Intel(R) Management Engine Components\IPT;C:\Program Files\Intel\Intel(R) Management Engine Components\IPT;C:\Program Files (x86)\ATI Technologies\ATI.ACE\Core-Static;C:\WINDOWS\System32\OpenSSH\;C:\Program Files\MATLAB\R2019a\bin;C:\Program Files\nodejs\;C:\Program Files\Git\cmd;C:\Users\PIYUSH004\AppData\Local\Microsoft\WindowsApps;C:\Users\PIYUSH004\AppData\Roaming\npm;C:\Users\PIYUSH004\Downloads\sts-4.3.0.RELEASE;
USERNAME=PIYUSH004
OS=Windows_NT
PROCESSOR_IDENTIFIER=Intel64 Family 6 Model 61 Stepping 4, GenuineIntel



---------------  S Y S T E M  ---------------

OS: Windows 10 , 64 bit Build 18362 (10.0.18362.329)

CPU:total 4 (initial active 4) (2 cores per cpu, 2 threads per core) family 6 model 61 stepping 4, cmov, cx8, fxsr, mmx, sse, sse2, sse3, ssse3, sse4.1, sse4.2, popcnt, avx, avx2, aes, clmul, erms, 3dnowpref, lzcnt, ht, tsc, tscinvbit, bmi1, bmi2, adx, fma

Memory: 4k page, system-wide physical 6064M (937M free)
TotalPageFile size 11952M (AvailPageFile size 3487M)
current process WorkingSet (physical memory assigned to process): 276M, peak: 276M
current process commit charge ("private bytes"): 323M, peak: 325M

vm_info: Java HotSpot(TM) 64-Bit Server VM (12.0.1+12) for windows-amd64 JRE (12.0.1+12), built on Apr  2 2019 14:02:19 by "mach5one" with MS VC++ 15.5 (VS2017)

END.
